Command line:
   mips_isim_beh.exe
     -simmode  gui
     -simrunnum  0
     -socket  58572

Tue Nov 29 15:01:49 2022


 Elaboration Time: 0.046875 sec

 Current Memory Usage: 844.362 Meg

 Total Signals          : 156
 Total Nets             : 743
 Total Signal Drivers   : 66
 Total Blocks           : 12
 Total Primitive Blocks : 11
 Total Processes        : 78
 Total Traceable Variables  : 30
 Total Scalar Nets and Variables : 231484
Total Line Count : 136

 Total Simulation Time: 0.09375 sec

 Current Memory Usage: 844.362 Meg

Tue Nov 29 15:02:07 2022

