Command line:
   ALU_isim_beh.exe
     -simmode  gui
     -simrunnum  0
     -socket  53329

Mon Nov 21 21:37:36 2022


 Elaboration Time: 0.046875 sec

 Current Memory Usage: 844.071 Meg

 Total Signals          : 21
 Total Nets             : 121
 Total Signal Drivers   : 10
 Total Blocks           : 2
 Total Primitive Blocks : 2
 Total Processes        : 13
 Total Traceable Variables  : 23
 Total Scalar Nets and Variables : 330
Total Line Count : 35

 Total Simulation Time: 0.0625 sec

 Current Memory Usage: 844.071 Meg

Mon Nov 21 21:37:40 2022

