Running: C:\ISE\14.7\ISE_DS\ISE\bin\nt64\unwrapped\fuse.exe -intstyle ise -incremental -lib unisims_ver -lib unimacro_ver -lib xilinxcorelib_ver -lib secureip -o D:/Programing/BUAA-CO/P6/2022/P6_blink/mips_txt_isim_beh.exe -prj D:/Programing/BUAA-CO/P6/2022/P6_blink/mips_txt_beh.prj work.mips_txt work.glbl 
ISim P.20131013 (signature 0x7708f090)
Number of CPUs detected in this system: 16
Turning on mult-threading, number of parallel sub-compilation jobs: 32 
Determining compilation order of HDL files
Analyzing Verilog file "D:/Programing/BUAA-CO/P6/2022/P6_blink/W_REG.v" into library work
Analyzing Verilog file "D:/Programing/BUAA-CO/P6/2022/P6_blink/NPC.v" into library work
Analyzing Verilog file "D:/Programing/BUAA-CO/P6/2022/P6_blink/M_REG.v" into library work
Analyzing Verilog file "D:/Programing/BUAA-CO/P6/2022/P6_blink/MDU.v" into library work
Analyzing Verilog file "D:/Programing/BUAA-CO/P6/2022/P6_blink/IFU.v" into library work
Analyzing Verilog file "D:/Programing/BUAA-CO/P6/2022/P6_blink/GRF.v" into library work
Analyzing Verilog file "D:/Programing/BUAA-CO/P6/2022/P6_blink/E_REG.v" into library work
Analyzing Verilog file "D:/Programing/BUAA-CO/P6/2022/P6_blink/EXT.v" into library work
Analyzing Verilog file "D:/Programing/BUAA-CO/P6/2022/P6_blink/D_REG.v" into library work
Analyzing Verilog file "D:/Programing/BUAA-CO/P6/2022/P6_blink/Controller.v" into library work
Analyzing Verilog file "D:/Programing/BUAA-CO/P6/2022/P6_blink/CMP.v" into library work
Analyzing Verilog file "D:/Programing/BUAA-CO/P6/2022/P6_blink/ALU.v" into library work
Analyzing Verilog file "D:/Programing/BUAA-CO/P6/2022/P6_blink/mips.v" into library work
Analyzing Verilog file "D:/Programing/BUAA-CO/P6/2022/P6_blink/mips_tb.v" into library work
Analyzing Verilog file "C:/ISE/14.7/ISE_DS/ISE//verilog/src/glbl.v" into library work
Starting static elaboration
WARNING:HDLCompiler:1016 - "D:/Programing/BUAA-CO/P6/2022/P6_blink/mips.v" Line 208: Port shamt is not connected to this instance
WARNING:HDLCompiler:1016 - "D:/Programing/BUAA-CO/P6/2022/P6_blink/mips.v" Line 240: Port slt is not connected to this instance
WARNING:HDLCompiler:1016 - "D:/Programing/BUAA-CO/P6/2022/P6_blink/mips.v" Line 321: Port Imm16 is not connected to this instance
WARNING:HDLCompiler:1016 - "D:/Programing/BUAA-CO/P6/2022/P6_blink/mips.v" Line 391: Port shamt is not connected to this instance
WARNING:HDLCompiler:1016 - "D:/Programing/BUAA-CO/P6/2022/P6_blink/mips.v" Line 432: Port shamt is not connected to this instance
Completed static elaboration
Compiling module IFU
Compiling module D_REG
Compiling module Controller
Compiling module CMP
Compiling module NPC
Compiling module GRF
Compiling module EXT
Compiling module E_REG
Compiling module MDU
Compiling module ALU
Compiling module M_REG
Compiling module W_REG
Compiling module mips
Compiling module mips_txt
Compiling module glbl
Time Resolution for simulation is 1ps.
Compiled 15 Verilog Units
Built simulation executable D:/Programing/BUAA-CO/P6/2022/P6_blink/mips_txt_isim_beh.exe
Fuse Memory Usage: 32744 KB
Fuse CPU Usage: 734 ms
