ISim log file
Running: D:\Programing\BUAA-CO\P6\2022\P6_blink\mips_txt_isim_beh.exe -intstyle ise -gui -tclbatch isim.cmd -wdb D:/Programing/BUAA-CO/P6/2022/P6_blink/mips_txt_isim_beh.wdb 
ISim P.20131013 (signature 0x7708f090)
WARNING: A WEBPACK license was found.
WARNING: Please use Xilinx License Configuration Manager to check out a full ISim license.
WARNING: ISim will run in Lite mode. Please refer to the ISim documentation for more information on the differences between the Lite and the Full version.
This is a Lite version of ISim.
Time resolution is 1 ps
# onerror resume
# wave add /
# run 1000 ns
Simulator is doing circuit initialization process.
Finished circuit initialization process.
                  42@00003004: $ 1 <= 0000123a
                  46@00003008: $ 2 <= 000025fb
                  50@0000300c: $ 3 <= 0000220d
                  54@00003010: $ 4 <= 00000930
                  58@00003014: $ 5 <= 00001566
                  62@00003018: $ 6 <= 000021cd
                  66@0000301c: $ 7 <= 00000ebc
                  70@00003020: $ 8 <= 00001ea8
                  74@00003024: $ 9 <= 00001278
                  78@00003028: $10 <= 00001e24
                  82@0000302c: $11 <= 00000e6e
                  86@00003030: $12 <= 000005e2
                  90@00003034: $13 <= 00002134
                  94@00003038: $14 <= 000023ab
                  98@0000303c: $15 <= 0000145f
                 102@00003040: $16 <= 00002042
                 106@00003044: $17 <= 00001e1c
                 110@00003048: $18 <= 00001f59
                 114@0000304c: $19 <= 00001098
                 118@00003050: $20 <= 00001466
                 122@00003054: $21 <= 0000072a
                 126@00003058: $22 <= 0000038f
                 130@0000305c: $23 <= 000024f0
                 134@00003060: $24 <= 00000b08
                 138@00003064: $25 <= 00001f60
                 142@00003068: $26 <= 000019f6
                 146@0000306c: $27 <= 000023e9
                 150@00003070: $28 <= 00000f36
                 154@00003074: $29 <= 00001796
                 158@00003078: $30 <= 0000105e
                 162@0000307c: $31 <= 0000021b
                 166@00003080: $17 <= 000023cd
                 174@00003088: $25 <= 000063ff
                 182@00003090: $13 <= 0000c7fe
                 194@0000309c: $14 <= 0000dffe
                 202@000030a4: $ 8 <= 0000fffe
                 210@000030ac: $ 8 <= 00000000
                 214@000030b0: $14 <= 0000169f
                 218@000030b4: $ 4 <= 00000000
                 226@000030bc: $24 <= 0000017a
                 230@000030c0: $26 <= 00000000
                 238@000030c8: $16 <= 00000000
                 250@000030d0: $21 <= 00000000
                 254@000030d4: $ 8 <= 00000000
                 258@000030d8: $22 <= 000003d4
                 266@000030e0: $13 <= 000067ff
                 270@000030e4: $17 <= 000077ff
                 274@000030e8: $26 <= 000001cf
                 290@000030f4: $25 <= 000063ff
                 298@000030f8: $ 8 <= 00000000
                 306@00003100: $ 8 <= 000047b4
                 314@00003108: $15 <= 0000e7b7
                 374@0000311c: $ 3 <= 0000bfdb
                 382@00003124: $16 <= 0000bff5
                 386@00003128: $ 3 <= 0000ffdf
                 390@0000312c: $13 <= 00000000
                 394@00003130: $12 <= 0000dfcb
                 402@00003138: $ 3 <= 0000ffdf
                 410@00003140: $18 <= 0000ffff
                 414@00003144: $ 5 <= 0000ffff
                 418@00003148: $23 <= 03900000
                 426@00003150: $11 <= 0001fffe
                 430@00003154: $ 7 <= 0001fffe
                 434@00003158: $ 6 <= 0001fffe
                 438@0000315c: $10 <= 0001fffe
                 442@00003160: $19 <= 000017df
                 450@00003168: $31 <= 0001fffe
                 454@0000316c: $ 3 <= 007a0000
                 458@00003170: $28 <= 0001fffe
                 470@0000317c: $12 <= 0001fffe
                 474@00003180: $ 3 <= 0003fffc
                 482@00003188: $ 3 <= 0003fffc
                 490@0000318c: $14 <= 00000000
                 498@00003194: $22 <= 00000000
                 506@0000319c: $21 <= 000088b0
                 514@000031a4: $11 <= 00009efe
                 518@000031a8: $ 6 <= 0000133a
                 522@000031ac: $ 2 <= 00000000
                 526@000031b0: $ 5 <= 00000238
                 530@000031b4: $ 2 <= 00000000
                 534@000031b8: $25 <= 00000819
                 550@000031c4: $25 <= 000001c0
                 558@000031cc: $13 <= 0002fffd
                 570@000031d8: $ 8 <= 0002ffff
                 574@000031dc: $ 8 <= 0002ffff
                 582@000031e4: $20 <= 0002ffff
                 586@000031e8: $24 <= 012c0000
                 590@000031ec: $ 5 <= 0002ffff
                 594@000031f0: $ 5 <= 00000001
                 598@000031f4: $19 <= 0000926f
                 606@000031fc: $24 <= 0000b6ff
                 610@00003200: $19 <= 0000f6ff
                 614@00003204: $18 <= 00007b89
                 622@0000320c: $17 <= 0000ffff
                 634@00003218: $23 <= 0000ffff
                 646@00003224: $17 <= 0001fffe
                 654@0000322c: $31 <= 0001fffe
                 658@00003230: $11 <= 0001fffe
                 670@0000323c: $21 <= 00000000
                 678@00003244: $30 <= 0000bd8b
                 686@0000324c: $12 <= 0000ff8f
                 690@00003250: $13 <= 0000f7ff
                 698@00003258: $27 <= 00000172
                 702@0000325c: $12 <= 01b40000
                 706@00003260: $17 <= 0000f7ff
                 710@00003264: $16 <= 0000ffff
                 714@00003268: $16 <= 0000bfdc
                 718@0000326c: $14 <= 00017fb8
                 730@00003278: $23 <= 00017fff
                 734@0000327c: $23 <= 00017ff8
                 738@00003280: $25 <= 00000000
                 746@00003284: $26 <= 00000000
                 758@00003290: $22 <= 0000f71c
                 762@00003294: $27 <= 0000f7ff
                 770@0000329c: $26 <= 00000000
                 774@000032a0: $ 1 <= 00000001
                 778@000032a4: $28 <= 0000b2b3
                 786@000032ac: $22 <= 00000230
                 790@000032b0: $ 7 <= 0000f3f7
                 822@000032cc: $31 <= 000002f6
                 826@000032d0: $21 <= 00007ff7
                 830@000032d4: $24 <= 00000000
                 834@000032d8: $28 <= 00ee0000
                 838@000032dc: $23 <= 0000ffee
                 842@000032e0: $ 4 <= 0001ffdc
                 854@000032ec: $27 <= 0000133a
                 866@000032f8: $24 <= fff80004
                 870@000032fc: $24 <= fff80004
                 874@00003300: $31 <= fff8465f
                 878@00003304: $ 3 <= 00000000
                 886@0000330c: $23 <= 00001279
                 890@00003310: $20 <= 00000000
                 898@00003318: $24 <= 0000a1f7
                 906@00003320: $ 3 <= 000001e3
                 922@0000332c: $22 <= 00009de9
                 926@00003330: $21 <= 000002e5
                 930@00003334: $ 8 <= 00000000
                 938@0000333c: $17 <= 00008801
                 946@00003344: $15 <= 00000000
                 950@00003348: $20 <= 0000bad7
                 954@0000334c: $29 <= 000175ae
                 962@00003354: $23 <= 0001fdae
                 966@00003358: $31 <= 0000c1b5
                 974@00003360: $13 <= 0001fdae
                 982@00003364: $19 <= 00000000
                 994@00003370: $20 <= 00003150
                 998@00003374: $13 <= 000062a0
