Command line:
   mips_txt_isim_beh.exe
     -simmode  gui
     -simrunnum  0
     -socket  62721

Tue Dec 20 18:24:36 2022


 Elaboration Time: 0.046875 sec

 Current Memory Usage: 842.453 Meg

 Total Signals          : 521
 Total Nets             : 2513
 Total Signal Drivers   : 351
 Total Blocks           : 18
 Total Primitive Blocks : 16
 Total Processes        : 370
 Total Traceable Variables  : 151
 Total Scalar Nets and Variables : 267104
Total Line Count : 500

 Total Simulation Time: 0.046875 sec

 Current Memory Usage: 370.856 Meg

Tue Dec 20 19:13:06 2022

