ISim log file
Running: D:\Programing\ComputerOrganization\P4_lwrr\mips_tb_isim_beh.exe -intstyle ise -gui -tclbatch isim.cmd -wdb D:/Programing/ComputerOrganization/P4_lwrr/mips_tb_isim_beh.wdb 
ISim P.20131013 (signature 0x8ef4fb42)
WARNING: A WEBPACK license was found.
WARNING: Please use Xilinx License Configuration Manager to check out a full ISim license.
WARNING: ISim will run in Lite mode. Please refer to the ISim documentation for more information on the differences between the Lite and the Full version.
This is a Lite version of ISim.
Time resolution is 1 ps
# onerror resume
# wave add /
# run 1000 ns
Simulator is doing circuit initialization process.
Finished circuit initialization process.
@00003000: $ 8 <= 00001111
@00003004: $ 9 <= 00000001
@00003008: $31 <= 0000300c
@00003010: $10 <= 00000004
@00003014: $11 <= 00000005
@00003018: $12 <= 00000001
@0000301c: $13 <= 00000004
ISim P.20131013 (signature 0x8ef4fb42)
WARNING: A WEBPACK license was found.
WARNING: Please use Xilinx License Configuration Manager to check out a full ISim license.
WARNING: ISim will run in Lite mode. Please refer to the ISim documentation for more information on the differences between the Lite and the Full version.
This is a Lite version of ISim.
# run 1000 ns
Simulator is doing circuit initialization process.
Finished circuit initialization process.
@00003000: $ 8 <= 00001111
@00003004: $ 9 <= 00000001
@00003008: $31 <= 0000300c
@00003010: $10 <= 00000004
@00003014: $11 <= 00000005
@00003018: $12 <= 00000001
@0000301c: $13 <= 00000004
