ISim log file
Running: D:\Programing\ComputerOrganization\P4\mips_tb_isim_beh.exe -intstyle ise -gui -tclbatch isim.cmd -wdb D:/Programing/ComputerOrganization/P4/mips_tb_isim_beh.wdb 
ISim P.20131013 (signature 0x8ef4fb42)
WARNING: A WEBPACK license was found.
WARNING: Please use Xilinx License Configuration Manager to check out a full ISim license.
WARNING: ISim will run in Lite mode. Please refer to the ISim documentation for more information on the differences between the Lite and the Full version.
This is a Lite version of ISim.
Time resolution is 1 ps
# onerror resume
# wave add /
# run 1000 ns
Simulator is doing circuit initialization process.
Finished circuit initialization process.
@00003000: $ 8 <= f0e10000
@00003004: $ 8 <= f0e1d2c3
@00003008: *00000000 <= f0e1d2c3
@0000300c: $ 9 <= 0f1e0000
@00003010: $ 9 <= 0f1e2d3c
@00003014: *00000004 <= 0f1e2d3c
@00003018: $16 <= ffffffc3
@0000301c: $17 <= ffffffd2
@00003020: $18 <= ffffffe1
@00003024: $19 <= fffffff0
@00003028: $20 <= ffffffc3
@0000302c: $21 <= ffffffd2
@00003030: $22 <= ffffffe1
@00003034: $23 <= fffffff0
ISim P.20131013 (signature 0x8ef4fb42)
WARNING: A WEBPACK license was found.
WARNING: Please use Xilinx License Configuration Manager to check out a full ISim license.
WARNING: ISim will run in Lite mode. Please refer to the ISim documentation for more information on the differences between the Lite and the Full version.
This is a Lite version of ISim.
# run 1000 ns
Simulator is doing circuit initialization process.
Finished circuit initialization process.
@00003000: $ 8 <= f0e10000
@00003004: $ 8 <= f0e1d2c3
@00003008: *00000000 <= f0e1d2c3
@0000300c: $ 9 <= 0f1e0000
@00003010: $ 9 <= 0f1e2d3c
@00003014: *00000004 <= 0f1e2d3c
@00003018: $16 <= ffffffc3
@0000301c: $17 <= ffffffd2
@00003020: $18 <= ffffffe1
@00003024: $19 <= fffffff0
@00003028: $20 <= 0000002d
@0000302c: $21 <= 0000001e
@00003030: $22 <= 0000000f
@00003034: $23 <= 00000000
