Release 14.7 - xst P.20131013 (nt64)
Copyright (c) 1995-2013 Xilinx, Inc.  All rights reserved.
--> Parameter TMPDIR set to xst/projnav.tmp


Total REAL time to Xst completion: 0.00 secs
Total CPU time to Xst completion: 0.10 secs
 
--> Parameter xsthdpdir set to xst


Total REAL time to Xst completion: 0.00 secs
Total CPU time to Xst completion: 0.10 secs
 
--> Reading design: mips.prj

TABLE OF CONTENTS
  1) Synthesis Options Summary
  2) HDL Parsing
  3) HDL Elaboration
  4) HDL Synthesis
       4.1) HDL Synthesis Report
  5) Advanced HDL Synthesis
       5.1) Advanced HDL Synthesis Report
  6) Low Level Synthesis
  7) Partition Report
  8) Design Summary
       8.1) Primitive and Black Box Usage
       8.2) Device utilization summary
       8.3) Partition Resource Summary
       8.4) Timing Report
            8.4.1) Clock Information
            8.4.2) Asynchronous Control Signals Information
            8.4.3) Timing Summary
            8.4.4) Timing Details
            8.4.5) Cross Clock Domains Report


=========================================================================
*                      Synthesis Options Summary                        *
=========================================================================
---- Source Parameters
Input File Name                    : "mips.prj"
Ignore Synthesis Constraint File   : NO

---- Target Parameters
Output File Name                   : "mips"
Output Format                      : NGC
Target Device                      : xc6slx100-2-fgg676

---- Source Options
Top Module Name                    : mips
Automatic FSM Extraction           : YES
FSM Encoding Algorithm             : Auto
Safe Implementation                : No
FSM Style                          : LUT
RAM Extraction                     : Yes
RAM Style                          : Auto
ROM Extraction                     : Yes
Shift Register Extraction          : YES
ROM Style                          : Auto
Resource Sharing                   : YES
Asynchronous To Synchronous        : NO
Shift Register Minimum Size        : 2
Use DSP Block                      : Auto
Automatic Register Balancing       : No

---- Target Options
LUT Combining                      : Auto
Reduce Control Sets                : Auto
Add IO Buffers                     : YES
Global Maximum Fanout              : 100000
Add Generic Clock Buffer(BUFG)     : 16
Register Duplication               : YES
Optimize Instantiated Primitives   : NO
Use Clock Enable                   : Auto
Use Synchronous Set                : Auto
Use Synchronous Reset              : Auto
Pack IO Registers into IOBs        : Auto
Equivalent register Removal        : YES

---- General Options
Optimization Goal                  : Speed
Optimization Effort                : 1
Power Reduction                    : NO
Keep Hierarchy                     : No
Netlist Hierarchy                  : As_Optimized
RTL Output                         : Yes
Global Optimization                : AllClockNets
Read Cores                         : YES
Write Timing Constraints           : NO
Cross Clock Analysis               : NO
Hierarchy Separator                : /
Bus Delimiter                      : <>
Case Specifier                     : Maintain
Slice Utilization Ratio            : 100
BRAM Utilization Ratio             : 100
DSP48 Utilization Ratio            : 100
Auto BRAM Packing                  : NO
Slice Utilization Ratio Delta      : 5

=========================================================================


=========================================================================
*                          HDL Parsing                                  *
=========================================================================
Analyzing Verilog file "D:\Programing\ComputerOrganization\P4\NPC.v" into library work
Parsing module <NPC>.
Analyzing Verilog file "D:\Programing\ComputerOrganization\P4\MUX.v" into library work
Parsing module <MUX_2_32>.
Parsing module <MUX_4_5>.
Parsing module <MUX_8_32>.
Analyzing Verilog file "D:\Programing\ComputerOrganization\P4\IFU.v" into library work
Parsing module <IFU>.
Analyzing Verilog file "D:\Programing\ComputerOrganization\P4\GRF.v" into library work
Parsing module <GRF>.
Analyzing Verilog file "D:\Programing\ComputerOrganization\P4\EXT.v" into library work
Parsing module <EXT>.
Analyzing Verilog file "D:\Programing\ComputerOrganization\P4\DM.v" into library work
Parsing module <DM>.
Analyzing Verilog file "D:\Programing\ComputerOrganization\P4\Controller.v" into library work
Parsing module <Controller>.
Analyzing Verilog file "D:\Programing\ComputerOrganization\P4\ALU.v" into library work
Parsing module <ALU>.
Analyzing Verilog file "D:\Programing\ComputerOrganization\P4\mips.v" into library work
Parsing module <mips>.

=========================================================================
*                            HDL Elaboration                            *
=========================================================================
WARNING:HDLCompiler:1016 - "D:\Programing\ComputerOrganization\P4\mips.v" Line 155: Port in5 is not connected to this instance
WARNING:HDLCompiler:1016 - "D:\Programing\ComputerOrganization\P4\mips.v" Line 156: Port in3 is not connected to this instance

Elaborating module <mips>.

Elaborating module <IFU>.
Reading initialization file \"code.txt\".
WARNING:HDLCompiler:1670 - "D:\Programing\ComputerOrganization\P4\IFU.v" Line 17: Signal <ROM> in initial block is partially initialized.

Elaborating module <Controller>.

Elaborating module <GRF>.
"D:\Programing\ComputerOrganization\P4\GRF.v" Line 34. $display @0: $0 <= 0

Elaborating module <ALU>.
WARNING:HDLCompiler:1127 - "D:\Programing\ComputerOrganization\P4\mips.v" Line 121: Assignment to GreatZero ignored, since the identifier is never used
WARNING:HDLCompiler:1127 - "D:\Programing\ComputerOrganization\P4\mips.v" Line 122: Assignment to LessZero ignored, since the identifier is never used

Elaborating module <EXT>.
WARNING:HDLCompiler:189 - "D:\Programing\ComputerOrganization\P4\mips.v" Line 127: Size mismatch in connection of port <EXTControl>. Formal port size is 2-bit while actual signal size is 3-bit.

Elaborating module <DM>.
"D:\Programing\ComputerOrganization\P4\DM.v" Line 37. $display @0: *0 <= 0

Elaborating module <NPC>.

Elaborating module <MUX_8_32>.

Elaborating module <MUX_4_5>.

Elaborating module <MUX_2_32>.
WARNING:HDLCompiler:634 - "D:\Programing\ComputerOrganization\P4\mips.v" Line 49: Net <GreaterZero> does not have a driver.
WARNING:HDLCompiler:552 - "D:\Programing\ComputerOrganization\P4\mips.v" Line 155: Input port in5[31] is not connected on this instance
WARNING:HDLCompiler:552 - "D:\Programing\ComputerOrganization\P4\mips.v" Line 156: Input port in3[4] is not connected on this instance
WARNING:Xst:2972 - "D:\Programing\ComputerOrganization\P4\mips.v" line 81. All outputs of instance <MyIFU> of block <IFU> are unconnected in block <mips>. Underlying logic will be removed.
WARNING:Xst:2972 - "D:\Programing\ComputerOrganization\P4\mips.v" line 88. All outputs of instance <MyController> of block <Controller> are unconnected in block <mips>. Underlying logic will be removed.
WARNING:Xst:2972 - "D:\Programing\ComputerOrganization\P4\mips.v" line 103. All outputs of instance <MyGRF> of block <GRF> are unconnected in block <mips>. Underlying logic will be removed.
WARNING:Xst:2972 - "D:\Programing\ComputerOrganization\P4\mips.v" line 115. All outputs of instance <MyALU> of block <ALU> are unconnected in block <mips>. Underlying logic will be removed.
WARNING:Xst:2972 - "D:\Programing\ComputerOrganization\P4\mips.v" line 125. All outputs of instance <MyEXT> of block <EXT> are unconnected in block <mips>. Underlying logic will be removed.
WARNING:Xst:2972 - "D:\Programing\ComputerOrganization\P4\mips.v" line 130. All outputs of instance <MyDM> of block <DM> are unconnected in block <mips>. Underlying logic will be removed.
WARNING:Xst:2972 - "D:\Programing\ComputerOrganization\P4\mips.v" line 141. All outputs of instance <MyNPC> of block <NPC> are unconnected in block <mips>. Underlying logic will be removed.
WARNING:Xst:2972 - "D:\Programing\ComputerOrganization\P4\mips.v" line 155. All outputs of instance <RegDataMUX> of block <MUX_8_32> are unconnected in block <mips>. Underlying logic will be removed.
WARNING:Xst:2972 - "D:\Programing\ComputerOrganization\P4\mips.v" line 156. All outputs of instance <RegAddrMUX> of block <MUX_4_5> are unconnected in block <mips>. Underlying logic will be removed.
WARNING:Xst:2972 - "D:\Programing\ComputerOrganization\P4\mips.v" line 157. All outputs of instance <SrcBMUX> of block <MUX_2_32> are unconnected in block <mips>. Underlying logic will be removed.

=========================================================================
*                           HDL Synthesis                               *
=========================================================================

Synthesizing Unit <mips>.
    Related source file is "D:\Programing\ComputerOrganization\P4\mips.v".
WARNING:Xst:2898 - Port 'in5', unconnected in block instance 'RegDataMUX', is tied to GND.
WARNING:Xst:2898 - Port 'in6', unconnected in block instance 'RegDataMUX', is tied to GND.
WARNING:Xst:2898 - Port 'in7', unconnected in block instance 'RegDataMUX', is tied to GND.
WARNING:Xst:2898 - Port 'in3', unconnected in block instance 'RegAddrMUX', is tied to GND.
INFO:Xst:3210 - "D:\Programing\ComputerOrganization\P4\mips.v" line 115: Output port <GreatZero> of the instance <MyALU> is unconnected or connected to loadless signal.
INFO:Xst:3210 - "D:\Programing\ComputerOrganization\P4\mips.v" line 115: Output port <LessZero> of the instance <MyALU> is unconnected or connected to loadless signal.
WARNING:Xst:653 - Signal <GreaterZero> is used but never assigned. This sourceless signal will be automatically connected to value GND.
    Summary:
	no macro.
Unit <mips> synthesized.

=========================================================================
HDL Synthesis Report

Found no macro
=========================================================================

=========================================================================
*                       Advanced HDL Synthesis                          *
=========================================================================


=========================================================================
Advanced HDL Synthesis Report

Found no macro
=========================================================================

=========================================================================
*                         Low Level Synthesis                           *
=========================================================================

Optimizing unit <mips> ...

Mapping all equations...
Building and optimizing final netlist ...
Found area constraint ratio of 100 (+ 5) on block mips, actual ratio is 0.

Final Macro Processing ...

=========================================================================
Final Register Report

Found no macro
=========================================================================

=========================================================================
*                           Partition Report                            *
=========================================================================

Partition Implementation Status
-------------------------------

  No Partitions were found in this design.

-------------------------------

=========================================================================
*                            Design Summary                             *
=========================================================================

Top Level Output File Name         : mips.ngc

Primitive and Black Box Usage:
------------------------------

Device utilization summary:
---------------------------

Selected Device : 6slx100fgg676-2 


Slice Logic Utilization: 

Slice Logic Distribution: 
 Number of LUT Flip Flop pairs used:      0
   Number with an unused Flip Flop:       0  out of      0         
   Number with an unused LUT:             0  out of      0         
   Number of fully used LUT-FF pairs:     0  out of      0         
   Number of unique control sets:         0

IO Utilization: 
 Number of IOs:                           2
 Number of bonded IOBs:                   0  out of    480     0%  

Specific Feature Utilization:

---------------------------
Partition Resource Summary:
---------------------------

  No Partitions were found in this design.

---------------------------


=========================================================================
Timing Report

NOTE: THESE TIMING NUMBERS ARE ONLY A SYNTHESIS ESTIMATE.
      FOR ACCURATE TIMING INFORMATION PLEASE REFER TO THE TRACE REPORT
      GENERATED AFTER PLACE-and-ROUTE.

Clock Information:
------------------
No clock signals found in this design

Asynchronous Control Signals Information:
----------------------------------------
No asynchronous control signals found in this design

Timing Summary:
---------------
Speed Grade: -2

   Minimum period: No path found
   Minimum input arrival time before clock: No path found
   Maximum output required time after clock: No path found
   Maximum combinational path delay: No path found

Timing Details:
---------------
All values displayed in nanoseconds (ns)

=========================================================================

Cross Clock Domains Report:
--------------------------

=========================================================================


Total REAL time to Xst completion: 5.00 secs
Total CPU time to Xst completion: 5.15 secs
 
--> 

Total memory usage is 4754788 kilobytes

Number of errors   :    0 (   0 filtered)
Number of warnings :   24 (   0 filtered)
Number of infos    :    2 (   0 filtered)

