Running: fuse.exe -relaunch -intstyle "ise" -incremental -lib "unisims_ver" -lib "unimacro_ver" -lib "xilinxcorelib_ver" -lib "secureip" -o "D:/Programing/ComputerOrganization/P4_bnezalc/mips_tb_isim_beh.exe" -prj "D:/Programing/ComputerOrganization/P4_bnezalc/mips_tb_beh.prj" "work.mips_tb" "work.glbl" 
ISim P.20131013 (signature 0x8ef4fb42)
Number of CPUs detected in this system: 16
Turning on mult-threading, number of parallel sub-compilation jobs: 32 
Determining compilation order of HDL files
Analyzing Verilog file "D:/Programing/ComputerOrganization/P4_bnezalc/NPC.v" into library work
Analyzing Verilog file "D:/Programing/ComputerOrganization/P4_bnezalc/MUX.v" into library work
Analyzing Verilog file "D:/Programing/ComputerOrganization/P4_bnezalc/IFU.v" into library work
Analyzing Verilog file "D:/Programing/ComputerOrganization/P4_bnezalc/GRF.v" into library work
Analyzing Verilog file "D:/Programing/ComputerOrganization/P4_bnezalc/EXT.v" into library work
Analyzing Verilog file "D:/Programing/ComputerOrganization/P4_bnezalc/DM.v" into library work
Analyzing Verilog file "D:/Programing/ComputerOrganization/P4_bnezalc/Controller.v" into library work
Analyzing Verilog file "D:/Programing/ComputerOrganization/P4_bnezalc/ALU.v" into library work
Analyzing Verilog file "D:/Programing/ComputerOrganization/P4_bnezalc/mips.v" into library work
Analyzing Verilog file "D:/Programing/ComputerOrganization/P4_bnezalc/mips_tb.v" into library work
Analyzing Verilog file "D:/Xilinx/14.7/ISE_DS/ISE//verilog/src/glbl.v" into library work
Starting static elaboration
WARNING:HDLCompiler:1016 - "D:/Programing/ComputerOrganization/P4_bnezalc/mips.v" Line 160: Port in5 is not connected to this instance
WARNING:HDLCompiler:1016 - "D:/Programing/ComputerOrganization/P4_bnezalc/mips.v" Line 161: Port in3 is not connected to this instance
Completed static elaboration
Fuse Memory Usage: 160216 KB
Fuse CPU Usage: 187 ms
Compiling module IFU
Compiling module Controller
Compiling module GRF
Compiling module ALU
Compiling module EXT
Compiling module DM
Compiling module NPC
Compiling module MUX_8_32
Compiling module MUX_4_5
Compiling module MUX_2_32
Compiling module mips
Compiling module mips_tb
Compiling module glbl
Time Resolution for simulation is 1ps.
ERROR:Simulator:904 - Unable to remove previous simulation file isim/mips_tb_isim_beh.exe.sim/mips_tb_isim_beh.exe. Please check if you have another instance of this simulation running on your system, terminate it and then recompile your design. System Error Message: boost::filesystem::remove: ¾Ü¾ø·ÃÎÊ¡£: "isim\mips_tb_isim_beh.exe.sim\mips_tb_isim_beh.exe"
ERROR:Simulator:861 - Failed to link the design
