ISim log file
Running: D:\Programing\ComputerOrganization\P4_bnezalc\mips_tb_isim_beh.exe -intstyle ise -gui -tclbatch isim.cmd -wdb D:/Programing/ComputerOrganization/P4_bnezalc/mips_tb_isim_beh.wdb 
ISim P.20131013 (signature 0x8ef4fb42)
WARNING: A WEBPACK license was found.
WARNING: Please use Xilinx License Configuration Manager to check out a full ISim license.
WARNING: ISim will run in Lite mode. Please refer to the ISim documentation for more information on the differences between the Lite and the Full version.
This is a Lite version of ISim.
Time resolution is 1 ps
# onerror resume
# wave add /
# run 1000 ns
Simulator is doing circuit initialization process.
Finished circuit initialization process.
@00003000: $ 8 <= 00000001
@00003004: $ 9 <= ffff0000
@00003008: $ 9 <= ffffffff
@0000300c: $16 <= 00000001
@00003010: $17 <= 00000001
@00003014: $18 <= 00000004
@0000301c: $19 <= 00000005
@00003020: $20 <= 00000001
@00003024: $31 <= 00003028
@0000302c: $21 <= 00000004
