Command line:
   mips_tb_isim_beh.exe
     -simmode  gui
     -simrunnum  0
     -socket  59941

Tue Nov 29 16:15:41 2022


 Elaboration Time: 0.046875 sec

 Current Memory Usage: 841.535 Meg

 Total Signals          : 151
 Total Nets             : 743
 Total Signal Drivers   : 67
 Total Blocks           : 13
 Total Primitive Blocks : 11
 Total Processes        : 82
 Total Traceable Variables  : 35
 Total Scalar Nets and Variables : 231582
Total Line Count : 148

 Total Simulation Time: 0.0625 sec

 Current Memory Usage: 527.487 Meg

Tue Nov 29 16:21:59 2022

