Command line:
   mips_tb_isim_beh.exe
     -simmode  gui
     -simrunnum  0
     -socket  59528

Tue Dec 06 20:57:55 2022


 Elaboration Time: 0.0625 sec

 Current Memory Usage: 842.285 Meg

 Total Signals          : 507
 Total Nets             : 2317
 Total Signal Drivers   : 333
 Total Blocks           : 22
 Total Primitive Blocks : 19
 Total Processes        : 351
 Total Traceable Variables  : 46
 Total Scalar Nets and Variables : 233504
Total Line Count : 433

 Total Simulation Time: 0.09375 sec

 Current Memory Usage: 685.785 Meg

Tue Dec 06 20:59:09 2022

