Running: fuse.exe -relaunch -intstyle "ise" -incremental -lib "unisims_ver" -lib "unimacro_ver" -lib "xilinxcorelib_ver" -lib "secureip" -o "D:/Programing/ComputerOrganization/P5/clear/mips_tb_isim_beh.exe" -prj "D:/Programing/ComputerOrganization/P5/clear/mips_tb_beh.prj" "work.mips_tb" "work.glbl" 
ISim P.20131013 (signature 0x8ef4fb42)
Number of CPUs detected in this system: 16
Turning on mult-threading, number of parallel sub-compilation jobs: 32 
Determining compilation order of HDL files
Analyzing Verilog file "D:/Programing/ComputerOrganization/P5/clear/CU.v" into library work
Analyzing Verilog file "D:/Programing/ComputerOrganization/P5/clear/W_reg.v" into library work
Analyzing Verilog file "D:/Programing/ComputerOrganization/P5/clear/SU.v" into library work
Analyzing Verilog file "D:/Programing/ComputerOrganization/P5/clear/M_reg.v" into library work
Analyzing Verilog file "D:/Programing/ComputerOrganization/P5/clear/M_DM.v" into library work
Analyzing Verilog file "D:/Programing/ComputerOrganization/P5/clear/IFU.v" into library work
Analyzing Verilog file "D:/Programing/ComputerOrganization/P5/clear/E_reg.v" into library work
Analyzing Verilog file "D:/Programing/ComputerOrganization/P5/clear/E_ALU.v" into library work
Analyzing Verilog file "D:/Programing/ComputerOrganization/P5/clear/D_reg.v" into library work
Analyzing Verilog file "D:/Programing/ComputerOrganization/P5/clear/D_NPC.v" into library work
Analyzing Verilog file "D:/Programing/ComputerOrganization/P5/clear/D_GRF.v" into library work
Analyzing Verilog file "D:/Programing/ComputerOrganization/P5/clear/D_EXT.v" into library work
Analyzing Verilog file "D:/Programing/ComputerOrganization/P5/clear/D_CMP.v" into library work
Analyzing Verilog file "D:/Programing/ComputerOrganization/P5/clear/mips.v" into library work
Analyzing Verilog file "D:/Programing/ComputerOrganization/P5/clear/mips_tb.v" into library work
Analyzing Verilog file "D:/Xilinx/14.7/ISE_DS/ISE//verilog/src/glbl.v" into library work
Starting static elaboration
WARNING:HDLCompiler:1016 - "D:/Programing/ComputerOrganization/P5/clear/mips.v" Line 122: Port rd_addr is not connected to this instance
WARNING:HDLCompiler:1016 - "D:/Programing/ComputerOrganization/P5/clear/mips.v" Line 193: Port rd_addr is not connected to this instance
WARNING:HDLCompiler:1016 - "D:/Programing/ComputerOrganization/P5/clear/mips.v" Line 247: Port rs_addr is not connected to this instance
WARNING:HDLCompiler:1016 - "D:/Programing/ComputerOrganization/P5/clear/mips.v" Line 291: Port rs_addr is not connected to this instance
WARNING:HDLCompiler:1016 - "D:/Programing/ComputerOrganization/P5/clear/SU.v" Line 34: Port rd_addr is not connected to this instance
WARNING:HDLCompiler:1016 - "D:/Programing/ComputerOrganization/P5/clear/SU.v" Line 58: Port rs_addr is not connected to this instance
WARNING:HDLCompiler:1016 - "D:/Programing/ComputerOrganization/P5/clear/SU.v" Line 74: Port rs_addr is not connected to this instance
Completed static elaboration
Fuse Memory Usage: 159768 KB
Fuse CPU Usage: 234 ms
Compiling module CU
Compiling module SU
Compiling module IFU
Compiling module D_reg
Compiling module D_NPC
Compiling module D_EXT
Compiling module D_GRF
Compiling module D_CMP
Compiling module E_reg
Compiling module E_ALU
Compiling module M_reg
Compiling module M_DM
Compiling module W_reg
Compiling module mips
Compiling module mips_tb
Compiling module glbl
Time Resolution for simulation is 1ps.
Compiled 16 Verilog Units
Built simulation executable D:/Programing/ComputerOrganization/P5/clear/mips_tb_isim_beh.exe
Fuse Memory Usage: 170220 KB
Fuse CPU Usage: 358 ms
