Command line:
   mips_tb_isim_beh.exe
     -simmode  gui
     -simrunnum  0
     -socket  55043

Tue Dec 13 15:58:16 2022


 Elaboration Time: 0.078125 sec

 Current Memory Usage: 838.484 Meg

 Total Signals          : 364
 Total Nets             : 1896
 Total Signal Drivers   : 220
 Total Blocks           : 18
 Total Primitive Blocks : 16
 Total Processes        : 237
 Total Traceable Variables  : 49
 Total Scalar Nets and Variables : 233117
Total Line Count : 325

 Total Simulation Time: 0.09375 sec

 Current Memory Usage: 366.887 Meg

Tue Dec 13 16:39:01 2022

