Running: fuse.exe -relaunch -intstyle "ise" -incremental -lib "unisims_ver" -lib "unimacro_ver" -lib "xilinxcorelib_ver" -lib "secureip" -o "D:/Programing/ComputerOrganization/P5/P5_swc/mips_tb_isim_beh.exe" -prj "D:/Programing/ComputerOrganization/P5/P5_swc/mips_tb_beh.prj" "work.mips_tb" "work.glbl" 
ISim P.20131013 (signature 0x8ef4fb42)
Number of CPUs detected in this system: 16
Turning on mult-threading, number of parallel sub-compilation jobs: 32 
Determining compilation order of HDL files
Analyzing Verilog file "D:/Programing/ComputerOrganization/P5/P5_swc/Controller.v" into library work
Analyzing Verilog file "D:/Programing/ComputerOrganization/P5/P5_swc/W_REG.v" into library work
Analyzing Verilog file "D:/Programing/ComputerOrganization/P5/P5_swc/NPC.v" into library work
Analyzing Verilog file "D:/Programing/ComputerOrganization/P5/P5_swc/M_REG.v" into library work
Analyzing Verilog file "D:/Programing/ComputerOrganization/P5/P5_swc/IFU.v" into library work
Analyzing Verilog file "D:/Programing/ComputerOrganization/P5/P5_swc/HazardUnit.v" into library work
Analyzing Verilog file "D:/Programing/ComputerOrganization/P5/P5_swc/GRF.v" into library work
Analyzing Verilog file "D:/Programing/ComputerOrganization/P5/P5_swc/E_REG.v" into library work
Analyzing Verilog file "D:/Programing/ComputerOrganization/P5/P5_swc/EXT.v" into library work
Analyzing Verilog file "D:/Programing/ComputerOrganization/P5/P5_swc/D_REG.v" into library work
Analyzing Verilog file "D:/Programing/ComputerOrganization/P5/P5_swc/DM.v" into library work
Analyzing Verilog file "D:/Programing/ComputerOrganization/P5/P5_swc/CMP.v" into library work
Analyzing Verilog file "D:/Programing/ComputerOrganization/P5/P5_swc/ALU.v" into library work
Analyzing Verilog file "D:/Programing/ComputerOrganization/P5/P5_swc/mips.v" into library work
Analyzing Verilog file "D:/Programing/ComputerOrganization/P5/P5_swc/mips_tb.v" into library work
Analyzing Verilog file "D:/Xilinx/14.7/ISE_DS/ISE//verilog/src/glbl.v" into library work
Starting static elaboration
WARNING:HDLCompiler:1016 - "D:/Programing/ComputerOrganization/P5/P5_swc/mips.v" Line 144: Port shamt is not connected to this instance
WARNING:HDLCompiler:1016 - "D:/Programing/ComputerOrganization/P5/P5_swc/mips.v" Line 229: Port Imm16 is not connected to this instance
WARNING:HDLCompiler:1016 - "D:/Programing/ComputerOrganization/P5/P5_swc/mips.v" Line 268: Port shamt is not connected to this instance
WARNING:HDLCompiler:1016 - "D:/Programing/ComputerOrganization/P5/P5_swc/mips.v" Line 282: Port MemRead is not connected to this instance
WARNING:HDLCompiler:1016 - "D:/Programing/ComputerOrganization/P5/P5_swc/mips.v" Line 311: Port shamt is not connected to this instance
WARNING:HDLCompiler:1016 - "D:/Programing/ComputerOrganization/P5/P5_swc/HazardUnit.v" Line 33: Port rd is not connected to this instance
WARNING:HDLCompiler:1016 - "D:/Programing/ComputerOrganization/P5/P5_swc/HazardUnit.v" Line 60: Port rs is not connected to this instance
WARNING:HDLCompiler:1016 - "D:/Programing/ComputerOrganization/P5/P5_swc/HazardUnit.v" Line 79: Port rs is not connected to this instance
Completed static elaboration
Fuse Memory Usage: 159768 KB
Fuse CPU Usage: 187 ms
Compiling module IFU
Compiling module D_REG
Compiling module Controller
Compiling module CMP
Compiling module NPC
Compiling module GRF
Compiling module EXT
Compiling module E_REG
Compiling module ALU
Compiling module M_REG
Compiling module DM
Compiling module W_REG
Compiling module HazardUnit
Compiling module mips
Compiling module mips_tb
Compiling module glbl
Time Resolution for simulation is 1ps.
Compiled 16 Verilog Units
Built simulation executable D:/Programing/ComputerOrganization/P5/P5_swc/mips_tb_isim_beh.exe
Fuse Memory Usage: 171244 KB
Fuse CPU Usage: 358 ms
