ISim log file
Running: D:\Programing\BUAA-CO\P7\2023New\offline\mips_txt_isim_beh.exe -intstyle ise -gui -tclbatch isim.cmd -wdb D:/Programing/BUAA-CO/P7/2023New/offline/mips_txt_isim_beh.wdb 
ISim P.20131013 (signature 0x7708f090)
WARNING: A WEBPACK license was found.
WARNING: Please use Xilinx License Configuration Manager to check out a full ISim license.
WARNING: ISim will run in Lite mode. Please refer to the ISim documentation for more information on the differences between the Lite and the Full version.
This is a Lite version of ISim.
Time resolution is 1 ps
# onerror resume
# wave add /
# run 1000 ns
Simulator is doing circuit initialization process.
WARNING: File handler.txt referenced on D:/Programing/BUAA-CO/P7/2023New/offline/tb_interrupt_demo.v at line 76 cannot be opened for reading. Please ensure that this file is available in the current working directory.Finished circuit initialization process.
                  38@00003000: $ 1 <= 98760000
                  42@00003004: $ 5 <= 98765432
                  46@00003008: $ 1 <= fedc0000
                  50@0000300c: $ 6 <= fedcba98
                  54@00003010: $ 7 <= 0000fc01
                 110@0000301c: $ 6 <= 0000005a
ISim P.20131013 (signature 0x7708f090)
WARNING: A WEBPACK license was found.
WARNING: Please use Xilinx License Configuration Manager to check out a full ISim license.
WARNING: ISim will run in Lite mode. Please refer to the ISim documentation for more information on the differences between the Lite and the Full version.
This is a Lite version of ISim.
# run 1000 ns
Simulator is doing circuit initialization process.
WARNING: File handler.txt referenced on D:/Programing/BUAA-CO/P7/2023New/offline/tb_interrupt_demo.v at line 76 cannot be opened for reading. Please ensure that this file is available in the current working directory.Finished circuit initialization process.
                  38@00003000: $ 1 <= 00000000
                  42@00003004: $ 1 <= 0000fc01
                  46@00003008: $ 8 <= 0000fc01
                  54@00003010: $ 8 <= 80000000
                  58@00003014: $ 9 <= 80000000
                  62@00003018: $10 <= 00000000
ISim P.20131013 (signature 0x7708f090)
WARNING: A WEBPACK license was found.
WARNING: Please use Xilinx License Configuration Manager to check out a full ISim license.
WARNING: ISim will run in Lite mode. Please refer to the ISim documentation for more information on the differences between the Lite and the Full version.
This is a Lite version of ISim.
# run 1000 ns
Simulator is doing circuit initialization process.
Finished circuit initialization process.
                  38@00003000: $ 1 <= 00000000
                  42@00003004: $ 1 <= 0000fc01
                  46@00003008: $ 8 <= 0000fc01
                  54@00003010: $ 8 <= 80000000
                  58@00003014: $ 9 <= 80000000
                  62@00003018: $10 <= 00000000
                  98@00004190: $27 <= 0000007c
                 102@00004194: $26 <= 00000000
                 114@0000419c: $ 1 <= 00000000
                 154@00004190: $27 <= 0000007c
                 158@00004194: $26 <= 00000000
                 170@0000419c: $ 1 <= 00000000
                 210@00004190: $27 <= 0000007c
                 214@00004194: $26 <= 00000000
                 226@0000419c: $ 1 <= 00000000
                 266@00004190: $27 <= 0000007c
                 270@00004194: $26 <= 00000000
                 282@0000419c: $ 1 <= 00000000
                 322@00004190: $27 <= 0000007c
                 326@00004194: $26 <= 00000000
                 338@0000419c: $ 1 <= 00000000
                 378@00004190: $27 <= 0000007c
                 382@00004194: $26 <= 00000000
                 394@0000419c: $ 1 <= 00000000
                 434@00004190: $27 <= 0000007c
                 438@00004194: $26 <= 00000000
                 450@0000419c: $ 1 <= 00000000
                 490@00004190: $27 <= 0000007c
                 494@00004194: $26 <= 00000000
                 506@0000419c: $ 1 <= 00000000
                 546@00004190: $27 <= 0000007c
                 550@00004194: $26 <= 00000000
                 562@0000419c: $ 1 <= 00000000
                 602@00004190: $27 <= 0000007c
                 606@00004194: $26 <= 00000000
                 618@0000419c: $ 1 <= 00000000
                 658@00004190: $27 <= 0000007c
                 662@00004194: $26 <= 00000000
                 674@0000419c: $ 1 <= 00000000
                 714@00004190: $27 <= 0000007c
                 718@00004194: $26 <= 00000000
                 730@0000419c: $ 1 <= 00000000
                 770@00004190: $27 <= 0000007c
                 774@00004194: $26 <= 00000000
                 786@0000419c: $ 1 <= 00000000
                 826@00004190: $27 <= 0000007c
                 830@00004194: $26 <= 00000000
                 842@0000419c: $ 1 <= 00000000
                 882@00004190: $27 <= 0000007c
                 886@00004194: $26 <= 00000000
                 898@0000419c: $ 1 <= 00000000
                 938@00004190: $27 <= 0000007c
                 942@00004194: $26 <= 00000000
                 954@0000419c: $ 1 <= 00000000
                 994@00004190: $27 <= 0000007c
                 998@00004194: $26 <= 00000000
ISim P.20131013 (signature 0x7708f090)
WARNING: A WEBPACK license was found.
WARNING: Please use Xilinx License Configuration Manager to check out a full ISim license.
WARNING: ISim will run in Lite mode. Please refer to the ISim documentation for more information on the differences between the Lite and the Full version.
This is a Lite version of ISim.
# run 1000 ns
Simulator is doing circuit initialization process.
Finished circuit initialization process.
                  38@00003000: $ 1 <= 00000000
                  42@00003004: $ 1 <= 0000fc01
                  46@00003008: $ 8 <= 0000fc01
                  54@00003010: $ 8 <= 80000000
                  58@00003014: $ 9 <= 80000000
                  62@00003018: $10 <= 00000000
                  98@00004190: $27 <= 0000007c
                 102@00004194: $26 <= 00000000
                 114@0000419c: $ 1 <= 00000000
                 154@00004190: $27 <= 0000007c
                 158@00004194: $26 <= 00000000
                 170@0000419c: $ 1 <= 00000000
                 210@00004190: $27 <= 0000007c
                 214@00004194: $26 <= 00000000
                 226@0000419c: $ 1 <= 00000000
                 266@00004190: $27 <= 0000007c
                 270@00004194: $26 <= 00000000
                 282@0000419c: $ 1 <= 00000000
                 322@00004190: $27 <= 0000007c
                 326@00004194: $26 <= 00000000
                 338@0000419c: $ 1 <= 00000000
                 378@00004190: $27 <= 0000007c
                 382@00004194: $26 <= 00000000
                 394@0000419c: $ 1 <= 00000000
                 434@00004190: $27 <= 0000007c
                 438@00004194: $26 <= 00000000
                 450@0000419c: $ 1 <= 00000000
                 490@00004190: $27 <= 0000007c
                 494@00004194: $26 <= 00000000
                 506@0000419c: $ 1 <= 00000000
                 546@00004190: $27 <= 0000007c
                 550@00004194: $26 <= 00000000
                 562@0000419c: $ 1 <= 00000000
                 602@00004190: $27 <= 0000007c
                 606@00004194: $26 <= 00000000
                 618@0000419c: $ 1 <= 00000000
                 658@00004190: $27 <= 0000007c
                 662@00004194: $26 <= 00000000
                 674@0000419c: $ 1 <= 00000000
                 714@00004190: $27 <= 0000007c
                 718@00004194: $26 <= 00000000
                 730@0000419c: $ 1 <= 00000000
                 770@00004190: $27 <= 0000007c
                 774@00004194: $26 <= 00000000
                 786@0000419c: $ 1 <= 00000000
                 826@00004190: $27 <= 0000007c
                 830@00004194: $26 <= 00000000
                 842@0000419c: $ 1 <= 00000000
                 882@00004190: $27 <= 0000007c
                 886@00004194: $26 <= 00000000
                 898@0000419c: $ 1 <= 00000000
                 938@00004190: $27 <= 0000007c
                 942@00004194: $26 <= 00000000
                 954@0000419c: $ 1 <= 00000000
                 994@00004190: $27 <= 0000007c
                 998@00004194: $26 <= 00000000
ISim P.20131013 (signature 0x7708f090)
WARNING: A WEBPACK license was found.
WARNING: Please use Xilinx License Configuration Manager to check out a full ISim license.
WARNING: ISim will run in Lite mode. Please refer to the ISim documentation for more information on the differences between the Lite and the Full version.
This is a Lite version of ISim.
# run 1000 ns
Simulator is doing circuit initialization process.
Finished circuit initialization process.
                  38@00003000: $ 1 <= 00000000
                  42@00003004: $ 1 <= 0000fc01
                  46@00003008: $ 8 <= 0000fc01
                  54@00003010: $ 8 <= 80000000
                  58@00003014: $ 9 <= 80000000
                  94@00004190: $27 <= 0000007c
                  98@00004194: $26 <= 00000000
                 110@0000419c: $ 1 <= 00000000
                 150@00004190: $27 <= 0000007c
                 154@00004194: $26 <= 00000000
                 166@0000419c: $ 1 <= 00000000
                 206@00004190: $27 <= 0000007c
                 210@00004194: $26 <= 00000000
                 222@0000419c: $ 1 <= 00000000
                 262@00004190: $27 <= 0000007c
                 266@00004194: $26 <= 00000000
                 278@0000419c: $ 1 <= 00000000
                 318@00004190: $27 <= 0000007c
                 322@00004194: $26 <= 00000000
                 334@0000419c: $ 1 <= 00000000
                 374@00004190: $27 <= 0000007c
                 378@00004194: $26 <= 00000000
                 390@0000419c: $ 1 <= 00000000
                 430@00004190: $27 <= 0000007c
                 434@00004194: $26 <= 00000000
                 446@0000419c: $ 1 <= 00000000
                 486@00004190: $27 <= 0000007c
                 490@00004194: $26 <= 00000000
                 502@0000419c: $ 1 <= 00000000
                 542@00004190: $27 <= 0000007c
                 546@00004194: $26 <= 00000000
                 558@0000419c: $ 1 <= 00000000
                 598@00004190: $27 <= 0000007c
                 602@00004194: $26 <= 00000000
                 614@0000419c: $ 1 <= 00000000
                 654@00004190: $27 <= 0000007c
                 658@00004194: $26 <= 00000000
                 670@0000419c: $ 1 <= 00000000
                 710@00004190: $27 <= 0000007c
                 714@00004194: $26 <= 00000000
                 726@0000419c: $ 1 <= 00000000
                 766@00004190: $27 <= 0000007c
                 770@00004194: $26 <= 00000000
                 782@0000419c: $ 1 <= 00000000
                 822@00004190: $27 <= 0000007c
                 826@00004194: $26 <= 00000000
                 838@0000419c: $ 1 <= 00000000
                 878@00004190: $27 <= 0000007c
                 882@00004194: $26 <= 00000000
                 894@0000419c: $ 1 <= 00000000
                 934@00004190: $27 <= 0000007c
                 938@00004194: $26 <= 00000000
                 950@0000419c: $ 1 <= 00000000
                 990@00004190: $27 <= 0000007c
                 994@00004194: $26 <= 00000000
ISim P.20131013 (signature 0x7708f090)
WARNING: A WEBPACK license was found.
WARNING: Please use Xilinx License Configuration Manager to check out a full ISim license.
WARNING: ISim will run in Lite mode. Please refer to the ISim documentation for more information on the differences between the Lite and the Full version.
This is a Lite version of ISim.
# run 1000 ns
Simulator is doing circuit initialization process.
Finished circuit initialization process.
                  38@00003000: $ 1 <= 00000000
                  42@00003004: $ 1 <= 0000fc01
                  46@00003008: $ 8 <= 0000fc01
                  54@00003010: $ 8 <= 80000000
                  58@00003014: $ 9 <= 80000000
                  94@00004190: $27 <= 0000007c
                  98@00004194: $26 <= 00000000
                 110@0000419c: $ 1 <= 00000000
                 150@00004190: $27 <= 0000007c
                 154@00004194: $26 <= 00000000
                 166@0000419c: $ 1 <= 00000000
                 206@00004190: $27 <= 0000007c
                 210@00004194: $26 <= 00000000
                 222@0000419c: $ 1 <= 00000000
                 262@00004190: $27 <= 0000007c
                 266@00004194: $26 <= 00000000
                 278@0000419c: $ 1 <= 00000000
                 318@00004190: $27 <= 0000007c
                 322@00004194: $26 <= 00000000
                 334@0000419c: $ 1 <= 00000000
                 374@00004190: $27 <= 0000007c
                 378@00004194: $26 <= 00000000
                 390@0000419c: $ 1 <= 00000000
                 430@00004190: $27 <= 0000007c
                 434@00004194: $26 <= 00000000
                 446@0000419c: $ 1 <= 00000000
                 486@00004190: $27 <= 0000007c
                 490@00004194: $26 <= 00000000
                 502@0000419c: $ 1 <= 00000000
                 542@00004190: $27 <= 0000007c
                 546@00004194: $26 <= 00000000
                 558@0000419c: $ 1 <= 00000000
                 598@00004190: $27 <= 0000007c
                 602@00004194: $26 <= 00000000
                 614@0000419c: $ 1 <= 00000000
                 654@00004190: $27 <= 0000007c
                 658@00004194: $26 <= 00000000
                 670@0000419c: $ 1 <= 00000000
                 710@00004190: $27 <= 0000007c
                 714@00004194: $26 <= 00000000
                 726@0000419c: $ 1 <= 00000000
                 766@00004190: $27 <= 0000007c
                 770@00004194: $26 <= 00000000
                 782@0000419c: $ 1 <= 00000000
                 822@00004190: $27 <= 0000007c
                 826@00004194: $26 <= 00000000
                 838@0000419c: $ 1 <= 00000000
                 878@00004190: $27 <= 0000007c
                 882@00004194: $26 <= 00000000
                 894@0000419c: $ 1 <= 00000000
                 934@00004190: $27 <= 0000007c
                 938@00004194: $26 <= 00000000
                 950@0000419c: $ 1 <= 00000000
                 990@00004190: $27 <= 0000007c
                 994@00004194: $26 <= 00000000
ISim P.20131013 (signature 0x7708f090)
WARNING: A WEBPACK license was found.
WARNING: Please use Xilinx License Configuration Manager to check out a full ISim license.
WARNING: ISim will run in Lite mode. Please refer to the ISim documentation for more information on the differences between the Lite and the Full version.
This is a Lite version of ISim.
# run 1000 ns
Simulator is doing circuit initialization process.
Finished circuit initialization process.
                  38@00003000: $ 1 <= 00000000
                  42@00003004: $ 1 <= 0000fc01
                  46@00003008: $ 8 <= 0000fc01
                  54@00003010: $ 8 <= 80000000
                  58@00003014: $ 9 <= 80000000
                  94@00004190: $27 <= 0000007c
                  98@00004194: $26 <= 00000000
                 110@0000419c: $ 1 <= 00000000
                 150@00004190: $27 <= 0000007c
                 154@00004194: $26 <= 00000000
                 166@0000419c: $ 1 <= 00000000
                 206@00004190: $27 <= 0000007c
                 210@00004194: $26 <= 00000000
                 222@0000419c: $ 1 <= 00000000
                 262@00004190: $27 <= 0000007c
                 266@00004194: $26 <= 00000000
                 278@0000419c: $ 1 <= 00000000
                 318@00004190: $27 <= 0000007c
                 322@00004194: $26 <= 00000000
                 334@0000419c: $ 1 <= 00000000
                 374@00004190: $27 <= 0000007c
                 378@00004194: $26 <= 00000000
                 390@0000419c: $ 1 <= 00000000
                 430@00004190: $27 <= 0000007c
                 434@00004194: $26 <= 00000000
                 446@0000419c: $ 1 <= 00000000
                 486@00004190: $27 <= 0000007c
                 490@00004194: $26 <= 00000000
                 502@0000419c: $ 1 <= 00000000
                 542@00004190: $27 <= 0000007c
                 546@00004194: $26 <= 00000000
                 558@0000419c: $ 1 <= 00000000
                 598@00004190: $27 <= 0000007c
                 602@00004194: $26 <= 00000000
                 614@0000419c: $ 1 <= 00000000
                 654@00004190: $27 <= 0000007c
                 658@00004194: $26 <= 00000000
                 670@0000419c: $ 1 <= 00000000
                 710@00004190: $27 <= 0000007c
                 714@00004194: $26 <= 00000000
                 726@0000419c: $ 1 <= 00000000
                 766@00004190: $27 <= 0000007c
                 770@00004194: $26 <= 00000000
                 782@0000419c: $ 1 <= 00000000
                 822@00004190: $27 <= 0000007c
                 826@00004194: $26 <= 00000000
                 838@0000419c: $ 1 <= 00000000
                 878@00004190: $27 <= 0000007c
                 882@00004194: $26 <= 00000000
                 894@0000419c: $ 1 <= 00000000
                 934@00004190: $27 <= 0000007c
                 938@00004194: $26 <= 00000000
                 950@0000419c: $ 1 <= 00000000
                 990@00004190: $27 <= 0000007c
                 994@00004194: $26 <= 00000000
ISim P.20131013 (signature 0x7708f090)
WARNING: A WEBPACK license was found.
WARNING: Please use Xilinx License Configuration Manager to check out a full ISim license.
WARNING: ISim will run in Lite mode. Please refer to the ISim documentation for more information on the differences between the Lite and the Full version.
This is a Lite version of ISim.
# run 1000 ns
Simulator is doing circuit initialization process.
Finished circuit initialization process.
                  38@00003000: $ 1 <= 00000000
                  42@00003004: $ 1 <= 0000fc01
                  46@00003008: $ 8 <= 0000fc01
                  54@00003010: $ 8 <= 80000000
                  58@00003014: $ 9 <= 80000000
                  94@00004190: $27 <= 0000007c
                  98@00004194: $26 <= 00000000
                 110@0000419c: $ 1 <= 00000000
                 150@00004190: $27 <= 0000007c
                 154@00004194: $26 <= 00000000
                 166@0000419c: $ 1 <= 00000000
                 206@00004190: $27 <= 0000007c
                 210@00004194: $26 <= 00000000
                 222@0000419c: $ 1 <= 00000000
                 262@00004190: $27 <= 0000007c
                 266@00004194: $26 <= 00000000
                 278@0000419c: $ 1 <= 00000000
                 318@00004190: $27 <= 0000007c
                 322@00004194: $26 <= 00000000
                 334@0000419c: $ 1 <= 00000000
                 374@00004190: $27 <= 0000007c
                 378@00004194: $26 <= 00000000
                 390@0000419c: $ 1 <= 00000000
                 430@00004190: $27 <= 0000007c
                 434@00004194: $26 <= 00000000
                 446@0000419c: $ 1 <= 00000000
                 486@00004190: $27 <= 0000007c
                 490@00004194: $26 <= 00000000
                 502@0000419c: $ 1 <= 00000000
                 542@00004190: $27 <= 0000007c
                 546@00004194: $26 <= 00000000
                 558@0000419c: $ 1 <= 00000000
                 598@00004190: $27 <= 0000007c
                 602@00004194: $26 <= 00000000
                 614@0000419c: $ 1 <= 00000000
                 654@00004190: $27 <= 0000007c
                 658@00004194: $26 <= 00000000
                 670@0000419c: $ 1 <= 00000000
                 710@00004190: $27 <= 0000007c
                 714@00004194: $26 <= 00000000
                 726@0000419c: $ 1 <= 00000000
                 766@00004190: $27 <= 0000007c
                 770@00004194: $26 <= 00000000
                 782@0000419c: $ 1 <= 00000000
                 822@00004190: $27 <= 0000007c
                 826@00004194: $26 <= 00000000
                 838@0000419c: $ 1 <= 00000000
                 878@00004190: $27 <= 0000007c
                 882@00004194: $26 <= 00000000
                 894@0000419c: $ 1 <= 00000000
                 934@00004190: $27 <= 0000007c
                 938@00004194: $26 <= 00000000
                 950@0000419c: $ 1 <= 00000000
                 990@00004190: $27 <= 0000007c
                 994@00004194: $26 <= 00000000
ISim P.20131013 (signature 0x7708f090)
WARNING: A WEBPACK license was found.
WARNING: Please use Xilinx License Configuration Manager to check out a full ISim license.
WARNING: ISim will run in Lite mode. Please refer to the ISim documentation for more information on the differences between the Lite and the Full version.
This is a Lite version of ISim.
# run 1000 ns
Simulator is doing circuit initialization process.
Finished circuit initialization process.
                  38@00003000: $ 1 <= 00000000
                  42@00003004: $ 1 <= 0000fc01
                  46@00003008: $ 8 <= 0000fc01
                  54@00003010: $ 8 <= 80000000
                  58@00003014: $ 9 <= 80000000
                  94@00004190: $27 <= 0000007c
                  98@00004194: $26 <= 00000000
                 110@0000419c: $ 1 <= 00000000
                 150@00004190: $27 <= 0000007c
                 154@00004194: $26 <= 00000000
                 166@0000419c: $ 1 <= 00000000
                 206@00004190: $27 <= 0000007c
                 210@00004194: $26 <= 00000000
                 222@0000419c: $ 1 <= 00000000
                 262@00004190: $27 <= 0000007c
                 266@00004194: $26 <= 00000000
                 278@0000419c: $ 1 <= 00000000
                 318@00004190: $27 <= 0000007c
                 322@00004194: $26 <= 00000000
                 334@0000419c: $ 1 <= 00000000
                 374@00004190: $27 <= 0000007c
                 378@00004194: $26 <= 00000000
                 390@0000419c: $ 1 <= 00000000
                 430@00004190: $27 <= 0000007c
                 434@00004194: $26 <= 00000000
                 446@0000419c: $ 1 <= 00000000
                 486@00004190: $27 <= 0000007c
                 490@00004194: $26 <= 00000000
                 502@0000419c: $ 1 <= 00000000
                 542@00004190: $27 <= 0000007c
                 546@00004194: $26 <= 00000000
                 558@0000419c: $ 1 <= 00000000
                 598@00004190: $27 <= 0000007c
                 602@00004194: $26 <= 00000000
                 614@0000419c: $ 1 <= 00000000
                 654@00004190: $27 <= 0000007c
                 658@00004194: $26 <= 00000000
                 670@0000419c: $ 1 <= 00000000
                 710@00004190: $27 <= 0000007c
                 714@00004194: $26 <= 00000000
                 726@0000419c: $ 1 <= 00000000
                 766@00004190: $27 <= 0000007c
                 770@00004194: $26 <= 00000000
                 782@0000419c: $ 1 <= 00000000
                 822@00004190: $27 <= 0000007c
                 826@00004194: $26 <= 00000000
                 838@0000419c: $ 1 <= 00000000
                 878@00004190: $27 <= 0000007c
                 882@00004194: $26 <= 00000000
                 894@0000419c: $ 1 <= 00000000
                 934@00004190: $27 <= 0000007c
                 938@00004194: $26 <= 00000000
                 950@0000419c: $ 1 <= 00000000
                 990@00004190: $27 <= 0000007c
                 994@00004194: $26 <= 00000000
ISim P.20131013 (signature 0x7708f090)
WARNING: A WEBPACK license was found.
WARNING: Please use Xilinx License Configuration Manager to check out a full ISim license.
WARNING: ISim will run in Lite mode. Please refer to the ISim documentation for more information on the differences between the Lite and the Full version.
This is a Lite version of ISim.
# run 1000 ns
Simulator is doing circuit initialization process.
Finished circuit initialization process.
                  38@00003000: $ 1 <= 00000000
                  42@00003004: $ 1 <= 0000fc01
                  46@00003008: $ 8 <= 0000fc01
                  54@00003010: $ 8 <= 80000000
                  58@00003014: $ 9 <= 80000000
                  94@00004190: $27 <= 0000007c
                  98@00004194: $26 <= 00000000
                 110@0000419c: $ 1 <= 00000000
                 150@00004190: $27 <= 0000007c
                 154@00004194: $26 <= 00000000
                 166@0000419c: $ 1 <= 00000000
                 206@00004190: $27 <= 0000007c
                 210@00004194: $26 <= 00000000
                 222@0000419c: $ 1 <= 00000000
                 262@00004190: $27 <= 0000007c
                 266@00004194: $26 <= 00000000
                 278@0000419c: $ 1 <= 00000000
                 318@00004190: $27 <= 0000007c
                 322@00004194: $26 <= 00000000
                 334@0000419c: $ 1 <= 00000000
                 374@00004190: $27 <= 0000007c
                 378@00004194: $26 <= 00000000
                 390@0000419c: $ 1 <= 00000000
                 430@00004190: $27 <= 0000007c
                 434@00004194: $26 <= 00000000
                 446@0000419c: $ 1 <= 00000000
                 486@00004190: $27 <= 0000007c
                 490@00004194: $26 <= 00000000
                 502@0000419c: $ 1 <= 00000000
                 542@00004190: $27 <= 0000007c
                 546@00004194: $26 <= 00000000
                 558@0000419c: $ 1 <= 00000000
                 598@00004190: $27 <= 0000007c
                 602@00004194: $26 <= 00000000
                 614@0000419c: $ 1 <= 00000000
                 654@00004190: $27 <= 0000007c
                 658@00004194: $26 <= 00000000
                 670@0000419c: $ 1 <= 00000000
                 710@00004190: $27 <= 0000007c
                 714@00004194: $26 <= 00000000
                 726@0000419c: $ 1 <= 00000000
                 766@00004190: $27 <= 0000007c
                 770@00004194: $26 <= 00000000
                 782@0000419c: $ 1 <= 00000000
                 822@00004190: $27 <= 0000007c
                 826@00004194: $26 <= 00000000
                 838@0000419c: $ 1 <= 00000000
                 878@00004190: $27 <= 0000007c
                 882@00004194: $26 <= 00000000
                 894@0000419c: $ 1 <= 00000000
                 934@00004190: $27 <= 0000007c
                 938@00004194: $26 <= 00000000
                 950@0000419c: $ 1 <= 00000000
                 990@00004190: $27 <= 0000007c
                 994@00004194: $26 <= 00000000
ISim P.20131013 (signature 0x7708f090)
WARNING: A WEBPACK license was found.
WARNING: Please use Xilinx License Configuration Manager to check out a full ISim license.
WARNING: ISim will run in Lite mode. Please refer to the ISim documentation for more information on the differences between the Lite and the Full version.
This is a Lite version of ISim.
# run 1000 ns
Simulator is doing circuit initialization process.
Finished circuit initialization process.
                  38@00003000: $ 1 <= 00000000
                  42@00003004: $ 1 <= 0000fc01
                  46@00003008: $ 8 <= 0000fc01
                  54@00003010: $ 8 <= 80000000
                  58@00003014: $ 9 <= 80000000
                  94@00004190: $27 <= 0000007c
                  98@00004194: $26 <= 00000000
                 110@0000419c: $ 1 <= 00000000
                 150@00004190: $27 <= 0000007c
                 154@00004194: $26 <= 00000000
                 166@0000419c: $ 1 <= 00000000
                 206@00004190: $27 <= 0000007c
                 210@00004194: $26 <= 00000000
                 222@0000419c: $ 1 <= 00000000
                 262@00004190: $27 <= 0000007c
                 266@00004194: $26 <= 00000000
                 278@0000419c: $ 1 <= 00000000
                 318@00004190: $27 <= 0000007c
                 322@00004194: $26 <= 00000000
                 334@0000419c: $ 1 <= 00000000
                 374@00004190: $27 <= 0000007c
                 378@00004194: $26 <= 00000000
                 390@0000419c: $ 1 <= 00000000
                 430@00004190: $27 <= 0000007c
                 434@00004194: $26 <= 00000000
                 446@0000419c: $ 1 <= 00000000
                 486@00004190: $27 <= 0000007c
                 490@00004194: $26 <= 00000000
                 502@0000419c: $ 1 <= 00000000
                 542@00004190: $27 <= 0000007c
                 546@00004194: $26 <= 00000000
                 558@0000419c: $ 1 <= 00000000
                 598@00004190: $27 <= 0000007c
                 602@00004194: $26 <= 00000000
                 614@0000419c: $ 1 <= 00000000
                 654@00004190: $27 <= 0000007c
                 658@00004194: $26 <= 00000000
                 670@0000419c: $ 1 <= 00000000
                 710@00004190: $27 <= 0000007c
                 714@00004194: $26 <= 00000000
                 726@0000419c: $ 1 <= 00000000
                 766@00004190: $27 <= 0000007c
                 770@00004194: $26 <= 00000000
                 782@0000419c: $ 1 <= 00000000
                 822@00004190: $27 <= 0000007c
                 826@00004194: $26 <= 00000000
                 838@0000419c: $ 1 <= 00000000
                 878@00004190: $27 <= 0000007c
                 882@00004194: $26 <= 00000000
                 894@0000419c: $ 1 <= 00000000
                 934@00004190: $27 <= 0000007c
                 938@00004194: $26 <= 00000000
                 950@0000419c: $ 1 <= 00000000
                 990@00004190: $27 <= 0000007c
                 994@00004194: $26 <= 00000000
ISim P.20131013 (signature 0x7708f090)
WARNING: A WEBPACK license was found.
WARNING: Please use Xilinx License Configuration Manager to check out a full ISim license.
WARNING: ISim will run in Lite mode. Please refer to the ISim documentation for more information on the differences between the Lite and the Full version.
This is a Lite version of ISim.
# run 1000 ns
Simulator is doing circuit initialization process.
Finished circuit initialization process.
                  38@00003000: $ 1 <= 00000000
                  42@00003004: $ 1 <= 0000fc01
                  46@00003008: $ 8 <= 0000fc01
                  54@00003010: $ 8 <= 80000000
                  58@00003014: $ 9 <= 80000000
                  94@00004190: $27 <= 0000007c
                  98@00004194: $26 <= 00000000
                 110@0000419c: $ 1 <= 00000000
                 150@00004190: $27 <= 0000007c
                 154@00004194: $26 <= 00000000
                 166@0000419c: $ 1 <= 00000000
                 206@00004190: $27 <= 0000007c
                 210@00004194: $26 <= 00000000
                 222@0000419c: $ 1 <= 00000000
                 262@00004190: $27 <= 0000007c
                 266@00004194: $26 <= 00000000
                 278@0000419c: $ 1 <= 00000000
                 318@00004190: $27 <= 0000007c
                 322@00004194: $26 <= 00000000
                 334@0000419c: $ 1 <= 00000000
                 374@00004190: $27 <= 0000007c
                 378@00004194: $26 <= 00000000
                 390@0000419c: $ 1 <= 00000000
                 430@00004190: $27 <= 0000007c
                 434@00004194: $26 <= 00000000
                 446@0000419c: $ 1 <= 00000000
                 486@00004190: $27 <= 0000007c
                 490@00004194: $26 <= 00000000
                 502@0000419c: $ 1 <= 00000000
                 542@00004190: $27 <= 0000007c
                 546@00004194: $26 <= 00000000
                 558@0000419c: $ 1 <= 00000000
                 598@00004190: $27 <= 0000007c
                 602@00004194: $26 <= 00000000
                 614@0000419c: $ 1 <= 00000000
                 654@00004190: $27 <= 0000007c
                 658@00004194: $26 <= 00000000
                 670@0000419c: $ 1 <= 00000000
                 710@00004190: $27 <= 0000007c
                 714@00004194: $26 <= 00000000
                 726@0000419c: $ 1 <= 00000000
                 766@00004190: $27 <= 0000007c
                 770@00004194: $26 <= 00000000
                 782@0000419c: $ 1 <= 00000000
                 822@00004190: $27 <= 0000007c
                 826@00004194: $26 <= 00000000
                 838@0000419c: $ 1 <= 00000000
                 878@00004190: $27 <= 0000007c
                 882@00004194: $26 <= 00000000
                 894@0000419c: $ 1 <= 00000000
                 934@00004190: $27 <= 0000007c
                 938@00004194: $26 <= 00000000
                 950@0000419c: $ 1 <= 00000000
                 990@00004190: $27 <= 0000007c
                 994@00004194: $26 <= 00000000
ISim P.20131013 (signature 0x7708f090)
WARNING: A WEBPACK license was found.
WARNING: Please use Xilinx License Configuration Manager to check out a full ISim license.
WARNING: ISim will run in Lite mode. Please refer to the ISim documentation for more information on the differences between the Lite and the Full version.
This is a Lite version of ISim.
# run 1000 ns
Simulator is doing circuit initialization process.
Finished circuit initialization process.
                  38@00003000: $ 1 <= 00000000
                  42@00003004: $ 1 <= 0000fc01
                  46@00003008: $ 8 <= 0000fc01
                  54@00003010: $ 8 <= 80000000
                  58@00003014: $ 9 <= 80000000
                  94@00004190: $27 <= 0000007c
                  98@00004194: $26 <= 00000000
                 110@0000419c: $ 1 <= 00000000
                 150@00004190: $27 <= 0000007c
                 154@00004194: $26 <= 00000000
                 166@0000419c: $ 1 <= 00000000
                 206@00004190: $27 <= 0000007c
                 210@00004194: $26 <= 00000000
                 222@0000419c: $ 1 <= 00000000
                 262@00004190: $27 <= 0000007c
                 266@00004194: $26 <= 00000000
                 278@0000419c: $ 1 <= 00000000
                 318@00004190: $27 <= 0000007c
                 322@00004194: $26 <= 00000000
                 334@0000419c: $ 1 <= 00000000
                 374@00004190: $27 <= 0000007c
                 378@00004194: $26 <= 00000000
                 390@0000419c: $ 1 <= 00000000
                 430@00004190: $27 <= 0000007c
                 434@00004194: $26 <= 00000000
                 446@0000419c: $ 1 <= 00000000
                 486@00004190: $27 <= 0000007c
                 490@00004194: $26 <= 00000000
                 502@0000419c: $ 1 <= 00000000
                 542@00004190: $27 <= 0000007c
                 546@00004194: $26 <= 00000000
                 558@0000419c: $ 1 <= 00000000
                 598@00004190: $27 <= 0000007c
                 602@00004194: $26 <= 00000000
                 614@0000419c: $ 1 <= 00000000
                 654@00004190: $27 <= 0000007c
                 658@00004194: $26 <= 00000000
                 670@0000419c: $ 1 <= 00000000
                 710@00004190: $27 <= 0000007c
                 714@00004194: $26 <= 00000000
                 726@0000419c: $ 1 <= 00000000
                 766@00004190: $27 <= 0000007c
                 770@00004194: $26 <= 00000000
                 782@0000419c: $ 1 <= 00000000
                 822@00004190: $27 <= 0000007c
                 826@00004194: $26 <= 00000000
                 838@0000419c: $ 1 <= 00000000
                 878@00004190: $27 <= 0000007c
                 882@00004194: $26 <= 00000000
                 894@0000419c: $ 1 <= 00000000
                 934@00004190: $27 <= 0000007c
                 938@00004194: $26 <= 00000000
                 950@0000419c: $ 1 <= 00000000
                 990@00004190: $27 <= 0000007c
                 994@00004194: $26 <= 00000000
ISim P.20131013 (signature 0x7708f090)
WARNING: A WEBPACK license was found.
WARNING: Please use Xilinx License Configuration Manager to check out a full ISim license.
WARNING: ISim will run in Lite mode. Please refer to the ISim documentation for more information on the differences between the Lite and the Full version.
This is a Lite version of ISim.
# run 1000 ns
Simulator is doing circuit initialization process.
Finished circuit initialization process.
                  38@00003000: $ 1 <= 00000000
                  42@00003004: $ 1 <= 0000fc01
                  46@00003008: $ 8 <= 0000fc01
                  54@00003010: $ 8 <= 80000000
                  58@00003014: $ 9 <= 80000000
                  94@00004190: $27 <= 0000007c
                  98@00004194: $26 <= 00000000
                 110@0000419c: $ 1 <= 00000000
                 150@00004190: $27 <= 0000007c
                 154@00004194: $26 <= 00000000
                 166@0000419c: $ 1 <= 00000000
                 206@00004190: $27 <= 0000007c
                 210@00004194: $26 <= 00000000
                 222@0000419c: $ 1 <= 00000000
                 262@00004190: $27 <= 0000007c
                 266@00004194: $26 <= 00000000
                 278@0000419c: $ 1 <= 00000000
                 318@00004190: $27 <= 0000007c
                 322@00004194: $26 <= 00000000
                 334@0000419c: $ 1 <= 00000000
                 374@00004190: $27 <= 0000007c
                 378@00004194: $26 <= 00000000
                 390@0000419c: $ 1 <= 00000000
                 430@00004190: $27 <= 0000007c
                 434@00004194: $26 <= 00000000
                 446@0000419c: $ 1 <= 00000000
                 486@00004190: $27 <= 0000007c
                 490@00004194: $26 <= 00000000
                 502@0000419c: $ 1 <= 00000000
                 542@00004190: $27 <= 0000007c
                 546@00004194: $26 <= 00000000
                 558@0000419c: $ 1 <= 00000000
                 598@00004190: $27 <= 0000007c
                 602@00004194: $26 <= 00000000
                 614@0000419c: $ 1 <= 00000000
                 654@00004190: $27 <= 0000007c
                 658@00004194: $26 <= 00000000
                 670@0000419c: $ 1 <= 00000000
                 710@00004190: $27 <= 0000007c
                 714@00004194: $26 <= 00000000
                 726@0000419c: $ 1 <= 00000000
                 766@00004190: $27 <= 0000007c
                 770@00004194: $26 <= 00000000
                 782@0000419c: $ 1 <= 00000000
                 822@00004190: $27 <= 0000007c
                 826@00004194: $26 <= 00000000
                 838@0000419c: $ 1 <= 00000000
                 878@00004190: $27 <= 0000007c
                 882@00004194: $26 <= 00000000
                 894@0000419c: $ 1 <= 00000000
                 934@00004190: $27 <= 0000007c
                 938@00004194: $26 <= 00000000
                 950@0000419c: $ 1 <= 00000000
                 990@00004190: $27 <= 0000007c
                 994@00004194: $26 <= 00000000
ISim P.20131013 (signature 0x7708f090)
WARNING: A WEBPACK license was found.
WARNING: Please use Xilinx License Configuration Manager to check out a full ISim license.
WARNING: ISim will run in Lite mode. Please refer to the ISim documentation for more information on the differences between the Lite and the Full version.
This is a Lite version of ISim.
# run 1000 ns
Simulator is doing circuit initialization process.
Finished circuit initialization process.
                  38@00003000: $ 1 <= 00000000
                  42@00003004: $ 1 <= 0000fc01
                  46@00003008: $ 8 <= 0000fc01
                  54@00003010: $ 8 <= 80000000
                  58@00003014: $ 9 <= 80000000
                  94@00004190: $27 <= 0000007c
                  98@00004194: $26 <= 00000000
                 110@0000419c: $ 1 <= 00000000
                 150@00004190: $27 <= 0000007c
                 154@00004194: $26 <= 00000000
                 166@0000419c: $ 1 <= 00000000
                 206@00004190: $27 <= 0000007c
                 210@00004194: $26 <= 00000000
                 222@0000419c: $ 1 <= 00000000
                 262@00004190: $27 <= 0000007c
                 266@00004194: $26 <= 00000000
                 278@0000419c: $ 1 <= 00000000
                 318@00004190: $27 <= 0000007c
                 322@00004194: $26 <= 00000000
                 334@0000419c: $ 1 <= 00000000
                 374@00004190: $27 <= 0000007c
                 378@00004194: $26 <= 00000000
                 390@0000419c: $ 1 <= 00000000
                 430@00004190: $27 <= 0000007c
                 434@00004194: $26 <= 00000000
                 446@0000419c: $ 1 <= 00000000
                 486@00004190: $27 <= 0000007c
                 490@00004194: $26 <= 00000000
                 502@0000419c: $ 1 <= 00000000
                 542@00004190: $27 <= 0000007c
                 546@00004194: $26 <= 00000000
                 558@0000419c: $ 1 <= 00000000
                 598@00004190: $27 <= 0000007c
                 602@00004194: $26 <= 00000000
                 614@0000419c: $ 1 <= 00000000
                 654@00004190: $27 <= 0000007c
                 658@00004194: $26 <= 00000000
                 670@0000419c: $ 1 <= 00000000
                 710@00004190: $27 <= 0000007c
                 714@00004194: $26 <= 00000000
                 726@0000419c: $ 1 <= 00000000
                 766@00004190: $27 <= 0000007c
                 770@00004194: $26 <= 00000000
                 782@0000419c: $ 1 <= 00000000
                 822@00004190: $27 <= 0000007c
                 826@00004194: $26 <= 00000000
                 838@0000419c: $ 1 <= 00000000
                 878@00004190: $27 <= 0000007c
                 882@00004194: $26 <= 00000000
                 894@0000419c: $ 1 <= 00000000
                 934@00004190: $27 <= 0000007c
                 938@00004194: $26 <= 00000000
                 950@0000419c: $ 1 <= 00000000
                 990@00004190: $27 <= 0000007c
                 994@00004194: $26 <= 00000000
ISim P.20131013 (signature 0x7708f090)
WARNING: A WEBPACK license was found.
WARNING: Please use Xilinx License Configuration Manager to check out a full ISim license.
WARNING: ISim will run in Lite mode. Please refer to the ISim documentation for more information on the differences between the Lite and the Full version.
This is a Lite version of ISim.
# run 1000 ns
Simulator is doing circuit initialization process.
Finished circuit initialization process.
                  38@00003000: $ 1 <= 00000000
                  42@00003004: $ 1 <= 0000fc01
                  46@00003008: $ 8 <= 0000fc01
                  86@00004190: $27 <= 0000007c
                  90@00004194: $26 <= 00000000
                 102@0000419c: $ 1 <= 00000000
                 142@00004190: $27 <= 0000007c
                 146@00004194: $26 <= 00000000
                 158@0000419c: $ 1 <= 00000000
                 198@00004190: $27 <= 0000007c
                 202@00004194: $26 <= 00000000
                 214@0000419c: $ 1 <= 00000000
                 254@00004190: $27 <= 0000007c
                 258@00004194: $26 <= 00000000
                 270@0000419c: $ 1 <= 00000000
                 310@00004190: $27 <= 0000007c
                 314@00004194: $26 <= 00000000
                 326@0000419c: $ 1 <= 00000000
                 366@00004190: $27 <= 0000007c
                 370@00004194: $26 <= 00000000
                 382@0000419c: $ 1 <= 00000000
                 422@00004190: $27 <= 0000007c
                 426@00004194: $26 <= 00000000
                 438@0000419c: $ 1 <= 00000000
                 478@00004190: $27 <= 0000007c
                 482@00004194: $26 <= 00000000
                 494@0000419c: $ 1 <= 00000000
                 534@00004190: $27 <= 0000007c
                 538@00004194: $26 <= 00000000
                 550@0000419c: $ 1 <= 00000000
                 590@00004190: $27 <= 0000007c
                 594@00004194: $26 <= 00000000
                 606@0000419c: $ 1 <= 00000000
                 646@00004190: $27 <= 0000007c
                 650@00004194: $26 <= 00000000
                 662@0000419c: $ 1 <= 00000000
                 702@00004190: $27 <= 0000007c
                 706@00004194: $26 <= 00000000
                 718@0000419c: $ 1 <= 00000000
                 758@00004190: $27 <= 0000007c
                 762@00004194: $26 <= 00000000
                 774@0000419c: $ 1 <= 00000000
                 814@00004190: $27 <= 0000007c
                 818@00004194: $26 <= 00000000
                 830@0000419c: $ 1 <= 00000000
                 870@00004190: $27 <= 0000007c
                 874@00004194: $26 <= 00000000
                 886@0000419c: $ 1 <= 00000000
                 926@00004190: $27 <= 0000007c
                 930@00004194: $26 <= 00000000
                 942@0000419c: $ 1 <= 00000000
                 982@00004190: $27 <= 0000007c
                 986@00004194: $26 <= 00000000
                 998@0000419c: $ 1 <= 00000000
ISim P.20131013 (signature 0x7708f090)
WARNING: A WEBPACK license was found.
WARNING: Please use Xilinx License Configuration Manager to check out a full ISim license.
WARNING: ISim will run in Lite mode. Please refer to the ISim documentation for more information on the differences between the Lite and the Full version.
This is a Lite version of ISim.
# run 1000 ns
Simulator is doing circuit initialization process.
Finished circuit initialization process.
                  38@00003000: $ 1 <= 00000000
                  42@00003004: $ 1 <= 0000fc01
                  46@00003008: $ 8 <= 0000fc01
                  86@00004190: $27 <= 0000007c
                  90@00004194: $26 <= 00000000
                 102@0000419c: $ 1 <= 00000000
                 142@00004190: $27 <= 0000007c
                 146@00004194: $26 <= 00000000
                 158@0000419c: $ 1 <= 00000000
                 198@00004190: $27 <= 0000007c
                 202@00004194: $26 <= 00000000
                 214@0000419c: $ 1 <= 00000000
                 254@00004190: $27 <= 0000007c
                 258@00004194: $26 <= 00000000
                 270@0000419c: $ 1 <= 00000000
                 310@00004190: $27 <= 0000007c
                 314@00004194: $26 <= 00000000
                 326@0000419c: $ 1 <= 00000000
                 366@00004190: $27 <= 0000007c
                 370@00004194: $26 <= 00000000
                 382@0000419c: $ 1 <= 00000000
                 422@00004190: $27 <= 0000007c
                 426@00004194: $26 <= 00000000
                 438@0000419c: $ 1 <= 00000000
                 478@00004190: $27 <= 0000007c
                 482@00004194: $26 <= 00000000
                 494@0000419c: $ 1 <= 00000000
                 534@00004190: $27 <= 0000007c
                 538@00004194: $26 <= 00000000
                 550@0000419c: $ 1 <= 00000000
                 590@00004190: $27 <= 0000007c
                 594@00004194: $26 <= 00000000
                 606@0000419c: $ 1 <= 00000000
                 646@00004190: $27 <= 0000007c
                 650@00004194: $26 <= 00000000
                 662@0000419c: $ 1 <= 00000000
                 702@00004190: $27 <= 0000007c
                 706@00004194: $26 <= 00000000
                 718@0000419c: $ 1 <= 00000000
                 758@00004190: $27 <= 0000007c
                 762@00004194: $26 <= 00000000
                 774@0000419c: $ 1 <= 00000000
                 814@00004190: $27 <= 0000007c
                 818@00004194: $26 <= 00000000
                 830@0000419c: $ 1 <= 00000000
                 870@00004190: $27 <= 0000007c
                 874@00004194: $26 <= 00000000
                 886@0000419c: $ 1 <= 00000000
                 926@00004190: $27 <= 0000007c
                 930@00004194: $26 <= 00000000
                 942@0000419c: $ 1 <= 00000000
                 982@00004190: $27 <= 0000007c
                 986@00004194: $26 <= 00000000
                 998@0000419c: $ 1 <= 00000000
ISim P.20131013 (signature 0x7708f090)
WARNING: A WEBPACK license was found.
WARNING: Please use Xilinx License Configuration Manager to check out a full ISim license.
WARNING: ISim will run in Lite mode. Please refer to the ISim documentation for more information on the differences between the Lite and the Full version.
This is a Lite version of ISim.
# run 1000 ns
Simulator is doing circuit initialization process.
Finished circuit initialization process.
                  38@00003000: $ 1 <= 00000000
                  42@00003004: $ 1 <= 0000fc01
                  46@00003008: $ 8 <= 0000fc01
                  86@00004190: $27 <= 0000007c
                  90@00004194: $26 <= 00000000
                 102@0000419c: $ 1 <= 00000000
                 142@00004190: $27 <= 0000007c
                 146@00004194: $26 <= 00000000
                 158@0000419c: $ 1 <= 00000000
                 198@00004190: $27 <= 0000007c
                 202@00004194: $26 <= 00000000
                 214@0000419c: $ 1 <= 00000000
                 254@00004190: $27 <= 0000007c
                 258@00004194: $26 <= 00000000
                 270@0000419c: $ 1 <= 00000000
                 310@00004190: $27 <= 0000007c
                 314@00004194: $26 <= 00000000
                 326@0000419c: $ 1 <= 00000000
                 366@00004190: $27 <= 0000007c
                 370@00004194: $26 <= 00000000
                 382@0000419c: $ 1 <= 00000000
                 422@00004190: $27 <= 0000007c
                 426@00004194: $26 <= 00000000
                 438@0000419c: $ 1 <= 00000000
                 478@00004190: $27 <= 0000007c
                 482@00004194: $26 <= 00000000
                 494@0000419c: $ 1 <= 00000000
                 534@00004190: $27 <= 0000007c
                 538@00004194: $26 <= 00000000
                 550@0000419c: $ 1 <= 00000000
                 590@00004190: $27 <= 0000007c
                 594@00004194: $26 <= 00000000
                 606@0000419c: $ 1 <= 00000000
                 646@00004190: $27 <= 0000007c
                 650@00004194: $26 <= 00000000
                 662@0000419c: $ 1 <= 00000000
                 702@00004190: $27 <= 0000007c
                 706@00004194: $26 <= 00000000
                 718@0000419c: $ 1 <= 00000000
                 758@00004190: $27 <= 0000007c
                 762@00004194: $26 <= 00000000
                 774@0000419c: $ 1 <= 00000000
                 814@00004190: $27 <= 0000007c
                 818@00004194: $26 <= 00000000
                 830@0000419c: $ 1 <= 00000000
                 870@00004190: $27 <= 0000007c
                 874@00004194: $26 <= 00000000
                 886@0000419c: $ 1 <= 00000000
                 926@00004190: $27 <= 0000007c
                 930@00004194: $26 <= 00000000
                 942@0000419c: $ 1 <= 00000000
                 982@00004190: $27 <= 0000007c
                 986@00004194: $26 <= 00000000
                 998@0000419c: $ 1 <= 00000000
ISim P.20131013 (signature 0x7708f090)
WARNING: A WEBPACK license was found.
WARNING: Please use Xilinx License Configuration Manager to check out a full ISim license.
WARNING: ISim will run in Lite mode. Please refer to the ISim documentation for more information on the differences between the Lite and the Full version.
This is a Lite version of ISim.
# run 1000 ns
Simulator is doing circuit initialization process.
Finished circuit initialization process.
                  38@00003000: $ 1 <= 00000000
                  42@00003004: $ 1 <= 0000fc01
                  46@00003008: $ 8 <= 0000fc01
                  70@00004180: $26 <= 0000fc03
                  74@00004184: $26 <= 00001000
                  78@00004188: $26 <= 00003010
                  82@0000418c: $26 <= 00001000
                  86@00004190: $27 <= 0000007c
                  90@00004194: $26 <= 00000000
                 102@0000419c: $ 1 <= 00000000
                 126@00004180: $26 <= 0000fc03
                 130@00004184: $26 <= 00001000
                 134@00004188: $26 <= 00003010
                 138@0000418c: $26 <= 00001000
                 142@00004190: $27 <= 0000007c
                 146@00004194: $26 <= 00000000
                 158@0000419c: $ 1 <= 00000000
                 182@00004180: $26 <= 0000fc03
                 186@00004184: $26 <= 00001000
                 190@00004188: $26 <= 00003010
                 194@0000418c: $26 <= 00001000
                 198@00004190: $27 <= 0000007c
                 202@00004194: $26 <= 00000000
                 214@0000419c: $ 1 <= 00000000
                 238@00004180: $26 <= 0000fc03
                 242@00004184: $26 <= 00001000
                 246@00004188: $26 <= 00003010
                 250@0000418c: $26 <= 00001000
                 254@00004190: $27 <= 0000007c
                 258@00004194: $26 <= 00000000
                 270@0000419c: $ 1 <= 00000000
                 294@00004180: $26 <= 0000fc03
                 298@00004184: $26 <= 00001000
                 302@00004188: $26 <= 00003010
                 306@0000418c: $26 <= 00001000
                 310@00004190: $27 <= 0000007c
                 314@00004194: $26 <= 00000000
                 326@0000419c: $ 1 <= 00000000
                 350@00004180: $26 <= 0000fc03
                 354@00004184: $26 <= 00001000
                 358@00004188: $26 <= 00003010
                 362@0000418c: $26 <= 00001000
                 366@00004190: $27 <= 0000007c
                 370@00004194: $26 <= 00000000
                 382@0000419c: $ 1 <= 00000000
                 406@00004180: $26 <= 0000fc03
                 410@00004184: $26 <= 00001000
                 414@00004188: $26 <= 00003010
                 418@0000418c: $26 <= 00001000
                 422@00004190: $27 <= 0000007c
                 426@00004194: $26 <= 00000000
                 438@0000419c: $ 1 <= 00000000
                 462@00004180: $26 <= 0000fc03
                 466@00004184: $26 <= 00001000
                 470@00004188: $26 <= 00003010
                 474@0000418c: $26 <= 00001000
                 478@00004190: $27 <= 0000007c
                 482@00004194: $26 <= 00000000
                 494@0000419c: $ 1 <= 00000000
                 518@00004180: $26 <= 0000fc03
                 522@00004184: $26 <= 00001000
                 526@00004188: $26 <= 00003010
                 530@0000418c: $26 <= 00001000
                 534@00004190: $27 <= 0000007c
                 538@00004194: $26 <= 00000000
                 550@0000419c: $ 1 <= 00000000
                 574@00004180: $26 <= 0000fc03
                 578@00004184: $26 <= 00001000
                 582@00004188: $26 <= 00003010
                 586@0000418c: $26 <= 00001000
                 590@00004190: $27 <= 0000007c
                 594@00004194: $26 <= 00000000
                 606@0000419c: $ 1 <= 00000000
                 630@00004180: $26 <= 0000fc03
                 634@00004184: $26 <= 00001000
                 638@00004188: $26 <= 00003010
                 642@0000418c: $26 <= 00001000
                 646@00004190: $27 <= 0000007c
                 650@00004194: $26 <= 00000000
                 662@0000419c: $ 1 <= 00000000
                 686@00004180: $26 <= 0000fc03
                 690@00004184: $26 <= 00001000
                 694@00004188: $26 <= 00003010
                 698@0000418c: $26 <= 00001000
                 702@00004190: $27 <= 0000007c
                 706@00004194: $26 <= 00000000
                 718@0000419c: $ 1 <= 00000000
                 742@00004180: $26 <= 0000fc03
                 746@00004184: $26 <= 00001000
                 750@00004188: $26 <= 00003010
                 754@0000418c: $26 <= 00001000
                 758@00004190: $27 <= 0000007c
                 762@00004194: $26 <= 00000000
                 774@0000419c: $ 1 <= 00000000
                 798@00004180: $26 <= 0000fc03
                 802@00004184: $26 <= 00001000
                 806@00004188: $26 <= 00003010
                 810@0000418c: $26 <= 00001000
                 814@00004190: $27 <= 0000007c
                 818@00004194: $26 <= 00000000
                 830@0000419c: $ 1 <= 00000000
                 854@00004180: $26 <= 0000fc03
                 858@00004184: $26 <= 00001000
                 862@00004188: $26 <= 00003010
                 866@0000418c: $26 <= 00001000
                 870@00004190: $27 <= 0000007c
                 874@00004194: $26 <= 00000000
                 886@0000419c: $ 1 <= 00000000
                 910@00004180: $26 <= 0000fc03
                 914@00004184: $26 <= 00001000
                 918@00004188: $26 <= 00003010
                 922@0000418c: $26 <= 00001000
                 926@00004190: $27 <= 0000007c
                 930@00004194: $26 <= 00000000
                 942@0000419c: $ 1 <= 00000000
                 966@00004180: $26 <= 0000fc03
                 970@00004184: $26 <= 00001000
                 974@00004188: $26 <= 00003010
                 978@0000418c: $26 <= 00001000
                 982@00004190: $27 <= 0000007c
                 986@00004194: $26 <= 00000000
                 998@0000419c: $ 1 <= 00000000
