Command line:
   mips_tb_isim_beh.exe
     -simmode  gui
     -simrunnum  0
     -socket  59018

Tue Nov 29 15:20:36 2022


 Elaboration Time: 0.046875 sec

 Current Memory Usage: 842.06 Meg

 Total Signals          : 156
 Total Nets             : 743
 Total Signal Drivers   : 68
 Total Blocks           : 13
 Total Primitive Blocks : 11
 Total Processes        : 82
 Total Traceable Variables  : 32
 Total Scalar Nets and Variables : 231486
Total Line Count : 142

 Total Simulation Time: 0.046875 sec

 Current Memory Usage: 370.463 Meg

Tue Nov 29 15:57:24 2022

