Command line:
   mips_tb_isim_beh.exe
     -simmode  gui
     -simrunnum  0
     -socket  58902

Mon Dec 05 12:43:15 2022


 Elaboration Time: 0.046875 sec

 Current Memory Usage: 842.969 Meg

 Total Signals          : 230
 Total Nets             : 1487
 Total Signal Drivers   : 101
 Total Blocks           : 25
 Total Primitive Blocks : 23
 Total Processes        : 173
 Total Traceable Variables  : 108
 Total Scalar Nets and Variables : 265971
Total Line Count : 627

 Total Simulation Time: 0.046875 sec

 Current Memory Usage: 371.372 Meg

Mon Dec 05 13:03:35 2022

