Command line:
   mips_txt_isim_beh.exe
     -simmode  gui
     -simrunnum  0
     -socket  55684

Tue Dec 20 20:33:16 2022


 Elaboration Time: 0.046875 sec

 Current Memory Usage: 839.373 Meg

 Total Signals          : 514
 Total Nets             : 2471
 Total Signal Drivers   : 349
 Total Blocks           : 18
 Total Primitive Blocks : 16
 Total Processes        : 368
 Total Traceable Variables  : 150
 Total Scalar Nets and Variables : 267030
Total Line Count : 501

 Total Simulation Time: 0.078125 sec

 Current Memory Usage: 367.776 Meg

Wed Dec 21 00:38:51 2022

