Command line:
   gray_tb_isim_beh.exe
     -simmode  gui
     -simrunnum  0
     -socket  60815

Sun Oct 09 15:17:38 2022


 Elaboration Time: 0.046875 sec

 Current Memory Usage: 841.433 Meg

 Total Signals          : 20
 Total Nets             : 20
 Total Signal Drivers   : 10
 Total Blocks           : 3
 Total Primitive Blocks : 2
 Total Processes        : 13
 Total Traceable Variables  : 23
 Total Scalar Nets and Variables : 107
Total Line Count : 38

 Total Simulation Time: 0.046875 sec

 Current Memory Usage: 841.433 Meg

Sun Oct 09 15:17:59 2022

