Command line:
   mips_tb_isim_beh.exe
     -simmode  gui
     -simrunnum  0
     -socket  61308

Mon Dec 12 19:52:29 2022


 Elaboration Time: 0.046875 sec

 Current Memory Usage: 844.247 Meg

 Total Signals          : 346
 Total Nets             : 1851
 Total Signal Drivers   : 211
 Total Blocks           : 18
 Total Primitive Blocks : 16
 Total Processes        : 228
 Total Traceable Variables  : 46
 Total Scalar Nets and Variables : 233069
Total Line Count : 310

 Total Simulation Time: 0.0625 sec

 Current Memory Usage: 372.65 Meg

Mon Dec 12 20:34:13 2022

