ISim log file
Running: D:\Programing\BUAA-CO\P4\2023New\offline\mips_tb_isim_beh.exe -intstyle ise -gui -tclbatch isim.cmd -wdb D:/Programing/BUAA-CO/P4/2023New/offline/mips_tb_isim_beh.wdb 
ISim P.20131013 (signature 0x7708f090)
WARNING: A WEBPACK license was found.
WARNING: Please use Xilinx License Configuration Manager to check out a full ISim license.
WARNING: ISim will run in Lite mode. Please refer to the ISim documentation for more information on the differences between the Lite and the Full version.
This is a Lite version of ISim.
Time resolution is 1 ps
# onerror resume
# wave add /
# run 1000 ns
Simulator is doing circuit initialization process.
Finished circuit initialization process.
@00003004: $16 <= 00000001
@00003008: $17 <= 00000001
@0000300c: $17 <= ffffffff
@00003014: $18 <= 12340000
ISim P.20131013 (signature 0x7708f090)
WARNING: A WEBPACK license was found.
WARNING: Please use Xilinx License Configuration Manager to check out a full ISim license.
WARNING: ISim will run in Lite mode. Please refer to the ISim documentation for more information on the differences between the Lite and the Full version.
This is a Lite version of ISim.
# run 1000 ns
Simulator is doing circuit initialization process.
Finished circuit initialization process.
@00003000: $31 <= 00003004
@00003004: $16 <= 00000001
@00003008: $17 <= 00000001
@0000300c: $17 <= ffffffff
@00003014: $18 <= 12340000
ISim P.20131013 (signature 0x7708f090)
WARNING: A WEBPACK license was found.
WARNING: Please use Xilinx License Configuration Manager to check out a full ISim license.
WARNING: ISim will run in Lite mode. Please refer to the ISim documentation for more information on the differences between the Lite and the Full version.
This is a Lite version of ISim.
# run 1000 ns
Simulator is doing circuit initialization process.
Finished circuit initialization process.
@00003000: $31 <= 00003004
@00003004: $16 <= 00000001
@00003008: $17 <= 00000001
@0000300c: $17 <= ffffffff
ISim P.20131013 (signature 0x7708f090)
WARNING: A WEBPACK license was found.
WARNING: Please use Xilinx License Configuration Manager to check out a full ISim license.
WARNING: ISim will run in Lite mode. Please refer to the ISim documentation for more information on the differences between the Lite and the Full version.
This is a Lite version of ISim.
# run 1000 ns
Simulator is doing circuit initialization process.
Finished circuit initialization process.
@00003000: $31 <= 00003004
@00003008: $17 <= 00000001
@0000300c: $17 <= ffffffff
@00003014: $18 <= 12340000
