ISim log file
Running: D:\Programing\ComputerOrganization\P5\P5_bgezalc\mips_tb_isim_beh.exe -intstyle ise -gui -tclbatch isim.cmd -wdb D:/Programing/ComputerOrganization/P5/P5_bgezalc/mips_tb_isim_beh.wdb 
ISim P.20131013 (signature 0x8ef4fb42)
WARNING: A WEBPACK license was found.
WARNING: Please use Xilinx License Configuration Manager to check out a full ISim license.
WARNING: ISim will run in Lite mode. Please refer to the ISim documentation for more information on the differences between the Lite and the Full version.
This is a Lite version of ISim.
Time resolution is 1 ps
# onerror resume
# wave add /
# run 1000 ns
Simulator is doing circuit initialization process.
Finished circuit initialization process.
                 190@00003000: $31 <= 00000001
                 210@00003004: $ 9 <= 00ab0000
                 230@00003008: $ 9 <= 00ab00d5
ISim P.20131013 (signature 0x8ef4fb42)
WARNING: A WEBPACK license was found.
WARNING: Please use Xilinx License Configuration Manager to check out a full ISim license.
WARNING: ISim will run in Lite mode. Please refer to the ISim documentation for more information on the differences between the Lite and the Full version.
This is a Lite version of ISim.
# run 1000 ns
Simulator is doing circuit initialization process.
Finished circuit initialization process.
                 190@00003000: $31 <= 00000001
                 210@00003004: $ 9 <= 00ab0000
                 230@00003008: $ 9 <= 00ab00d5
ISim P.20131013 (signature 0x8ef4fb42)
WARNING: A WEBPACK license was found.
WARNING: Please use Xilinx License Configuration Manager to check out a full ISim license.
WARNING: ISim will run in Lite mode. Please refer to the ISim documentation for more information on the differences between the Lite and the Full version.
This is a Lite version of ISim.
# run 1000 ns
Simulator is doing circuit initialization process.
Finished circuit initialization process.
                 190@00003000: $31 <= 00000001
                 210@00003004: $ 9 <= 00ab0000
                 230@00003008: $ 9 <= 00ab00d5
ISim P.20131013 (signature 0x8ef4fb42)
WARNING: A WEBPACK license was found.
WARNING: Please use Xilinx License Configuration Manager to check out a full ISim license.
WARNING: ISim will run in Lite mode. Please refer to the ISim documentation for more information on the differences between the Lite and the Full version.
This is a Lite version of ISim.
# run 1000 ns
Simulator is doing circuit initialization process.
Finished circuit initialization process.
                 190@00003000: $31 <= 00000001
                 210@00003004: $ 9 <= 00ab0000
                 230@00003008: $ 9 <= 00ab00d5
                 230@0000300c: *00000000 <= 00ab00d5
                 270@00003010: $10 <= 00ab00d5
                 350@00003018: $31 <= 00000002
                 370@0000301c: $11 <= 00000004
                 390@00003020: $11 <= 00000001
ISim P.20131013 (signature 0x8ef4fb42)
WARNING: A WEBPACK license was found.
WARNING: Please use Xilinx License Configuration Manager to check out a full ISim license.
WARNING: ISim will run in Lite mode. Please refer to the ISim documentation for more information on the differences between the Lite and the Full version.
This is a Lite version of ISim.
# run 1000 ns
Simulator is doing circuit initialization process.
Finished circuit initialization process.
                 190@00003000: $31 <= 00000001
                 210@00003004: $ 9 <= 00ab0000
                 230@00003008: $ 9 <= 00ab00d5
                 230@0000300c: *00000000 <= 00ab00d5
                 270@00003010: $10 <= 00ab00d5
                 350@00003018: $31 <= 00000002
                 370@0000301c: $11 <= 00000004
                 390@00003020: $11 <= 00000001
                 450@00003028: $11 <= 00000002
                 470@0000302c: $11 <= 00000004
                 490@00003030: $11 <= 00000008
