Command line:
   mips_txt_isim_beh.exe
     -simmode  gui
     -simrunnum  0
     -socket  57932

Mon Dec 19 00:11:27 2022


 Elaboration Time: 0.0625 sec

 Current Memory Usage: 842.318 Meg

 Total Signals          : 509
 Total Nets             : 2466
 Total Signal Drivers   : 344
 Total Blocks           : 18
 Total Primitive Blocks : 16
 Total Processes        : 363
 Total Traceable Variables  : 150
 Total Scalar Nets and Variables : 267025
Total Line Count : 491

 Total Simulation Time: 0.234375 sec

 Current Memory Usage: 371.769 Meg

Mon Dec 19 03:02:14 2022

