Command line:
   mips_tb_isim_beh.exe
     -simmode  gui
     -simrunnum  0
     -socket  54342

Tue Dec 06 13:55:10 2022


 Elaboration Time: 0.046875 sec

 Current Memory Usage: 842.744 Meg

 Total Signals          : 492
 Total Nets             : 2354
 Total Signal Drivers   : 329
 Total Blocks           : 22
 Total Primitive Blocks : 19
 Total Processes        : 347
 Total Traceable Variables  : 46
 Total Scalar Nets and Variables : 233545
Total Line Count : 430

 Total Simulation Time: 0.0625 sec

 Current Memory Usage: 842.744 Meg

Tue Dec 06 13:55:15 2022

