ISim log file
Running: D:\Programing\ComputerOrganization\P5\P5_lwtbi\mips_tb_isim_beh.exe -intstyle ise -gui -tclbatch isim.cmd -wdb D:/Programing/ComputerOrganization/P5/P5_lwtbi/mips_tb_isim_beh.wdb 
ISim P.20131013 (signature 0x8ef4fb42)
WARNING: A WEBPACK license was found.
WARNING: Please use Xilinx License Configuration Manager to check out a full ISim license.
WARNING: ISim will run in Lite mode. Please refer to the ISim documentation for more information on the differences between the Lite and the Full version.
This is a Lite version of ISim.
Time resolution is 1 ps
# onerror resume
# wave add /
# run 1000 ns
Simulator is doing circuit initialization process.
Finished circuit initialization process.
                 190@00003000: $ 8 <= ffff0000
                 190@00003004: *00000000 <= ffff0000
                 230@00003008: $31 <= ffff0000
ISim P.20131013 (signature 0x8ef4fb42)
WARNING: A WEBPACK license was found.
WARNING: Please use Xilinx License Configuration Manager to check out a full ISim license.
WARNING: ISim will run in Lite mode. Please refer to the ISim documentation for more information on the differences between the Lite and the Full version.
This is a Lite version of ISim.
# run 1000 ns
Simulator is doing circuit initialization process.
Finished circuit initialization process.
                 190@00003000: $ 8 <= ffff0000
                 190@00003004: *00000000 <= ffff0000
                 230@00003008: $31 <= ffff0000
                 250@00003010: *00000004 <= ffff0000
