Command line:
   mips_txt_isim_beh.exe
     -simmode  gui
     -simrunnum  0
     -socket  51624

Tue Dec 20 19:14:09 2022


 Elaboration Time: 0.046875 sec

 Current Memory Usage: 843.108 Meg

 Total Signals          : 521
 Total Nets             : 2513
 Total Signal Drivers   : 351
 Total Blocks           : 18
 Total Primitive Blocks : 16
 Total Processes        : 370
 Total Traceable Variables  : 151
 Total Scalar Nets and Variables : 267104
Total Line Count : 500

 Total Simulation Time: 0.078125 sec

 Current Memory Usage: 371.511 Meg

Tue Dec 20 20:15:52 2022

