Command line:
   mips_tb_isim_beh.exe
     -simmode  gui
     -simrunnum  0
     -socket  63001

Tue Nov 29 19:50:11 2022


 Elaboration Time: 0.046875 sec

 Current Memory Usage: 843.244 Meg

 Total Signals          : 148
 Total Nets             : 741
 Total Signal Drivers   : 66
 Total Blocks           : 13
 Total Primitive Blocks : 11
 Total Processes        : 80
 Total Traceable Variables  : 33
 Total Scalar Nets and Variables : 231516
Total Line Count : 145

 Total Simulation Time: 0.046875 sec

 Current Memory Usage: 843.244 Meg

Tue Nov 29 19:50:17 2022

