Command line:
   mips_tb_isim_beh.exe
     -simmode  gui
     -simrunnum  0
     -socket  60010

Tue Nov 29 16:25:47 2022


 Elaboration Time: 0.046875 sec

 Current Memory Usage: 841.47 Meg

 Total Signals          : 148
 Total Nets             : 741
 Total Signal Drivers   : 66
 Total Blocks           : 13
 Total Primitive Blocks : 11
 Total Processes        : 80
 Total Traceable Variables  : 34
 Total Scalar Nets and Variables : 231548
Total Line Count : 143

 Total Simulation Time: 0.046875 sec

 Current Memory Usage: 369.873 Meg

Tue Nov 29 18:45:42 2022

