Command line:
   mips_txt_isim_beh.exe
     -simmode  gui
     -simrunnum  0
     -socket  54041

Tue Nov 28 20:33:24 2023


 Elaboration Time: 0.03125 sec

 Current Memory Usage: 5172.04 Meg

 Total Signals          : 773
 Total Nets             : 3375
 Total Signal Drivers   : 479
 Total Blocks           : 25
 Total Primitive Blocks : 22
 Total Processes        : 506
 Total Traceable Variables  : 81
 Total Scalar Nets and Variables : 300867
Total Line Count : 754

 Total Simulation Time: 0.125 sec

 Current Memory Usage: 5014.75 Meg

Tue Nov 28 20:34:58 2023

