Running: fuse.exe -relaunch -intstyle "ise" -incremental -lib "unisims_ver" -lib "unimacro_ver" -lib "xilinxcorelib_ver" -lib "secureip" -o "D:/Programing/ComputerOrganization/P6/P6_calc_new/mips_txt_isim_beh.exe" -prj "D:/Programing/ComputerOrganization/P6/P6_calc_new/mips_txt_beh.prj" "work.mips_txt" "work.glbl" 
ISim P.20131013 (signature 0x8ef4fb42)
Number of CPUs detected in this system: 16
Turning on mult-threading, number of parallel sub-compilation jobs: 32 
Determining compilation order of HDL files
Analyzing Verilog file "D:/Programing/ComputerOrganization/P6/P6_calc_new/W_REG.v" into library work
Analyzing Verilog file "D:/Programing/ComputerOrganization/P6/P6_calc_new/NPC.v" into library work
Analyzing Verilog file "D:/Programing/ComputerOrganization/P6/P6_calc_new/M_REG.v" into library work
Analyzing Verilog file "D:/Programing/ComputerOrganization/P6/P6_calc_new/MDU.v" into library work
Analyzing Verilog file "D:/Programing/ComputerOrganization/P6/P6_calc_new/IFU.v" into library work
Analyzing Verilog file "D:/Programing/ComputerOrganization/P6/P6_calc_new/GRF.v" into library work
Analyzing Verilog file "D:/Programing/ComputerOrganization/P6/P6_calc_new/E_REG.v" into library work
Analyzing Verilog file "D:/Programing/ComputerOrganization/P6/P6_calc_new/EXT.v" into library work
Analyzing Verilog file "D:/Programing/ComputerOrganization/P6/P6_calc_new/D_REG.v" into library work
Analyzing Verilog file "D:/Programing/ComputerOrganization/P6/P6_calc_new/Controller.v" into library work
Analyzing Verilog file "D:/Programing/ComputerOrganization/P6/P6_calc_new/CMP.v" into library work
Analyzing Verilog file "D:/Programing/ComputerOrganization/P6/P6_calc_new/ALU.v" into library work
Analyzing Verilog file "D:/Programing/ComputerOrganization/P6/P6_calc_new/mips.v" into library work
Analyzing Verilog file "D:/Programing/ComputerOrganization/P6/P6_calc_new/mips_tb.v" into library work
Analyzing Verilog file "D:/Xilinx/14.7/ISE_DS/ISE//verilog/src/glbl.v" into library work
Starting static elaboration
WARNING:HDLCompiler:1016 - "D:/Programing/ComputerOrganization/P6/P6_calc_new/mips.v" Line 196: Port shamt is not connected to this instance
WARNING:HDLCompiler:1016 - "D:/Programing/ComputerOrganization/P6/P6_calc_new/mips.v" Line 227: Port slt is not connected to this instance
WARNING:HDLCompiler:1016 - "D:/Programing/ComputerOrganization/P6/P6_calc_new/mips.v" Line 301: Port Imm16 is not connected to this instance
WARNING:HDLCompiler:1016 - "D:/Programing/ComputerOrganization/P6/P6_calc_new/mips.v" Line 367: Port shamt is not connected to this instance
WARNING:HDLCompiler:1016 - "D:/Programing/ComputerOrganization/P6/P6_calc_new/mips.v" Line 404: Port shamt is not connected to this instance
Completed static elaboration
Fuse Memory Usage: 160092 KB
Fuse CPU Usage: 234 ms
Compiling module IFU
Compiling module D_REG
Compiling module Controller
Compiling module CMP
Compiling module NPC
Compiling module GRF
Compiling module EXT
Compiling module E_REG
Compiling module MDU
Compiling module ALU
Compiling module M_REG
Compiling module W_REG
Compiling module mips
Compiling module mips_txt
Compiling module glbl
Time Resolution for simulation is 1ps.
Compiled 15 Verilog Units
Built simulation executable D:/Programing/ComputerOrganization/P6/P6_calc_new/mips_txt_isim_beh.exe
Fuse Memory Usage: 171824 KB
Fuse CPU Usage: 358 ms
