ISim log file
Running: D:\Programing\ComputerOrganization\P6\P6_lwm\mips_txt_isim_beh.exe -intstyle ise -gui -tclbatch isim.cmd -wdb D:/Programing/ComputerOrganization/P6/P6_lwm/mips_txt_isim_beh.wdb 
ISim P.20131013 (signature 0x8ef4fb42)
WARNING: A WEBPACK license was found.
WARNING: Please use Xilinx License Configuration Manager to check out a full ISim license.
WARNING: ISim will run in Lite mode. Please refer to the ISim documentation for more information on the differences between the Lite and the Full version.
This is a Lite version of ISim.
Time resolution is 1 ps
# onerror resume
# wave add /
# run 1000 ns
Simulator is doing circuit initialization process.
Finished circuit initialization process.
                  38@00003000: $ 8 <= 00000005
                  42@00003008: *00000000 <= 00000005
                  42@00003004: $ 9 <= 00000005
                  50@00003010: *00000004 <= 00000000
                  54@00003014: *00000008 <= 00000000
ISim P.20131013 (signature 0x8ef4fb42)
WARNING: A WEBPACK license was found.
WARNING: Please use Xilinx License Configuration Manager to check out a full ISim license.
WARNING: ISim will run in Lite mode. Please refer to the ISim documentation for more information on the differences between the Lite and the Full version.
This is a Lite version of ISim.
# run 1000 ns
Simulator is doing circuit initialization process.
Finished circuit initialization process.
                  38@00003000: $ 8 <= 00000004
                  42@00003008: *00000000 <= 00000004
                  42@00003004: $ 9 <= 00000005
                  50@00003010: *00000004 <= 00000000
                  50@0000300c: $31 <= 00000004
                  54@00003014: *00000008 <= 00000000
