ISim log file
Running: D:\Programing\ComputerOrganization\P5\jwx\mips_tb_isim_beh.exe -intstyle ise -gui -tclbatch isim.cmd -wdb D:/Programing/ComputerOrganization/P5/jwx/mips_tb_isim_beh.wdb 
ISim P.20131013 (signature 0x8ef4fb42)
WARNING: A WEBPACK license was found.
WARNING: Please use Xilinx License Configuration Manager to check out a full ISim license.
WARNING: ISim will run in Lite mode. Please refer to the ISim documentation for more information on the differences between the Lite and the Full version.
This is a Lite version of ISim.
Time resolution is 1 ps
# onerror resume
# wave add /
# run 1000 ns
Simulator is doing circuit initialization process.
Finished circuit initialization process.
                 190@00003000: $ 4 <= 000007cf
                 210@00003004: $ 5 <= 000007ef
                 230@00003008: $ 6 <= 30390000
                 250@0000300c: $ 7 <= ffff0000
                 270@00003010: $ 8 <= ffff0000
                 310@00003018: $23 <= 000007cf
                 330@0000303c: $18 <= fffef831
                 350@00003040: $19 <= fffef831
                 370@00003044: $ 8 <= 00000000
                 370@00003048: *00000000 <= 000007cf
                 410@00003050: *00000004 <= 000007ef
                 430@00003054: *00000008 <= 00000000
                 450@00003058: *0000000c <= 00000000
                 470@0000305c: *00000010 <= fffef831
                 490@00003060: *00000014 <= 00000000
                 530@00003064: $ 9 <= 00000000
                 550@00003068: $15 <= 000007cf
                 570@0000306c: $14 <= 00000000
                 570@00003070: *00000018 <= 00000000
                 610@00003074: $13 <= 00000000
                 630@00003078: $31 <= 00003080
                 650@0000307c: $ 8 <= 00000001
                 670@00003094: $ 8 <= 000007d0
                 710@0000309c: $ 8 <= 000007d0
                 730@00003080: $ 9 <= 00000001
                 750@00003084: $10 <= 00000002
                 810@0000308c: $11 <= 04570000
                 830@00003090: $31 <= 00003098
                 850@00003094: $ 8 <= 00000f9f
                 870@0000309c: $ 8 <= 04570f9f
                 890@000030a0: $10 <= 04570f9f
                 950@000030a8: $ 2 <= 000a0000
                 970@000030ac: $ 2 <= 000b0000
ISim P.20131013 (signature 0x8ef4fb42)
WARNING: A WEBPACK license was found.
WARNING: Please use Xilinx License Configuration Manager to check out a full ISim license.
WARNING: ISim will run in Lite mode. Please refer to the ISim documentation for more information on the differences between the Lite and the Full version.
This is a Lite version of ISim.
# run 1000 ns
Simulator is doing circuit initialization process.
Finished circuit initialization process.
                 190@00003000: $ 9 <= 00000001
                 210@00003004: $31 <= 0000300c
                 230@00003008: $31 <= 0000300d
