Command line:
   mips_isim_beh.exe
     -simmode  gui
     -simrunnum  0
     -socket  56090

Sun Nov 12 12:34:15 2023


 Elaboration Time: 0.046875 sec

 Current Memory Usage: 5162.91 Meg

 Total Signals          : 170
 Total Nets             : 843
 Total Signal Drivers   : 79
 Total Blocks           : 13
 Total Primitive Blocks : 12
 Total Processes        : 93
 Total Traceable Variables  : 32
 Total Scalar Nets and Variables : 231621
Total Line Count : 156

 Total Simulation Time: 0.234375 sec

 Current Memory Usage: 5009.81 Meg

Sun Nov 12 12:35:47 2023

