Command line:
   mips_tb_isim_beh.exe
     -simmode  gui
     -simrunnum  0
     -socket  59022

Tue Dec 13 15:22:02 2022


 Elaboration Time: 0.078125 sec

 Current Memory Usage: 838.484 Meg

 Total Signals          : 356
 Total Nets             : 1856
 Total Signal Drivers   : 215
 Total Blocks           : 18
 Total Primitive Blocks : 16
 Total Processes        : 232
 Total Traceable Variables  : 47
 Total Scalar Nets and Variables : 233075
Total Line Count : 316

 Total Simulation Time: 0.09375 sec

 Current Memory Usage: 366.887 Meg

Tue Dec 13 15:29:57 2022

