Running: fuse.exe -relaunch -intstyle "ise" -incremental -lib "unisims_ver" -lib "unimacro_ver" -lib "xilinxcorelib_ver" -lib "secureip" -o "D:/Programing/ComputerOrganization/P5/P5_bioal/mips_tb_isim_beh.exe" -prj "D:/Programing/ComputerOrganization/P5/P5_bioal/mips_tb_beh.prj" "work.mips_tb" "work.glbl" 
ISim P.20131013 (signature 0x8ef4fb42)
Number of CPUs detected in this system: 16
Turning on mult-threading, number of parallel sub-compilation jobs: 32 
Determining compilation order of HDL files
Analyzing Verilog file "D:/Programing/ComputerOrganization/P5/P5_bioal/Controller.v" into library work
Analyzing Verilog file "D:/Programing/ComputerOrganization/P5/P5_bioal/W_REG.v" into library work
Analyzing Verilog file "D:/Programing/ComputerOrganization/P5/P5_bioal/NPC.v" into library work
Analyzing Verilog file "D:/Programing/ComputerOrganization/P5/P5_bioal/M_REG.v" into library work
Analyzing Verilog file "D:/Programing/ComputerOrganization/P5/P5_bioal/IFU.v" into library work
Analyzing Verilog file "D:/Programing/ComputerOrganization/P5/P5_bioal/HazardUnit.v" into library work
Analyzing Verilog file "D:/Programing/ComputerOrganization/P5/P5_bioal/GRF.v" into library work
Analyzing Verilog file "D:/Programing/ComputerOrganization/P5/P5_bioal/E_REG.v" into library work
Analyzing Verilog file "D:/Programing/ComputerOrganization/P5/P5_bioal/EXT.v" into library work
Analyzing Verilog file "D:/Programing/ComputerOrganization/P5/P5_bioal/D_REG.v" into library work
Analyzing Verilog file "D:/Programing/ComputerOrganization/P5/P5_bioal/DM.v" into library work
Analyzing Verilog file "D:/Programing/ComputerOrganization/P5/P5_bioal/CMP.v" into library work
Analyzing Verilog file "D:/Programing/ComputerOrganization/P5/P5_bioal/ALU.v" into library work
Analyzing Verilog file "D:/Programing/ComputerOrganization/P5/P5_bioal/mips.v" into library work
Analyzing Verilog file "D:/Programing/ComputerOrganization/P5/P5_bioal/mips_tb.v" into library work
Analyzing Verilog file "D:/Xilinx/14.7/ISE_DS/ISE//verilog/src/glbl.v" into library work
Starting static elaboration
WARNING:HDLCompiler:1016 - "D:/Programing/ComputerOrganization/P5/P5_bioal/mips.v" Line 153: Port shamt is not connected to this instance
WARNING:HDLCompiler:1016 - "D:/Programing/ComputerOrganization/P5/P5_bioal/mips.v" Line 246: Port Imm16 is not connected to this instance
WARNING:HDLCompiler:1016 - "D:/Programing/ComputerOrganization/P5/P5_bioal/mips.v" Line 290: Port shamt is not connected to this instance
WARNING:HDLCompiler:1016 - "D:/Programing/ComputerOrganization/P5/P5_bioal/mips.v" Line 305: Port MemRead is not connected to this instance
WARNING:HDLCompiler:1016 - "D:/Programing/ComputerOrganization/P5/P5_bioal/mips.v" Line 338: Port shamt is not connected to this instance
WARNING:HDLCompiler:1016 - "D:/Programing/ComputerOrganization/P5/P5_bioal/HazardUnit.v" Line 36: Port rd is not connected to this instance
WARNING:HDLCompiler:1016 - "D:/Programing/ComputerOrganization/P5/P5_bioal/HazardUnit.v" Line 64: Port rs is not connected to this instance
WARNING:HDLCompiler:1016 - "D:/Programing/ComputerOrganization/P5/P5_bioal/HazardUnit.v" Line 84: Port rs is not connected to this instance
Completed static elaboration
Fuse Memory Usage: 159768 KB
Fuse CPU Usage: 249 ms
Compiling module IFU
Compiling module D_REG
Compiling module Controller
Compiling module CMP
Compiling module NPC
Compiling module GRF
Compiling module EXT
Compiling module E_REG
Compiling module ALU
Compiling module M_REG
Compiling module DM
Compiling module W_REG
Compiling module HazardUnit
Compiling module mips
Compiling module mips_tb
Compiling module glbl
Time Resolution for simulation is 1ps.
Compiled 16 Verilog Units
Built simulation executable D:/Programing/ComputerOrganization/P5/P5_bioal/mips_tb_isim_beh.exe
Fuse Memory Usage: 171052 KB
Fuse CPU Usage: 499 ms
