Running: D:\Xilinx\14.7\ISE_DS\ISE\bin\nt\unwrapped\fuse.exe -intstyle ise -incremental -lib unisims_ver -lib unimacro_ver -lib xilinxcorelib_ver -lib secureip -o D:/Xilinx/Project/P1/Q4/gray_tb_isim_beh.exe -prj D:/Xilinx/Project/P1/Q4/gray_tb_beh.prj work.gray_tb work.glbl 
ISim P.20131013 (signature 0x8ef4fb42)
Number of CPUs detected in this system: 16
Turning on mult-threading, number of parallel sub-compilation jobs: 32 
Determining compilation order of HDL files
Analyzing Verilog file "D:/Xilinx/Project/P1/Q4/gray.v" into library work
Analyzing Verilog file "D:/Xilinx/Project/P1/Q4/gray_tb.v" into library work
Analyzing Verilog file "D:/Xilinx/14.7/ISE_DS/ISE//verilog/src/glbl.v" into library work
Starting static elaboration
Completed static elaboration
Fuse Memory Usage: 159708 KB
Fuse CPU Usage: 218 ms
Compiling module gray
Compiling module gray_tb
Compiling module glbl
Time Resolution for simulation is 1ps.
Compiled 3 Verilog Units
Built simulation executable D:/Xilinx/Project/P1/Q4/gray_tb_isim_beh.exe
Fuse Memory Usage: 167444 KB
Fuse CPU Usage: 233 ms
