ISim log file
Running: D:\Programing\ComputerOrganization\P5\P5_bioal_new\mips_tb_isim_beh.exe -intstyle ise -gui -tclbatch isim.cmd -wdb D:/Programing/ComputerOrganization/P5/P5_bioal_new/mips_tb_isim_beh.wdb 
ISim P.20131013 (signature 0x8ef4fb42)
WARNING: A WEBPACK license was found.
WARNING: Please use Xilinx License Configuration Manager to check out a full ISim license.
WARNING: ISim will run in Lite mode. Please refer to the ISim documentation for more information on the differences between the Lite and the Full version.
This is a Lite version of ISim.
Time resolution is 1 ps
# onerror resume
# wave add /
# run 1000 ns
Simulator is doing circuit initialization process.
Finished circuit initialization process.
                 190@00003000: $17 <= 00000001
                 210@00003004: $ 8 <= 0000301f
                 210@00003008: *00000000 <= 0000301f
                 250@0000300c: $31 <= 0000301f
                 270@00003010: $31 <= 01919811
                 290@00003010: $31 <= 01919812
                 370@00003018: $10 <= 00000002
ISim P.20131013 (signature 0x8ef4fb42)
WARNING: A WEBPACK license was found.
WARNING: Please use Xilinx License Configuration Manager to check out a full ISim license.
WARNING: ISim will run in Lite mode. Please refer to the ISim documentation for more information on the differences between the Lite and the Full version.
This is a Lite version of ISim.
# run 1000 ns
Simulator is doing circuit initialization process.
Finished circuit initialization process.
                 190@00003000: $17 <= 00000001
                 210@00003004: $ 8 <= 0000301f
                 210@00003008: *00000000 <= 0000301f
                 250@0000300c: $31 <= 0000301f
                 270@00003010: $31 <= 00003020
                 290@00003010: $31 <= 00003021
                 370@00003018: $10 <= 00000002
ISim P.20131013 (signature 0x8ef4fb42)
WARNING: A WEBPACK license was found.
WARNING: Please use Xilinx License Configuration Manager to check out a full ISim license.
WARNING: ISim will run in Lite mode. Please refer to the ISim documentation for more information on the differences between the Lite and the Full version.
This is a Lite version of ISim.
# run 1000 ns
Simulator is doing circuit initialization process.
Finished circuit initialization process.
                 190@00003000: $17 <= 00000001
                 210@00003004: $ 8 <= 0000301f
                 210@00003008: *00000000 <= 0000301f
                 250@0000300c: $ 9 <= 0000ffff
                 270@00003010: $31 <= 0000301f
                 290@00003014: $31 <= 00003020
                 310@00003014: $31 <= 00003021
                 330@00003018: $10 <= 00000002
                 350@0000301c: $10 <= 00000001
ISim P.20131013 (signature 0x8ef4fb42)
WARNING: A WEBPACK license was found.
WARNING: Please use Xilinx License Configuration Manager to check out a full ISim license.
WARNING: ISim will run in Lite mode. Please refer to the ISim documentation for more information on the differences between the Lite and the Full version.
This is a Lite version of ISim.
# run 1000 ns
Simulator is doing circuit initialization process.
Finished circuit initialization process.
                 190@00003000: $17 <= 00000001
                 210@00003004: $ 8 <= 0000301f
                 210@00003008: *00000000 <= 0000301f
                 250@0000300c: $ 9 <= 0000ffff
                 270@00003010: $31 <= 0000301f
                 290@00003014: $31 <= 01919811
                 310@00003014: $31 <= 01919812
                 330@00003018: $10 <= 00000002
                 350@0000301c: $10 <= 00000001
ISim P.20131013 (signature 0x8ef4fb42)
WARNING: A WEBPACK license was found.
WARNING: Please use Xilinx License Configuration Manager to check out a full ISim license.
WARNING: ISim will run in Lite mode. Please refer to the ISim documentation for more information on the differences between the Lite and the Full version.
This is a Lite version of ISim.
# run 1000 ns
Simulator is doing circuit initialization process.
Finished circuit initialization process.
                 190@00003000: $17 <= 00000001
                 210@00003004: $ 8 <= 0000301f
                 210@00003008: *00000000 <= 0000301f
                 250@0000300c: $ 9 <= 0000ffff
                 270@00003010: $ 9 <= 0000301f
                 290@00003014: $31 <= 00000001
                 310@00003014: $31 <= 00000002
                 330@00003018: $10 <= 00000002
                 350@0000301c: $10 <= 00000001
ISim P.20131013 (signature 0x8ef4fb42)
WARNING: A WEBPACK license was found.
WARNING: Please use Xilinx License Configuration Manager to check out a full ISim license.
WARNING: ISim will run in Lite mode. Please refer to the ISim documentation for more information on the differences between the Lite and the Full version.
This is a Lite version of ISim.
# run 1000 ns
Simulator is doing circuit initialization process.
Finished circuit initialization process.
                 190@00003000: $17 <= 00000001
                 210@00003004: $ 8 <= 0000301f
                 210@00003008: *00000000 <= 0000301f
                 250@0000300c: $ 9 <= 0000ffff
                 270@00003010: $ 9 <= 0000301f
                 290@00003014: $31 <= 00000001
                 310@00003014: $31 <= 00000002
                 330@00003018: $10 <= 00000002
                 350@0000301c: $10 <= 00000001
ISim P.20131013 (signature 0x8ef4fb42)
WARNING: A WEBPACK license was found.
WARNING: Please use Xilinx License Configuration Manager to check out a full ISim license.
WARNING: ISim will run in Lite mode. Please refer to the ISim documentation for more information on the differences between the Lite and the Full version.
This is a Lite version of ISim.
# run 1000 ns
Simulator is doing circuit initialization process.
Finished circuit initialization process.
                 190@00003000: $17 <= 00000001
                 210@00003004: $ 8 <= 0000301f
                 210@00003008: *00000000 <= 0000301f
                 250@0000300c: $ 9 <= 0000ffff
                 270@00003010: $ 9 <= 0000301f
                 290@00003014: $31 <= 00000001
                 310@00003014: $31 <= 00000002
                 330@00003018: $10 <= 00000002
                 350@0000301c: $10 <= 00000001
ISim P.20131013 (signature 0x8ef4fb42)
WARNING: A WEBPACK license was found.
WARNING: Please use Xilinx License Configuration Manager to check out a full ISim license.
WARNING: ISim will run in Lite mode. Please refer to the ISim documentation for more information on the differences between the Lite and the Full version.
This is a Lite version of ISim.
# run 1000 ns
Simulator is doing circuit initialization process.
Finished circuit initialization process.
                 190@00003000: $17 <= 00000001
                 210@00003004: $ 8 <= 0000301f
                 210@00003008: *00000000 <= 0000301f
                 250@0000300c: $ 9 <= 0000ffff
                 270@00003010: $ 9 <= 0000301f
                 290@00003014: $31 <= 00000001
                 310@00003014: $31 <= 00000002
                 330@00003018: $10 <= 00000002
                 350@0000301c: $10 <= 00000001
ISim P.20131013 (signature 0x8ef4fb42)
WARNING: A WEBPACK license was found.
WARNING: Please use Xilinx License Configuration Manager to check out a full ISim license.
WARNING: ISim will run in Lite mode. Please refer to the ISim documentation for more information on the differences between the Lite and the Full version.
This is a Lite version of ISim.
# run 1000 ns
Simulator is doing circuit initialization process.
Finished circuit initialization process.
                 190@00003000: $17 <= 00000001
                 210@00003004: $ 8 <= 0000301f
                 210@00003008: *00000000 <= 0000301f
                 250@0000300c: $ 9 <= 0000ffff
                 270@00003010: $ 9 <= 0000301f
                 290@00003014: $31 <= 00000001
                 310@00003018: $10 <= 00000002
                 330@0000301c: $10 <= 00000001
ISim P.20131013 (signature 0x8ef4fb42)
WARNING: A WEBPACK license was found.
WARNING: Please use Xilinx License Configuration Manager to check out a full ISim license.
WARNING: ISim will run in Lite mode. Please refer to the ISim documentation for more information on the differences between the Lite and the Full version.
This is a Lite version of ISim.
# run 1000 ns
Simulator is doing circuit initialization process.
Finished circuit initialization process.
                 190@00003000: $17 <= 00000001
                 210@00003004: $ 8 <= 0000301f
                 210@00003008: *00000000 <= 0000301f
                 250@0000300c: $ 9 <= 0000ffff
                 270@00003010: $ 9 <= 0000301f
                 290@00003014: $31 <= 00000001
                 310@00003018: $10 <= 00000002
                 330@0000301c: $10 <= 00000001
ISim P.20131013 (signature 0x8ef4fb42)
WARNING: A WEBPACK license was found.
WARNING: Please use Xilinx License Configuration Manager to check out a full ISim license.
WARNING: ISim will run in Lite mode. Please refer to the ISim documentation for more information on the differences between the Lite and the Full version.
This is a Lite version of ISim.
# run 1000 ns
Simulator is doing circuit initialization process.
Finished circuit initialization process.
                 190@00003000: $17 <= 00000001
                 210@00003004: $ 8 <= 0000301f
                 210@00003008: *00000000 <= 0000301f
                 250@0000300c: $ 9 <= 0000ffff
                 270@00003010: $ 9 <= 0000301f
                 290@00003014: $31 <= 00000001
                 310@00003018: $10 <= 00000002
                 330@0000301c: $10 <= 00000001
ISim P.20131013 (signature 0x8ef4fb42)
WARNING: A WEBPACK license was found.
WARNING: Please use Xilinx License Configuration Manager to check out a full ISim license.
WARNING: ISim will run in Lite mode. Please refer to the ISim documentation for more information on the differences between the Lite and the Full version.
This is a Lite version of ISim.
# run 1000 ns
Simulator is doing circuit initialization process.
Finished circuit initialization process.
                 190@00003000: $17 <= 00000001
                 210@00003004: $ 8 <= 0000301f
                 210@00003008: *00000000 <= 0000301f
                 250@0000300c: $ 9 <= 0000ffff
                 270@00003010: $ 9 <= 0000301f
                 290@00003014: $31 <= 00000001
                 310@00003018: $10 <= 00000002
                 330@0000301c: $10 <= 00000001
ISim P.20131013 (signature 0x8ef4fb42)
WARNING: A WEBPACK license was found.
WARNING: Please use Xilinx License Configuration Manager to check out a full ISim license.
WARNING: ISim will run in Lite mode. Please refer to the ISim documentation for more information on the differences between the Lite and the Full version.
This is a Lite version of ISim.
# run 1000 ns
Simulator is doing circuit initialization process.
Finished circuit initialization process.
                 190@00003000: $17 <= 00000001
                 210@00003004: $ 8 <= 0000301f
                 210@00003008: *00000000 <= 0000301f
                 250@0000300c: $ 9 <= 0000ffff
                 270@00003010: $31 <= 0000301f
                 310@00003014: $31 <= 00003020
                 330@00003018: $10 <= 00000002
                 350@0000301c: $10 <= 00000001
