Command line:
   ALU_tb_isim_beh.exe
     -simmode  gui
     -simrunnum  0
     -socket  57899

Sat Oct 08 18:09:46 2022


 Elaboration Time: 0.015625 sec

 Current Memory Usage: 5154.87 Meg

 Total Signals          : 18
 Total Nets             : 27
 Total Signal Drivers   : 9
 Total Blocks           : 3
 Total Primitive Blocks : 2
 Total Processes        : 11
 Total Traceable Variables  : 21
 Total Scalar Nets and Variables : 117
Total Line Count : 20

 Total Simulation Time: 0.03125 sec

 Current Memory Usage: 5154.87 Meg

Sat Oct 08 18:10:04 2022

