Command line:
   mips_txt_isim_beh.exe
     -simmode  gui
     -simrunnum  0
     -socket  55370

Tue Dec 20 20:20:46 2022


 Elaboration Time: 0.046875 sec

 Current Memory Usage: 842.977 Meg

 Total Signals          : 514
 Total Nets             : 2471
 Total Signal Drivers   : 348
 Total Blocks           : 18
 Total Primitive Blocks : 16
 Total Processes        : 367
 Total Traceable Variables  : 150
 Total Scalar Nets and Variables : 267030
Total Line Count : 501

 Total Simulation Time: 0.171875 sec

 Current Memory Usage: 372.429 Meg

Wed Dec 21 00:38:54 2022

