Command line:
   mips_txt_isim_beh.exe
     -simmode  gui
     -simrunnum  0
     -socket  54489

Sun Dec 18 21:07:27 2022


 Elaboration Time: 0.046875 sec

 Current Memory Usage: 842.31 Meg

 Total Signals          : 421
 Total Nets             : 2196
 Total Signal Drivers   : 308
 Total Blocks           : 17
 Total Primitive Blocks : 15
 Total Processes        : 325
 Total Traceable Variables  : 62
 Total Scalar Nets and Variables : 266526
Total Line Count : 441

 Total Simulation Time: 0.140625 sec

 Current Memory Usage: 370.713 Meg

Sun Dec 18 23:10:10 2022

