Command line:
   mips_tb_isim_beh.exe
     -simmode  gui
     -simrunnum  0
     -socket  62592

Tue Dec 06 19:38:44 2022


 Elaboration Time: 0.09375 sec

 Current Memory Usage: 842.813 Meg

 Total Signals          : 516
 Total Nets             : 2416
 Total Signal Drivers   : 339
 Total Blocks           : 22
 Total Primitive Blocks : 19
 Total Processes        : 356
 Total Traceable Variables  : 48
 Total Scalar Nets and Variables : 233605
Total Line Count : 442

 Total Simulation Time: 0.125 sec

 Current Memory Usage: 371.216 Meg

Tue Dec 06 20:04:42 2022

