Running: fuse.exe -relaunch -intstyle "ise" -incremental -lib "unisims_ver" -lib "unimacro_ver" -lib "xilinxcorelib_ver" -lib "secureip" -o "D:/Programing/ComputerOrganization/P6/P6_jwx/mips_txt_isim_beh.exe" -prj "D:/Programing/ComputerOrganization/P6/P6_jwx/mips_txt_beh.prj" "work.mips_txt" "work.glbl" 
ISim P.20131013 (signature 0x8ef4fb42)
Number of CPUs detected in this system: 16
Turning on mult-threading, number of parallel sub-compilation jobs: 32 
Determining compilation order of HDL files
Analyzing Verilog file "D:/Programing/ComputerOrganization/P6/P6_jwx/mips.v" into library work
Analyzing Verilog file "D:/Programing/ComputerOrganization/P6/P6_jwx/mips_tb.v" into library work
Analyzing Verilog file "D:/Xilinx/14.7/ISE_DS/ISE//verilog/src/glbl.v" into library work
Starting static elaboration
WARNING:HDLCompiler:1016 - "D:/Programing/ComputerOrganization/P6/P6_jwx/mips.v" Line 179: Port rd is not connected to this instance
WARNING:HDLCompiler:1016 - "D:/Programing/ComputerOrganization/P6/P6_jwx/mips.v" Line 265: Port rd is not connected to this instance
WARNING:HDLCompiler:1016 - "D:/Programing/ComputerOrganization/P6/P6_jwx/mips.v" Line 344: Port rs is not connected to this instance
WARNING:HDLCompiler:1016 - "D:/Programing/ComputerOrganization/P6/P6_jwx/mips.v" Line 390: Port rs is not connected to this instance
Completed static elaboration
Fuse Memory Usage: 161116 KB
Fuse CPU Usage: 218 ms
Compiling module F_PC
Compiling module F_REG_D
Compiling module CTRL
Compiling module D_EXT
Compiling module D_GRF
Compiling module CMP
Compiling module D_REG_E
Compiling module E_ALU
Compiling module E_MandD
Compiling module E_REG_M
Compiling module M_REG_W
Compiling module mips
Compiling module mips_txt
Compiling module glbl
Time Resolution for simulation is 1ps.
Compiled 14 Verilog Units
Built simulation executable D:/Programing/ComputerOrganization/P6/P6_jwx/mips_txt_isim_beh.exe
Fuse Memory Usage: 169200 KB
Fuse CPU Usage: 390 ms
