ISim log file
Running: D:\Programing\ComputerOrganization\P6\P6_calc\mips_txt_isim_beh.exe -intstyle ise -gui -tclbatch isim.cmd -wdb D:/Programing/ComputerOrganization/P6/P6_calc/mips_txt_isim_beh.wdb 
ISim P.20131013 (signature 0x8ef4fb42)
WARNING: A WEBPACK license was found.
WARNING: Please use Xilinx License Configuration Manager to check out a full ISim license.
WARNING: ISim will run in Lite mode. Please refer to the ISim documentation for more information on the differences between the Lite and the Full version.
This is a Lite version of ISim.
Time resolution is 1 ps
# onerror resume
# wave add /
# run 1000 ns
Simulator is doing circuit initialization process.
Finished circuit initialization process.
                  38@00003000: $ 8 <= 00000004
                  42@00003004: $ 9 <= 00000002
                  46@00003008: $11 <= 00000008
                  50@0000300c: $12 <= 00000005
                  74@00003014: $16 <= 00000000
                  78@00003018: $17 <= 00000002
                 122@00003024: $16 <= 00000000
                 126@00003028: $17 <= 00000004
                 134@00003030: $17 <= 00000005
