Command line:
   mips_isim_beh.exe
     -simmode  gui
     -simrunnum  0
     -socket  51950

Mon Nov 21 20:47:33 2022


 Elaboration Time: 0.046875 sec

 Current Memory Usage: 844.755 Meg

 Total Signals          : 147
 Total Nets             : 740
 Total Signal Drivers   : 63
 Total Blocks           : 12
 Total Primitive Blocks : 11
 Total Processes        : 75
 Total Traceable Variables  : 30
 Total Scalar Nets and Variables : 231481
Total Line Count : 130

 Total Simulation Time: 0.09375 sec

 Current Memory Usage: 687.206 Meg

Mon Nov 21 20:48:42 2022

