ISim log file
Running: D:\Programing\ComputerOrganization\P6\P6V1\mips_txt_isim_beh.exe -intstyle ise -gui -tclbatch isim.cmd -wdb D:/Programing/ComputerOrganization/P6/P6V1/mips_txt_isim_beh.wdb 
ISim P.20131013 (signature 0x8ef4fb42)
WARNING: A WEBPACK license was found.
WARNING: Please use Xilinx License Configuration Manager to check out a full ISim license.
WARNING: ISim will run in Lite mode. Please refer to the ISim documentation for more information on the differences between the Lite and the Full version.
This is a Lite version of ISim.
Time resolution is 1 ps
# onerror resume
# wave add /
# run 1000 ns
Simulator is doing circuit initialization process.
Finished circuit initialization process.
                  38@00003000: $28 <= 00000000
                  42@00003004: $29 <= 00000000
                  46@00003008: $30 <= 00000000
                  50@0000300c: $31 <= 00000000
                  54@00003010: $28 <= 00000004
                  70@00003020: $ 1 <= ffff0000
                  74@00003024: $ 1 <= ffffaa99
                  78@00003028: $ 2 <= 00000000
                  82@0000302c: $ 2 <= 0000787f
                  98@0000303c: $26 <= 00002318
                 110@0000304c: *00000000 <= 00002318
                 118@00003050: $29 <= 00000004
                 130@0000305c: $ 4 <= ffff0000
                 134@00003060: $ 4 <= ffff85dc
                 138@00003064: $ 5 <= ffff0000
                 142@00003068: $ 5 <= ffff83d3
                 170@00003088: *00000004 <= 00000000
                 178@0000308c: $29 <= 00000008
                 190@00003098: $16 <= ffff0000
                 194@0000309c: $16 <= ffffd9ef
                 198@000030a0: $17 <= ffff0000
                 202@000030a4: $17 <= ffff8dcd
                 218@000030b4: $27 <= 00004c22
                 230@000030c4: *00000008 <= 00004c22
                 238@000030c8: $29 <= 0000000c
                 250@000030d4: $ 2 <= ffff0000
                 254@000030d8: $ 2 <= fffff12e
                 270@000030e8: $19 <= fffff1af
                 282@000030f8: *0000000c <= fffff1af
                 290@000030fc: $29 <= 00000010
                 302@00003108: $26 <= ffff0000
                 306@0000310c: $26 <= ffffe2b7
                 334@0000312c: *00000010 <= 00000000
                 342@00003130: $29 <= 00000014
                 354@0000313c: $14 <= ffff0000
                 358@00003140: $14 <= ffffe504
                 374@00003150: $15 <= 0000085d
                 390@00003160: $14 <= 00000000
                 402@00003170: *00000014 <= 00000000
                 410@00003178: *00000018 <= 0000085d
                 410@00003174: $29 <= 00000018
                 418@0000317c: $29 <= 0000001c
                 430@00003188: $19 <= ffff0000
                 434@0000318c: $19 <= ffffd257
                 450@0000319c: $ 8 <= 00007572
                 454@000031a0: $ 8 <= ffff8a8e
                 470@000031b0: $19 <= 00000000
                 482@000031c0: *0000001c <= 00000000
                 490@000031c8: *00000020 <= ffff8a8e
                 490@000031c4: $29 <= 00000020
                 498@000031cc: $29 <= 00000024
                 510@000031d8: $23 <= ffff0000
                 514@000031dc: $23 <= ffff8395
                 530@000031ec: $24 <= 000035c9
                 534@000031f0: $24 <= ffffca37
                 550@00003200: $23 <= 00000000
                 562@00003210: *00000024 <= 00000000
                 570@00003218: *00000028 <= ffffca37
                 570@00003214: $29 <= 00000028
                 578@0000321c: $29 <= 0000002c
                 590@00003228: $12 <= 00000000
                 594@0000322c: $12 <= 00001733
                 610@0000323c: $ 4 <= 00005f49
                 626@0000324c: $12 <= 00000000
                 638@0000325c: *0000002c <= 00000000
                 646@00003264: *00000030 <= 00005f49
                 646@00003260: $29 <= 00000030
                 654@00003268: $29 <= 00000034
                 666@00003274: $27 <= ffff0000
                 670@00003278: $27 <= ffff98f4
                 686@00003288: $11 <= 00004038
                 690@0000328c: $11 <= ffffbfc8
                 706@0000329c: $27 <= 00000000
                 718@000032ac: *00000034 <= 00000000
                 726@000032b4: *00000038 <= ffffbfc8
                 726@000032b0: $29 <= 00000038
                 734@000032b8: $29 <= 0000003c
                 746@000032c4: $ 2 <= 00000000
                 750@000032c8: $ 2 <= 00002e29
                 766@000032d8: $21 <= 000056c7
                 782@000032e8: $ 2 <= 00000000
                 794@000032f8: *0000003c <= 00000000
                 802@00003300: *00000040 <= 000056c7
                 802@000032fc: $29 <= 00000040
                 810@00003304: $29 <= 00000044
                 822@00003310: $22 <= ffff0000
                 826@00003314: $22 <= ffffdb7e
                 842@00003324: $ 5 <= 000002c9
                 846@00003328: $ 5 <= fffffd37
                 858@00003338: *0000002c <= 0000007e
                 874@00003348: *00000044 <= ffffdb7e
                 882@00003350: *00000048 <= fffffd37
                 882@0000334c: $29 <= 00000048
                 890@00003354: $29 <= 0000004c
                 902@00003360: $25 <= 00000000
                 906@00003364: $25 <= 00001bac
                 922@00003374: $17 <= 00006c61
                 926@00003378: $17 <= ffff939f
                 938@00003388: *00000078 <= 0000ac00
                 954@00003398: *0000004c <= 00001bac
                 962@000033a0: *00000050 <= ffff939f
                 962@0000339c: $29 <= 00000050
                 970@000033a4: $29 <= 00000054
                 982@000033b0: $ 7 <= 00000000
                 986@000033b4: $ 7 <= 00002290
# run 10us
                1002@000033c4: $ 3 <= 00001941
                1014@000033d4: *000100a4 <= xx90xxxx
                1030@000033e4: *00000054 <= 00002290
                1038@000033ec: *00000058 <= 00001941
                1038@000033e8: $29 <= 00000058
                1046@000033f0: $29 <= 0000005c
                1058@000033fc: $17 <= 00000000
                1062@00003400: $17 <= 00000f93
                1078@00003410: $20 <= 000012da
                1090@00003420: *000100a4 <= 93xxxxxx
                1106@00003430: *0000005c <= 00000f93
                1114@00003438: *00000060 <= 000012da
                1114@00003434: $29 <= 00000060
                1122@0000343c: $29 <= 00000064
                1134@00003448: $10 <= 00000000
                1138@0000344c: $10 <= 00004cb4
                1154@0000345c: $13 <= 00000df3
                1166@0000346c: *0001007c <= xxxx4cb4
                1182@0000347c: *00000064 <= 00004cb4
                1190@00003484: *00000068 <= 00000df3
                1190@00003480: $29 <= 00000068
                1198@00003488: $29 <= 0000006c
                1210@00003494: $ 9 <= 00000000
                1214@00003498: $ 9 <= 000064ed
                1230@000034a8: $11 <= 0000375c
                1242@000034b8: *000100c8 <= 64edxxxx
                1258@000034c8: *0000006c <= 000064ed
                1266@000034d0: *00000070 <= 0000375c
                1266@000034cc: $29 <= 00000070
                1274@000034d4: $29 <= 00000074
                1286@000034e0: $ 5 <= 00000000
                1290@000034e4: $ 5 <= 00002a25
                1294@000034e8: $22 <= ffff0000
                1298@000034ec: $22 <= ffff9df5
                1314@000034fc: $15 <= ffffc81a
                1326@0000350c: *00000074 <= ffffc81a
                1334@00003510: $29 <= 00000078
                1346@0000351c: $19 <= 00000000
                1350@00003520: $19 <= 00005ab2
                1354@00003524: $ 4 <= 00000000
                1358@00003528: $ 4 <= 00005fe4
                1386@00003548: *00000078 <= 00000000
                1394@0000354c: $29 <= 0000007c
                1406@00003558: $ 3 <= 00000000
                1410@0000355c: $ 3 <= 00000595
                1414@00003560: $18 <= ffff0000
                1418@00003564: $18 <= ffffd204
                1434@00003574: $ 2 <= 00003391
                1446@00003584: *0000007c <= 00003391
                1454@00003588: $29 <= 00000080
                1466@00003594: $15 <= 00000000
                1470@00003598: $15 <= 000007ce
                1474@0000359c: $ 6 <= 00000000
                1478@000035a0: $ 6 <= 00006c89
                1506@000035c0: *00000080 <= 00000000
                1514@000035c4: $29 <= 00000084
                1526@000035d0: $21 <= ffff0000
                1530@000035d4: $21 <= ffff8675
                1534@000035d8: $ 8 <= ffff0000
                1538@000035dc: $ 8 <= ffffaa15
                1554@000035ec: $ 1 <= ffff542a
                1566@000035fc: *00000084 <= ffff542a
                1574@00003600: $29 <= 00000088
                1586@0000360c: $20 <= ffff0000
                1590@00003610: $20 <= ffff8b2c
                1594@00003614: $10 <= ffff0000
                1598@00003618: $10 <= ffff952b
                1626@00003638: *00000088 <= 00000000
                1634@0000363c: $29 <= 0000008c
                1646@00003648: $24 <= ffff0000
                1650@0000364c: $24 <= ffffc528
                1654@00003650: $27 <= ffff0000
                1658@00003654: $27 <= ffff8a3e
                1686@00003674: *0000008c <= 00000595
                1694@00003678: $29 <= 00000090
                1706@00003684: $21 <= 00000000
                1710@00003688: $21 <= 00000b42
                1714@0000368c: $22 <= 00000000
                1718@00003690: $22 <= 00000656
                1746@000036b0: *00000090 <= 00000000
                1754@000036b4: $29 <= 00000094
                1766@000036c0: $27 <= 00000000
                1770@000036c4: $27 <= 00001c84
                1774@000036c8: $20 <= 00000000
                1778@000036cc: $20 <= 00001652
                1794@000036dc: $23 <= 00001400
                1806@000036ec: *00000094 <= 00001400
                1814@000036f0: $29 <= 00000098
                1826@000036fc: $ 5 <= ffff0000
                1830@00003700: $ 5 <= ffff91d1
                1834@00003704: $ 7 <= 00000000
                1838@00003708: $ 7 <= 000014a2
                1866@00003728: *00000098 <= 00000000
                1874@0000372c: $29 <= 0000009c
                1886@00003738: $ 6 <= 00000000
                1890@0000373c: $ 6 <= 00002195
                1894@00003740: $ 3 <= 00000000
                1898@00003744: $ 3 <= 00003204
                1914@00003754: $19 <= 00003395
                1926@00003764: *0000009c <= 00003395
                1934@00003768: $29 <= 000000a0
                1946@00003774: $21 <= 00000000
                1950@00003778: $21 <= 00003bcd
                1978@00003798: *000000a0 <= 000007ce
                1986@0000379c: $29 <= 000000a4
                1998@000037a8: $ 1 <= ffff0000
                2002@000037ac: $ 1 <= ffffdcaa
                2030@000037cc: *000000a4 <= 00000000
                2038@000037d0: $29 <= 000000a8
                2050@000037dc: $27 <= ffff0000
                2054@000037e0: $27 <= ffffe46b
                2070@000037f0: $ 1 <= 00006029
                2082@00003800: *000000a8 <= 00006029
                2090@00003804: $29 <= 000000ac
                2102@00003810: $16 <= ffff0000
                2106@00003814: $16 <= ffffa2ef
                2122@00003824: $27 <= 0000808d
                2134@00003834: *000000ac <= 0000808d
                2142@00003838: $29 <= 000000b0
                2154@00003844: $ 2 <= ffff0000
                2158@00003848: $ 2 <= ffff9c8e
                2186@00003868: *000000b0 <= 00000000
                2194@0000386c: $29 <= 000000b4
                2206@00003878: $11 <= 00000000
                2210@0000387c: $11 <= 00003226
                2226@0000388c: $ 1 <= 00007b35
                2238@0000389c: *000000b4 <= 00007b35
                2246@000038a0: $29 <= 000000b8
                2258@000038ac: $14 <= 00000000
                2262@000038b0: $14 <= 00002cb5
                2266@000038b4: $ 5 <= ffff0000
                2270@000038b8: $ 5 <= ffffafef
                2298@000038d8: *000000b8 <= 00000000
                2306@000038dc: $29 <= 000000bc
                2318@000038e8: $16 <= ffff0000
                2322@000038ec: $16 <= ffff92f5
                2350@0000390c: *000000bc <= 00000f93
                2358@00003910: $29 <= 000000c0
                2370@0000391c: $ 6 <= ffff0000
                2374@00003920: $ 6 <= ffff997e
                2402@00003940: *000000c0 <= 000007ce
                2410@00003944: $29 <= 000000c4
                2422@00003950: $ 9 <= ffff0000
                2426@00003954: $ 9 <= ffff9783
                2454@00003974: *000000c4 <= 00003204
                2462@00003978: $29 <= 000000c8
                2474@00003984: $21 <= 00000000
                2478@00003988: $21 <= 00000c7a
                2506@000039a8: *000000c8 <= 00000000
                2514@000039ac: $29 <= 000000cc
                2526@000039b8: $ 5 <= ffff0000
                2530@000039bc: $ 5 <= ffffe441
                2534@000039c0: $14 <= 00000000
                2538@000039c4: $14 <= 00001876
                2554@000039d4: $21 <= 00000000
                2566@000039e4: *000000cc <= 00000000
                2574@000039e8: $29 <= 000000d0
                2586@000039f4: $13 <= ffff0000
                2590@000039f8: $13 <= ffff97eb
                2594@000039fc: $ 7 <= 00000000
                2598@00003a00: $ 7 <= 00000adb
                2626@00003a20: *000000d0 <= 00000000
                2634@00003a24: $29 <= 000000d4
                2646@00003a30: $ 9 <= 00000000
                2650@00003a34: $ 9 <= 00001227
                2654@00003a38: $24 <= 00000000
                2658@00003a3c: $24 <= 00006e19
                2706@00003a90: $11 <= 00000000
                2710@00003a94: $11 <= 000010e0
                2714@00003a98: $11 <= ffff0000
                2718@00003a9c: $11 <= ffffaf57
                2750@00003ac0: *000000d4 <= ffffaf57
                2758@00003ac8: *000000d8 <= ffffaf57
                2758@00003ac4: $29 <= 000000d8
                2766@00003acc: $29 <= 000000dc
                2790@00003ae4: $30 <= 00000008
                2802@00003af0: $27 <= 00000000
                2806@00003af4: $27 <= 00005a2e
                2838@00003b18: *000000dc <= 00005a2e
                2846@00003b1c: $29 <= 000000e0
                2882@00003b40: $27 <= ffff0000
                2886@00003b44: $27 <= ffff992f
                2918@00003b68: *000000e0 <= ffff992f
                2926@00003b6c: $29 <= 000000e4
                2950@00003b84: $30 <= 00000008
                2998@00003bb8: *000000e4 <= 00000000
                3006@00003bbc: $29 <= 000000e8
                3030@00003bd4: $30 <= 00000008
                3042@00003be0: $20 <= 00000000
                3046@00003be4: $20 <= 00004b0d
                3094@00003c30: $20 <= ffff0000
                3098@00003c34: $20 <= ffff9907
                3130@00003c58: *000000e8 <= ffff9907
                3138@00003c5c: $29 <= 000000ec
                3162@00003c74: $30 <= 00000008
                3210@00003ca8: *000000ec <= 00000000
                3218@00003cac: $29 <= 000000f0
                3254@00003cd0: $23 <= 00000000
                3258@00003cd4: $23 <= 00006bda
                3290@00003cf8: *000000f0 <= 00006bda
                3298@00003cfc: $29 <= 000000f4
                3334@00003d20: $23 <= ffff0000
                3338@00003d24: $23 <= ffffeb69
                3370@00003d48: *000000f4 <= ffffeb69
                3378@00003d4c: $29 <= 000000f8
                3402@00003d64: $30 <= 00000008
                3450@00003d98: *000000f8 <= 00000000
                3458@00003d9c: $29 <= 000000fc
                3482@00003db4: $30 <= 00000008
                3494@00003dc0: $26 <= 00000000
                3498@00003dc4: $26 <= 00002c79
                3530@00003de8: *000000fc <= 00002c79
                3538@00003dec: $29 <= 00000100
                3562@00003e04: $30 <= 00000008
                3574@00003e10: $26 <= ffff0000
                3578@00003e14: $26 <= fffff4aa
                3610@00003e38: *00000100 <= fffff4aa
                3618@00003e3c: $29 <= 00000104
                3690@00003e88: *00000104 <= 00000000
                3698@00003e8c: $29 <= 00000108
                3722@00003ea4: $30 <= 00000008
                3742@00003eb8: $13 <= 00000000
                3746@00003ebc: $12 <= 00003ec4
                3774@00003ed8: $31 <= 00003ee0
                3782@00003eb8: $13 <= 00003ee0
                3786@00003ebc: $12 <= 00003ec4
                3814@00003ed8: $31 <= 00003ee0
                3822@00003eb8: $13 <= 00003ee0
                3826@00003ebc: $12 <= 00003ec4
                3854@00003ed8: $31 <= 00003ee0
                3862@00003eb8: $13 <= 00003ee0
                3866@00003ebc: $12 <= 00003ec4
                3894@00003ed8: $31 <= 00003ee0
                3902@00003eb8: $13 <= 00003ee0
                3906@00003ebc: $12 <= 00003ec4
                3934@00003ed8: $31 <= 00003ee0
                3942@00003eb8: $13 <= 00003ee0
                3946@00003ebc: $12 <= 00003ec4
                3974@00003ed8: $31 <= 00003ee0
                3982@00003eb8: $13 <= 00003ee0
                3986@00003ebc: $12 <= 00003ec4
                4014@00003ed8: $31 <= 00003ee0
                4022@00003eb8: $13 <= 00003ee0
                4026@00003ebc: $12 <= 00003ec4
                4054@00003ed8: $31 <= 00003ee0
                4062@00003eb8: $13 <= 00003ee0
                4066@00003ebc: $12 <= 00003ec4
                4094@00003ed8: $31 <= 00003ee0
                4102@00003eb8: $13 <= 00003ee0
                4106@00003ebc: $12 <= 00003ec4
                4134@00003ed8: $31 <= 00003ee0
                4142@00003eb8: $13 <= 00003ee0
                4146@00003ebc: $12 <= 00003ec4
                4174@00003ed8: $31 <= 00003ee0
                4182@00003eb8: $13 <= 00003ee0
                4186@00003ebc: $12 <= 00003ec4
                4214@00003ed8: $31 <= 00003ee0
                4222@00003eb8: $13 <= 00003ee0
                4226@00003ebc: $12 <= 00003ec4
                4254@00003ed8: $31 <= 00003ee0
                4262@00003eb8: $13 <= 00003ee0
                4266@00003ebc: $12 <= 00003ec4
                4294@00003ed8: $31 <= 00003ee0
                4302@00003eb8: $13 <= 00003ee0
                4306@00003ebc: $12 <= 00003ec4
                4334@00003ed8: $31 <= 00003ee0
                4342@00003eb8: $13 <= 00003ee0
                4346@00003ebc: $12 <= 00003ec4
                4374@00003ed8: $31 <= 00003ee0
                4382@00003eb8: $13 <= 00003ee0
                4386@00003ebc: $12 <= 00003ec4
                4414@00003ed8: $31 <= 00003ee0
                4422@00003eb8: $13 <= 00003ee0
                4426@00003ebc: $12 <= 00003ec4
                4454@00003ed8: $31 <= 00003ee0
                4462@00003eb8: $13 <= 00003ee0
                4466@00003ebc: $12 <= 00003ec4
                4494@00003ed8: $31 <= 00003ee0
                4502@00003eb8: $13 <= 00003ee0
                4506@00003ebc: $12 <= 00003ec4
                4534@00003ed8: $31 <= 00003ee0
                4542@00003eb8: $13 <= 00003ee0
                4546@00003ebc: $12 <= 00003ec4
                4574@00003ed8: $31 <= 00003ee0
                4582@00003eb8: $13 <= 00003ee0
                4586@00003ebc: $12 <= 00003ec4
                4614@00003ed8: $31 <= 00003ee0
                4622@00003eb8: $13 <= 00003ee0
                4626@00003ebc: $12 <= 00003ec4
                4654@00003ed8: $31 <= 00003ee0
                4662@00003eb8: $13 <= 00003ee0
                4666@00003ebc: $12 <= 00003ec4
                4694@00003ed8: $31 <= 00003ee0
                4702@00003eb8: $13 <= 00003ee0
                4706@00003ebc: $12 <= 00003ec4
                4734@00003ed8: $31 <= 00003ee0
                4742@00003eb8: $13 <= 00003ee0
                4746@00003ebc: $12 <= 00003ec4
                4774@00003ed8: $31 <= 00003ee0
                4782@00003eb8: $13 <= 00003ee0
                4786@00003ebc: $12 <= 00003ec4
                4814@00003ed8: $31 <= 00003ee0
                4822@00003eb8: $13 <= 00003ee0
                4826@00003ebc: $12 <= 00003ec4
                4854@00003ed8: $31 <= 00003ee0
                4862@00003eb8: $13 <= 00003ee0
                4866@00003ebc: $12 <= 00003ec4
                4894@00003ed8: $31 <= 00003ee0
                4902@00003eb8: $13 <= 00003ee0
                4906@00003ebc: $12 <= 00003ec4
                4934@00003ed8: $31 <= 00003ee0
                4942@00003eb8: $13 <= 00003ee0
                4946@00003ebc: $12 <= 00003ec4
                4974@00003ed8: $31 <= 00003ee0
                4982@00003eb8: $13 <= 00003ee0
                4986@00003ebc: $12 <= 00003ec4
                5014@00003ed8: $31 <= 00003ee0
                5022@00003eb8: $13 <= 00003ee0
                5026@00003ebc: $12 <= 00003ec4
                5054@00003ed8: $31 <= 00003ee0
                5062@00003eb8: $13 <= 00003ee0
                5066@00003ebc: $12 <= 00003ec4
                5094@00003ed8: $31 <= 00003ee0
                5102@00003eb8: $13 <= 00003ee0
                5106@00003ebc: $12 <= 00003ec4
                5134@00003ed8: $31 <= 00003ee0
                5142@00003eb8: $13 <= 00003ee0
                5146@00003ebc: $12 <= 00003ec4
                5174@00003ed8: $31 <= 00003ee0
                5182@00003eb8: $13 <= 00003ee0
                5186@00003ebc: $12 <= 00003ec4
                5214@00003ed8: $31 <= 00003ee0
                5222@00003eb8: $13 <= 00003ee0
                5226@00003ebc: $12 <= 00003ec4
                5254@00003ed8: $31 <= 00003ee0
                5262@00003eb8: $13 <= 00003ee0
                5266@00003ebc: $12 <= 00003ec4
                5294@00003ed8: $31 <= 00003ee0
                5302@00003eb8: $13 <= 00003ee0
                5306@00003ebc: $12 <= 00003ec4
                5334@00003ed8: $31 <= 00003ee0
                5342@00003eb8: $13 <= 00003ee0
                5346@00003ebc: $12 <= 00003ec4
                5374@00003ed8: $31 <= 00003ee0
                5382@00003eb8: $13 <= 00003ee0
                5386@00003ebc: $12 <= 00003ec4
                5414@00003ed8: $31 <= 00003ee0
                5422@00003eb8: $13 <= 00003ee0
                5426@00003ebc: $12 <= 00003ec4
                5454@00003ed8: $31 <= 00003ee0
                5462@00003eb8: $13 <= 00003ee0
                5466@00003ebc: $12 <= 00003ec4
                5494@00003ed8: $31 <= 00003ee0
                5502@00003eb8: $13 <= 00003ee0
                5506@00003ebc: $12 <= 00003ec4
                5534@00003ed8: $31 <= 00003ee0
                5542@00003eb8: $13 <= 00003ee0
                5546@00003ebc: $12 <= 00003ec4
                5574@00003ed8: $31 <= 00003ee0
                5582@00003eb8: $13 <= 00003ee0
                5586@00003ebc: $12 <= 00003ec4
                5614@00003ed8: $31 <= 00003ee0
                5622@00003eb8: $13 <= 00003ee0
                5626@00003ebc: $12 <= 00003ec4
                5654@00003ed8: $31 <= 00003ee0
                5662@00003eb8: $13 <= 00003ee0
                5666@00003ebc: $12 <= 00003ec4
                5694@00003ed8: $31 <= 00003ee0
                5702@00003eb8: $13 <= 00003ee0
                5706@00003ebc: $12 <= 00003ec4
                5734@00003ed8: $31 <= 00003ee0
                5742@00003eb8: $13 <= 00003ee0
                5746@00003ebc: $12 <= 00003ec4
                5774@00003ed8: $31 <= 00003ee0
                5782@00003eb8: $13 <= 00003ee0
                5786@00003ebc: $12 <= 00003ec4
                5814@00003ed8: $31 <= 00003ee0
                5822@00003eb8: $13 <= 00003ee0
                5826@00003ebc: $12 <= 00003ec4
                5854@00003ed8: $31 <= 00003ee0
                5862@00003eb8: $13 <= 00003ee0
                5866@00003ebc: $12 <= 00003ec4
                5894@00003ed8: $31 <= 00003ee0
                5902@00003eb8: $13 <= 00003ee0
                5906@00003ebc: $12 <= 00003ec4
                5934@00003ed8: $31 <= 00003ee0
                5942@00003eb8: $13 <= 00003ee0
                5946@00003ebc: $12 <= 00003ec4
                5974@00003ed8: $31 <= 00003ee0
                5982@00003eb8: $13 <= 00003ee0
                5986@00003ebc: $12 <= 00003ec4
                6014@00003ed8: $31 <= 00003ee0
                6022@00003eb8: $13 <= 00003ee0
                6026@00003ebc: $12 <= 00003ec4
                6054@00003ed8: $31 <= 00003ee0
                6062@00003eb8: $13 <= 00003ee0
                6066@00003ebc: $12 <= 00003ec4
                6094@00003ed8: $31 <= 00003ee0
                6102@00003eb8: $13 <= 00003ee0
                6106@00003ebc: $12 <= 00003ec4
                6134@00003ed8: $31 <= 00003ee0
                6142@00003eb8: $13 <= 00003ee0
                6146@00003ebc: $12 <= 00003ec4
                6174@00003ed8: $31 <= 00003ee0
                6182@00003eb8: $13 <= 00003ee0
                6186@00003ebc: $12 <= 00003ec4
                6214@00003ed8: $31 <= 00003ee0
                6222@00003eb8: $13 <= 00003ee0
                6226@00003ebc: $12 <= 00003ec4
                6254@00003ed8: $31 <= 00003ee0
                6262@00003eb8: $13 <= 00003ee0
                6266@00003ebc: $12 <= 00003ec4
                6294@00003ed8: $31 <= 00003ee0
                6302@00003eb8: $13 <= 00003ee0
                6306@00003ebc: $12 <= 00003ec4
                6334@00003ed8: $31 <= 00003ee0
                6342@00003eb8: $13 <= 00003ee0
                6346@00003ebc: $12 <= 00003ec4
                6374@00003ed8: $31 <= 00003ee0
                6382@00003eb8: $13 <= 00003ee0
                6386@00003ebc: $12 <= 00003ec4
                6414@00003ed8: $31 <= 00003ee0
                6422@00003eb8: $13 <= 00003ee0
                6426@00003ebc: $12 <= 00003ec4
                6454@00003ed8: $31 <= 00003ee0
                6462@00003eb8: $13 <= 00003ee0
                6466@00003ebc: $12 <= 00003ec4
                6494@00003ed8: $31 <= 00003ee0
                6502@00003eb8: $13 <= 00003ee0
                6506@00003ebc: $12 <= 00003ec4
                6534@00003ed8: $31 <= 00003ee0
                6542@00003eb8: $13 <= 00003ee0
                6546@00003ebc: $12 <= 00003ec4
                6574@00003ed8: $31 <= 00003ee0
                6582@00003eb8: $13 <= 00003ee0
                6586@00003ebc: $12 <= 00003ec4
                6614@00003ed8: $31 <= 00003ee0
                6622@00003eb8: $13 <= 00003ee0
                6626@00003ebc: $12 <= 00003ec4
                6654@00003ed8: $31 <= 00003ee0
                6662@00003eb8: $13 <= 00003ee0
                6666@00003ebc: $12 <= 00003ec4
                6694@00003ed8: $31 <= 00003ee0
                6702@00003eb8: $13 <= 00003ee0
                6706@00003ebc: $12 <= 00003ec4
                6734@00003ed8: $31 <= 00003ee0
                6742@00003eb8: $13 <= 00003ee0
                6746@00003ebc: $12 <= 00003ec4
                6774@00003ed8: $31 <= 00003ee0
                6782@00003eb8: $13 <= 00003ee0
                6786@00003ebc: $12 <= 00003ec4
                6814@00003ed8: $31 <= 00003ee0
                6822@00003eb8: $13 <= 00003ee0
                6826@00003ebc: $12 <= 00003ec4
                6854@00003ed8: $31 <= 00003ee0
                6862@00003eb8: $13 <= 00003ee0
                6866@00003ebc: $12 <= 00003ec4
                6894@00003ed8: $31 <= 00003ee0
                6902@00003eb8: $13 <= 00003ee0
                6906@00003ebc: $12 <= 00003ec4
                6934@00003ed8: $31 <= 00003ee0
                6942@00003eb8: $13 <= 00003ee0
                6946@00003ebc: $12 <= 00003ec4
                6974@00003ed8: $31 <= 00003ee0
                6982@00003eb8: $13 <= 00003ee0
                6986@00003ebc: $12 <= 00003ec4
                7014@00003ed8: $31 <= 00003ee0
                7022@00003eb8: $13 <= 00003ee0
                7026@00003ebc: $12 <= 00003ec4
                7054@00003ed8: $31 <= 00003ee0
                7062@00003eb8: $13 <= 00003ee0
                7066@00003ebc: $12 <= 00003ec4
                7094@00003ed8: $31 <= 00003ee0
                7102@00003eb8: $13 <= 00003ee0
                7106@00003ebc: $12 <= 00003ec4
                7134@00003ed8: $31 <= 00003ee0
                7142@00003eb8: $13 <= 00003ee0
                7146@00003ebc: $12 <= 00003ec4
                7174@00003ed8: $31 <= 00003ee0
                7182@00003eb8: $13 <= 00003ee0
                7186@00003ebc: $12 <= 00003ec4
                7214@00003ed8: $31 <= 00003ee0
                7222@00003eb8: $13 <= 00003ee0
                7226@00003ebc: $12 <= 00003ec4
                7254@00003ed8: $31 <= 00003ee0
                7262@00003eb8: $13 <= 00003ee0
                7266@00003ebc: $12 <= 00003ec4
                7294@00003ed8: $31 <= 00003ee0
                7302@00003eb8: $13 <= 00003ee0
                7306@00003ebc: $12 <= 00003ec4
                7334@00003ed8: $31 <= 00003ee0
                7342@00003eb8: $13 <= 00003ee0
                7346@00003ebc: $12 <= 00003ec4
                7374@00003ed8: $31 <= 00003ee0
                7382@00003eb8: $13 <= 00003ee0
                7386@00003ebc: $12 <= 00003ec4
                7414@00003ed8: $31 <= 00003ee0
                7422@00003eb8: $13 <= 00003ee0
                7426@00003ebc: $12 <= 00003ec4
                7454@00003ed8: $31 <= 00003ee0
                7462@00003eb8: $13 <= 00003ee0
                7466@00003ebc: $12 <= 00003ec4
                7494@00003ed8: $31 <= 00003ee0
                7502@00003eb8: $13 <= 00003ee0
                7506@00003ebc: $12 <= 00003ec4
                7534@00003ed8: $31 <= 00003ee0
                7542@00003eb8: $13 <= 00003ee0
                7546@00003ebc: $12 <= 00003ec4
                7574@00003ed8: $31 <= 00003ee0
                7582@00003eb8: $13 <= 00003ee0
                7586@00003ebc: $12 <= 00003ec4
                7614@00003ed8: $31 <= 00003ee0
                7622@00003eb8: $13 <= 00003ee0
                7626@00003ebc: $12 <= 00003ec4
                7654@00003ed8: $31 <= 00003ee0
                7662@00003eb8: $13 <= 00003ee0
                7666@00003ebc: $12 <= 00003ec4
                7694@00003ed8: $31 <= 00003ee0
                7702@00003eb8: $13 <= 00003ee0
                7706@00003ebc: $12 <= 00003ec4
                7734@00003ed8: $31 <= 00003ee0
                7742@00003eb8: $13 <= 00003ee0
                7746@00003ebc: $12 <= 00003ec4
                7774@00003ed8: $31 <= 00003ee0
                7782@00003eb8: $13 <= 00003ee0
                7786@00003ebc: $12 <= 00003ec4
                7814@00003ed8: $31 <= 00003ee0
                7822@00003eb8: $13 <= 00003ee0
                7826@00003ebc: $12 <= 00003ec4
                7854@00003ed8: $31 <= 00003ee0
                7862@00003eb8: $13 <= 00003ee0
                7866@00003ebc: $12 <= 00003ec4
                7894@00003ed8: $31 <= 00003ee0
                7902@00003eb8: $13 <= 00003ee0
                7906@00003ebc: $12 <= 00003ec4
                7934@00003ed8: $31 <= 00003ee0
                7942@00003eb8: $13 <= 00003ee0
                7946@00003ebc: $12 <= 00003ec4
                7974@00003ed8: $31 <= 00003ee0
                7982@00003eb8: $13 <= 00003ee0
                7986@00003ebc: $12 <= 00003ec4
                8014@00003ed8: $31 <= 00003ee0
                8022@00003eb8: $13 <= 00003ee0
                8026@00003ebc: $12 <= 00003ec4
                8054@00003ed8: $31 <= 00003ee0
                8062@00003eb8: $13 <= 00003ee0
                8066@00003ebc: $12 <= 00003ec4
                8094@00003ed8: $31 <= 00003ee0
                8102@00003eb8: $13 <= 00003ee0
                8106@00003ebc: $12 <= 00003ec4
                8134@00003ed8: $31 <= 00003ee0
                8142@00003eb8: $13 <= 00003ee0
                8146@00003ebc: $12 <= 00003ec4
                8174@00003ed8: $31 <= 00003ee0
                8182@00003eb8: $13 <= 00003ee0
                8186@00003ebc: $12 <= 00003ec4
                8214@00003ed8: $31 <= 00003ee0
                8222@00003eb8: $13 <= 00003ee0
                8226@00003ebc: $12 <= 00003ec4
                8254@00003ed8: $31 <= 00003ee0
                8262@00003eb8: $13 <= 00003ee0
                8266@00003ebc: $12 <= 00003ec4
                8294@00003ed8: $31 <= 00003ee0
                8302@00003eb8: $13 <= 00003ee0
                8306@00003ebc: $12 <= 00003ec4
                8334@00003ed8: $31 <= 00003ee0
                8342@00003eb8: $13 <= 00003ee0
                8346@00003ebc: $12 <= 00003ec4
                8374@00003ed8: $31 <= 00003ee0
                8382@00003eb8: $13 <= 00003ee0
                8386@00003ebc: $12 <= 00003ec4
                8414@00003ed8: $31 <= 00003ee0
                8422@00003eb8: $13 <= 00003ee0
                8426@00003ebc: $12 <= 00003ec4
                8454@00003ed8: $31 <= 00003ee0
                8462@00003eb8: $13 <= 00003ee0
                8466@00003ebc: $12 <= 00003ec4
                8494@00003ed8: $31 <= 00003ee0
                8502@00003eb8: $13 <= 00003ee0
                8506@00003ebc: $12 <= 00003ec4
                8534@00003ed8: $31 <= 00003ee0
                8542@00003eb8: $13 <= 00003ee0
                8546@00003ebc: $12 <= 00003ec4
                8574@00003ed8: $31 <= 00003ee0
                8582@00003eb8: $13 <= 00003ee0
                8586@00003ebc: $12 <= 00003ec4
                8614@00003ed8: $31 <= 00003ee0
                8622@00003eb8: $13 <= 00003ee0
                8626@00003ebc: $12 <= 00003ec4
                8654@00003ed8: $31 <= 00003ee0
                8662@00003eb8: $13 <= 00003ee0
                8666@00003ebc: $12 <= 00003ec4
                8694@00003ed8: $31 <= 00003ee0
                8702@00003eb8: $13 <= 00003ee0
                8706@00003ebc: $12 <= 00003ec4
                8734@00003ed8: $31 <= 00003ee0
                8742@00003eb8: $13 <= 00003ee0
                8746@00003ebc: $12 <= 00003ec4
                8774@00003ed8: $31 <= 00003ee0
                8782@00003eb8: $13 <= 00003ee0
                8786@00003ebc: $12 <= 00003ec4
                8814@00003ed8: $31 <= 00003ee0
                8822@00003eb8: $13 <= 00003ee0
                8826@00003ebc: $12 <= 00003ec4
                8854@00003ed8: $31 <= 00003ee0
                8862@00003eb8: $13 <= 00003ee0
                8866@00003ebc: $12 <= 00003ec4
                8894@00003ed8: $31 <= 00003ee0
                8902@00003eb8: $13 <= 00003ee0
                8906@00003ebc: $12 <= 00003ec4
                8934@00003ed8: $31 <= 00003ee0
                8942@00003eb8: $13 <= 00003ee0
                8946@00003ebc: $12 <= 00003ec4
                8974@00003ed8: $31 <= 00003ee0
                8982@00003eb8: $13 <= 00003ee0
                8986@00003ebc: $12 <= 00003ec4
                9014@00003ed8: $31 <= 00003ee0
                9022@00003eb8: $13 <= 00003ee0
                9026@00003ebc: $12 <= 00003ec4
                9054@00003ed8: $31 <= 00003ee0
                9062@00003eb8: $13 <= 00003ee0
                9066@00003ebc: $12 <= 00003ec4
                9094@00003ed8: $31 <= 00003ee0
                9102@00003eb8: $13 <= 00003ee0
                9106@00003ebc: $12 <= 00003ec4
                9134@00003ed8: $31 <= 00003ee0
                9142@00003eb8: $13 <= 00003ee0
                9146@00003ebc: $12 <= 00003ec4
                9174@00003ed8: $31 <= 00003ee0
                9182@00003eb8: $13 <= 00003ee0
                9186@00003ebc: $12 <= 00003ec4
                9214@00003ed8: $31 <= 00003ee0
                9222@00003eb8: $13 <= 00003ee0
                9226@00003ebc: $12 <= 00003ec4
                9254@00003ed8: $31 <= 00003ee0
                9262@00003eb8: $13 <= 00003ee0
                9266@00003ebc: $12 <= 00003ec4
                9294@00003ed8: $31 <= 00003ee0
                9302@00003eb8: $13 <= 00003ee0
                9306@00003ebc: $12 <= 00003ec4
                9334@00003ed8: $31 <= 00003ee0
                9342@00003eb8: $13 <= 00003ee0
                9346@00003ebc: $12 <= 00003ec4
                9374@00003ed8: $31 <= 00003ee0
                9382@00003eb8: $13 <= 00003ee0
                9386@00003ebc: $12 <= 00003ec4
                9414@00003ed8: $31 <= 00003ee0
                9422@00003eb8: $13 <= 00003ee0
                9426@00003ebc: $12 <= 00003ec4
                9454@00003ed8: $31 <= 00003ee0
                9462@00003eb8: $13 <= 00003ee0
                9466@00003ebc: $12 <= 00003ec4
                9494@00003ed8: $31 <= 00003ee0
                9502@00003eb8: $13 <= 00003ee0
                9506@00003ebc: $12 <= 00003ec4
                9534@00003ed8: $31 <= 00003ee0
                9542@00003eb8: $13 <= 00003ee0
                9546@00003ebc: $12 <= 00003ec4
                9574@00003ed8: $31 <= 00003ee0
                9582@00003eb8: $13 <= 00003ee0
                9586@00003ebc: $12 <= 00003ec4
                9614@00003ed8: $31 <= 00003ee0
                9622@00003eb8: $13 <= 00003ee0
                9626@00003ebc: $12 <= 00003ec4
                9654@00003ed8: $31 <= 00003ee0
                9662@00003eb8: $13 <= 00003ee0
                9666@00003ebc: $12 <= 00003ec4
                9694@00003ed8: $31 <= 00003ee0
                9702@00003eb8: $13 <= 00003ee0
                9706@00003ebc: $12 <= 00003ec4
                9734@00003ed8: $31 <= 00003ee0
                9742@00003eb8: $13 <= 00003ee0
                9746@00003ebc: $12 <= 00003ec4
                9774@00003ed8: $31 <= 00003ee0
                9782@00003eb8: $13 <= 00003ee0
                9786@00003ebc: $12 <= 00003ec4
                9814@00003ed8: $31 <= 00003ee0
                9822@00003eb8: $13 <= 00003ee0
                9826@00003ebc: $12 <= 00003ec4
                9854@00003ed8: $31 <= 00003ee0
                9862@00003eb8: $13 <= 00003ee0
                9866@00003ebc: $12 <= 00003ec4
                9894@00003ed8: $31 <= 00003ee0
                9902@00003eb8: $13 <= 00003ee0
                9906@00003ebc: $12 <= 00003ec4
                9934@00003ed8: $31 <= 00003ee0
                9942@00003eb8: $13 <= 00003ee0
                9946@00003ebc: $12 <= 00003ec4
                9974@00003ed8: $31 <= 00003ee0
                9982@00003eb8: $13 <= 00003ee0
                9986@00003ebc: $12 <= 00003ec4
               10014@00003ed8: $31 <= 00003ee0
               10022@00003eb8: $13 <= 00003ee0
               10026@00003ebc: $12 <= 00003ec4
               10054@00003ed8: $31 <= 00003ee0
               10062@00003eb8: $13 <= 00003ee0
               10066@00003ebc: $12 <= 00003ec4
               10094@00003ed8: $31 <= 00003ee0
               10102@00003eb8: $13 <= 00003ee0
               10106@00003ebc: $12 <= 00003ec4
               10134@00003ed8: $31 <= 00003ee0
               10142@00003eb8: $13 <= 00003ee0
               10146@00003ebc: $12 <= 00003ec4
               10174@00003ed8: $31 <= 00003ee0
               10182@00003eb8: $13 <= 00003ee0
               10186@00003ebc: $12 <= 00003ec4
               10214@00003ed8: $31 <= 00003ee0
               10222@00003eb8: $13 <= 00003ee0
               10226@00003ebc: $12 <= 00003ec4
               10254@00003ed8: $31 <= 00003ee0
               10262@00003eb8: $13 <= 00003ee0
               10266@00003ebc: $12 <= 00003ec4
               10294@00003ed8: $31 <= 00003ee0
               10302@00003eb8: $13 <= 00003ee0
               10306@00003ebc: $12 <= 00003ec4
               10334@00003ed8: $31 <= 00003ee0
               10342@00003eb8: $13 <= 00003ee0
               10346@00003ebc: $12 <= 00003ec4
               10374@00003ed8: $31 <= 00003ee0
               10382@00003eb8: $13 <= 00003ee0
               10386@00003ebc: $12 <= 00003ec4
               10414@00003ed8: $31 <= 00003ee0
               10422@00003eb8: $13 <= 00003ee0
               10426@00003ebc: $12 <= 00003ec4
               10454@00003ed8: $31 <= 00003ee0
               10462@00003eb8: $13 <= 00003ee0
               10466@00003ebc: $12 <= 00003ec4
               10494@00003ed8: $31 <= 00003ee0
               10502@00003eb8: $13 <= 00003ee0
               10506@00003ebc: $12 <= 00003ec4
               10534@00003ed8: $31 <= 00003ee0
               10542@00003eb8: $13 <= 00003ee0
               10546@00003ebc: $12 <= 00003ec4
               10574@00003ed8: $31 <= 00003ee0
               10582@00003eb8: $13 <= 00003ee0
               10586@00003ebc: $12 <= 00003ec4
               10614@00003ed8: $31 <= 00003ee0
               10622@00003eb8: $13 <= 00003ee0
               10626@00003ebc: $12 <= 00003ec4
               10654@00003ed8: $31 <= 00003ee0
               10662@00003eb8: $13 <= 00003ee0
               10666@00003ebc: $12 <= 00003ec4
               10694@00003ed8: $31 <= 00003ee0
               10702@00003eb8: $13 <= 00003ee0
               10706@00003ebc: $12 <= 00003ec4
               10734@00003ed8: $31 <= 00003ee0
               10742@00003eb8: $13 <= 00003ee0
               10746@00003ebc: $12 <= 00003ec4
               10774@00003ed8: $31 <= 00003ee0
               10782@00003eb8: $13 <= 00003ee0
               10786@00003ebc: $12 <= 00003ec4
               10814@00003ed8: $31 <= 00003ee0
               10822@00003eb8: $13 <= 00003ee0
               10826@00003ebc: $12 <= 00003ec4
               10854@00003ed8: $31 <= 00003ee0
               10862@00003eb8: $13 <= 00003ee0
               10866@00003ebc: $12 <= 00003ec4
               10894@00003ed8: $31 <= 00003ee0
               10902@00003eb8: $13 <= 00003ee0
               10906@00003ebc: $12 <= 00003ec4
               10934@00003ed8: $31 <= 00003ee0
               10942@00003eb8: $13 <= 00003ee0
               10946@00003ebc: $12 <= 00003ec4
               10974@00003ed8: $31 <= 00003ee0
               10982@00003eb8: $13 <= 00003ee0
               10986@00003ebc: $12 <= 00003ec4
