Command line:
   code_tb_isim_beh.exe
     -simmode  gui
     -simrunnum  0
     -socket  54797

Wed Oct 26 23:34:50 2022


 Elaboration Time: 0.0625 sec

 Current Memory Usage: 841.31 Meg

 Total Signals          : 21
 Total Nets             : 145
 Total Signal Drivers   : 11
 Total Blocks           : 3
 Total Primitive Blocks : 2
 Total Processes        : 16
 Total Traceable Variables  : 28
 Total Scalar Nets and Variables : 489
Total Line Count : 41

 Total Simulation Time: 0.109375 sec

 Current Memory Usage: 1156.41 Meg

Wed Oct 26 23:35:38 2022

