Release 14.7 - xst P.20131013 (nt)
Copyright (c) 1995-2013 Xilinx, Inc.  All rights reserved.
--> Parameter TMPDIR set to xst/projnav.tmp


Total REAL time to Xst completion: 1.00 secs
Total CPU time to Xst completion: 0.10 secs
 
--> Parameter xsthdpdir set to xst


Total REAL time to Xst completion: 1.00 secs
Total CPU time to Xst completion: 0.10 secs
 
--> Reading design: mips.prj

TABLE OF CONTENTS
  1) Synthesis Options Summary
  2) HDL Parsing
  3) HDL Elaboration
  4) HDL Synthesis
       4.1) HDL Synthesis Report
  5) Advanced HDL Synthesis
       5.1) Advanced HDL Synthesis Report
  6) Low Level Synthesis
  7) Partition Report
  8) Design Summary
       8.1) Primitive and Black Box Usage
       8.2) Device utilization summary
       8.3) Partition Resource Summary
       8.4) Timing Report
            8.4.1) Clock Information
            8.4.2) Asynchronous Control Signals Information
            8.4.3) Timing Summary
            8.4.4) Timing Details
            8.4.5) Cross Clock Domains Report


=========================================================================
*                      Synthesis Options Summary                        *
=========================================================================
---- Source Parameters
Input File Name                    : "mips.prj"
Ignore Synthesis Constraint File   : NO

---- Target Parameters
Output File Name                   : "mips"
Output Format                      : NGC
Target Device                      : xc6slx100-2-fgg676

---- Source Options
Top Module Name                    : mips
Automatic FSM Extraction           : YES
FSM Encoding Algorithm             : Auto
Safe Implementation                : No
FSM Style                          : LUT
RAM Extraction                     : Yes
RAM Style                          : Auto
ROM Extraction                     : Yes
Shift Register Extraction          : YES
ROM Style                          : Auto
Resource Sharing                   : YES
Asynchronous To Synchronous        : NO
Shift Register Minimum Size        : 2
Use DSP Block                      : Auto
Automatic Register Balancing       : No

---- Target Options
LUT Combining                      : Auto
Reduce Control Sets                : Auto
Add IO Buffers                     : YES
Global Maximum Fanout              : 100000
Add Generic Clock Buffer(BUFG)     : 16
Register Duplication               : YES
Optimize Instantiated Primitives   : NO
Use Clock Enable                   : Auto
Use Synchronous Set                : Auto
Use Synchronous Reset              : Auto
Pack IO Registers into IOBs        : Auto
Equivalent register Removal        : YES

---- General Options
Optimization Goal                  : Speed
Optimization Effort                : 1
Power Reduction                    : NO
Keep Hierarchy                     : No
Netlist Hierarchy                  : As_Optimized
RTL Output                         : Yes
Global Optimization                : AllClockNets
Read Cores                         : YES
Write Timing Constraints           : NO
Cross Clock Analysis               : NO
Hierarchy Separator                : /
Bus Delimiter                      : <>
Case Specifier                     : Maintain
Slice Utilization Ratio            : 100
BRAM Utilization Ratio             : 100
DSP48 Utilization Ratio            : 100
Auto BRAM Packing                  : NO
Slice Utilization Ratio Delta      : 5

=========================================================================


=========================================================================
*                          HDL Parsing                                  *
=========================================================================
Analyzing Verilog file "D:\Programing\ComputerOrganization\P5\P5V6\W_REG.v" into library work
Parsing module <W_REG>.
Analyzing Verilog file "D:\Programing\ComputerOrganization\P5\P5V6\NPC.v" into library work
Parsing module <NPC>.
Analyzing Verilog file "D:\Programing\ComputerOrganization\P5\P5V6\M_REG.v" into library work
Parsing module <M_REG>.
Analyzing Verilog file "D:\Programing\ComputerOrganization\P5\P5V6\IFU.v" into library work
Parsing module <IFU>.
Analyzing Verilog file "D:\Programing\ComputerOrganization\P5\P5V6\GRF.v" into library work
Parsing module <GRF>.
Analyzing Verilog file "D:\Programing\ComputerOrganization\P5\P5V6\E_REG.v" into library work
Parsing module <E_REG>.
Analyzing Verilog file "D:\Programing\ComputerOrganization\P5\P5V6\EXT.v" into library work
Parsing module <EXT>.
Analyzing Verilog file "D:\Programing\ComputerOrganization\P5\P5V6\D_REG.v" into library work
Parsing module <D_REG>.
Analyzing Verilog file "D:\Programing\ComputerOrganization\P5\P5V6\DM.v" into library work
Parsing module <DM>.
Analyzing Verilog file "D:\Programing\ComputerOrganization\P5\P5V6\Controller.v" into library work
Parsing module <Controller>.
Analyzing Verilog file "D:\Programing\ComputerOrganization\P5\P5V6\CMP.v" into library work
Parsing module <CMP>.
Analyzing Verilog file "D:\Programing\ComputerOrganization\P5\P5V6\ALU.v" into library work
Parsing module <ALU>.
Analyzing Verilog file "D:\Programing\ComputerOrganization\P5\P5V6\mips.v" into library work
Parsing module <mips>.

=========================================================================
*                            HDL Elaboration                            *
=========================================================================
WARNING:HDLCompiler:1016 - "D:\Programing\ComputerOrganization\P5\P5V6\mips.v" Line 150: Port shamt is not connected to this instance
WARNING:HDLCompiler:1016 - "D:\Programing\ComputerOrganization\P5\P5V6\mips.v" Line 240: Port Imm16 is not connected to this instance
WARNING:HDLCompiler:1016 - "D:\Programing\ComputerOrganization\P5\P5V6\mips.v" Line 284: Port shamt is not connected to this instance
WARNING:HDLCompiler:1016 - "D:\Programing\ComputerOrganization\P5\P5V6\mips.v" Line 298: Port MemRead is not connected to this instance
WARNING:HDLCompiler:1016 - "D:\Programing\ComputerOrganization\P5\P5V6\mips.v" Line 328: Port shamt is not connected to this instance

Elaborating module <mips>.

Elaborating module <IFU>.
Reading initialization file \"code.txt\".
WARNING:HDLCompiler:1670 - "D:\Programing\ComputerOrganization\P5\P5V6\IFU.v" Line 20: Signal <ROM> in initial block is partially initialized.

Elaborating module <D_REG>.

Elaborating module <Controller>.
WARNING:HDLCompiler:1127 - "D:\Programing\ComputerOrganization\P5\P5V6\mips.v" Line 155: Assignment to D_rd ignored, since the identifier is never used
WARNING:HDLCompiler:1127 - "D:\Programing\ComputerOrganization\P5\P5V6\mips.v" Line 158: Assignment to D_MemWrite ignored, since the identifier is never used
WARNING:HDLCompiler:1127 - "D:\Programing\ComputerOrganization\P5\P5V6\mips.v" Line 160: Assignment to D_RegAddr ignored, since the identifier is never used

Elaborating module <CMP>.
WARNING:HDLCompiler:1127 - "D:\Programing\ComputerOrganization\P5\P5V6\mips.v" Line 179: Assignment to LessZero ignored, since the identifier is never used

Elaborating module <NPC>.

Elaborating module <GRF>.
"D:\Programing\ComputerOrganization\P5\P5V6\GRF.v" Line 34. $display  32'b................................ 5'b..... 32'b................................

Elaborating module <EXT>.

Elaborating module <E_REG>.
WARNING:HDLCompiler:1127 - "D:\Programing\ComputerOrganization\P5\P5V6\mips.v" Line 245: Assignment to E_rd ignored, since the identifier is never used

Elaborating module <ALU>.

Elaborating module <M_REG>.
WARNING:HDLCompiler:1127 - "D:\Programing\ComputerOrganization\P5\P5V6\mips.v" Line 287: Assignment to M_rs ignored, since the identifier is never used
WARNING:HDLCompiler:1127 - "D:\Programing\ComputerOrganization\P5\P5V6\mips.v" Line 289: Assignment to M_rd ignored, since the identifier is never used

Elaborating module <DM>.
"D:\Programing\ComputerOrganization\P5\P5V6\DM.v" Line 38. $display  32'b................................ 32'b................................ 32'b................................

Elaborating module <W_REG>.
WARNING:HDLCompiler:1127 - "D:\Programing\ComputerOrganization\P5\P5V6\mips.v" Line 324: Assignment to W_ReadByteData ignored, since the identifier is never used
WARNING:HDLCompiler:1127 - "D:\Programing\ComputerOrganization\P5\P5V6\mips.v" Line 331: Assignment to W_rs ignored, since the identifier is never used
WARNING:HDLCompiler:1127 - "D:\Programing\ComputerOrganization\P5\P5V6\mips.v" Line 332: Assignment to W_rt ignored, since the identifier is never used
WARNING:HDLCompiler:1127 - "D:\Programing\ComputerOrganization\P5\P5V6\mips.v" Line 333: Assignment to W_rd ignored, since the identifier is never used
WARNING:HDLCompiler:552 - "D:\Programing\ComputerOrganization\P5\P5V6\mips.v" Line 298: Input port MemRead is not connected on this instance
WARNING:Xst:2972 - "D:\Programing\ComputerOrganization\P5\P5V6\mips.v" line 127. All outputs of instance <MyIFU> of block <IFU> are unconnected in block <mips>. Underlying logic will be removed.
WARNING:Xst:2972 - "D:\Programing\ComputerOrganization\P5\P5V6\mips.v" line 138. All outputs of instance <MyD_REG> of block <D_REG> are unconnected in block <mips>. Underlying logic will be removed.
WARNING:Xst:2972 - "D:\Programing\ComputerOrganization\P5\P5V6\mips.v" line 150. All outputs of instance <ControllerD> of block <Controller> are unconnected in block <mips>. Underlying logic will be removed.
WARNING:Xst:2972 - "D:\Programing\ComputerOrganization\P5\P5V6\mips.v" line 174. All outputs of instance <MyCMP> of block <CMP> are unconnected in block <mips>. Underlying logic will be removed.
WARNING:Xst:2972 - "D:\Programing\ComputerOrganization\P5\P5V6\mips.v" line 183. All outputs of instance <MyNPC> of block <NPC> are unconnected in block <mips>. Underlying logic will be removed.
WARNING:Xst:2972 - "D:\Programing\ComputerOrganization\P5\P5V6\mips.v" line 199. All outputs of instance <MyGRF> of block <GRF> are unconnected in block <mips>. Underlying logic will be removed.
WARNING:Xst:2972 - "D:\Programing\ComputerOrganization\P5\P5V6\mips.v" line 214. All outputs of instance <MyEXT> of block <EXT> are unconnected in block <mips>. Underlying logic will be removed.
WARNING:Xst:2972 - "D:\Programing\ComputerOrganization\P5\P5V6\mips.v" line 222. All outputs of instance <MyE_REG> of block <E_REG> are unconnected in block <mips>. Underlying logic will be removed.
WARNING:Xst:2972 - "D:\Programing\ComputerOrganization\P5\P5V6\mips.v" line 240. All outputs of instance <ControllerE> of block <Controller> are unconnected in block <mips>. Underlying logic will be removed.
WARNING:Xst:2972 - "D:\Programing\ComputerOrganization\P5\P5V6\mips.v" line 259. All outputs of instance <MyALU> of block <ALU> are unconnected in block <mips>. Underlying logic will be removed.
WARNING:Xst:2972 - "D:\Programing\ComputerOrganization\P5\P5V6\mips.v" line 268. All outputs of instance <MyM_REG> of block <M_REG> are unconnected in block <mips>. Underlying logic will be removed.
WARNING:Xst:2972 - "D:\Programing\ComputerOrganization\P5\P5V6\mips.v" line 284. All outputs of instance <ControllerM> of block <Controller> are unconnected in block <mips>. Underlying logic will be removed.
WARNING:Xst:2972 - "D:\Programing\ComputerOrganization\P5\P5V6\mips.v" line 298. All outputs of instance <MyDM> of block <DM> are unconnected in block <mips>. Underlying logic will be removed.
WARNING:Xst:2972 - "D:\Programing\ComputerOrganization\P5\P5V6\mips.v" line 310. All outputs of instance <MyW_REG> of block <W_REG> are unconnected in block <mips>. Underlying logic will be removed.
WARNING:Xst:2972 - "D:\Programing\ComputerOrganization\P5\P5V6\mips.v" line 328. All outputs of instance <ControllerW> of block <Controller> are unconnected in block <mips>. Underlying logic will be removed.

=========================================================================
*                           HDL Synthesis                               *
=========================================================================

Synthesizing Unit <mips>.
    Related source file is "D:\Programing\ComputerOrganization\P5\P5V6\mips.v".
WARNING:Xst:2898 - Port 'MemRead', unconnected in block instance 'MyDM', is tied to GND.
INFO:Xst:3210 - "D:\Programing\ComputerOrganization\P5\P5V6\mips.v" line 150: Output port <rd> of the instance <ControllerD> is unconnected or connected to loadless signal.
INFO:Xst:3210 - "D:\Programing\ComputerOrganization\P5\P5V6\mips.v" line 150: Output port <shamt> of the instance <ControllerD> is unconnected or connected to loadless signal.
INFO:Xst:3210 - "D:\Programing\ComputerOrganization\P5\P5V6\mips.v" line 150: Output port <ALUControl> of the instance <ControllerD> is unconnected or connected to loadless signal.
INFO:Xst:3210 - "D:\Programing\ComputerOrganization\P5\P5V6\mips.v" line 150: Output port <Mem2Reg> of the instance <ControllerD> is unconnected or connected to loadless signal.
INFO:Xst:3210 - "D:\Programing\ComputerOrganization\P5\P5V6\mips.v" line 150: Output port <RegAddr> of the instance <ControllerD> is unconnected or connected to loadless signal.
INFO:Xst:3210 - "D:\Programing\ComputerOrganization\P5\P5V6\mips.v" line 150: Output port <NPCControl> of the instance <ControllerD> is unconnected or connected to loadless signal.
INFO:Xst:3210 - "D:\Programing\ComputerOrganization\P5\P5V6\mips.v" line 150: Output port <MemWrite> of the instance <ControllerD> is unconnected or connected to loadless signal.
INFO:Xst:3210 - "D:\Programing\ComputerOrganization\P5\P5V6\mips.v" line 150: Output port <RegWrite> of the instance <ControllerD> is unconnected or connected to loadless signal.
INFO:Xst:3210 - "D:\Programing\ComputerOrganization\P5\P5V6\mips.v" line 150: Output port <ALUSrc> of the instance <ControllerD> is unconnected or connected to loadless signal.
INFO:Xst:3210 - "D:\Programing\ComputerOrganization\P5\P5V6\mips.v" line 150: Output port <lui> of the instance <ControllerD> is unconnected or connected to loadless signal.
INFO:Xst:3210 - "D:\Programing\ComputerOrganization\P5\P5V6\mips.v" line 174: Output port <LessZero> of the instance <MyCMP> is unconnected or connected to loadless signal.
INFO:Xst:3210 - "D:\Programing\ComputerOrganization\P5\P5V6\mips.v" line 240: Output port <rd> of the instance <ControllerE> is unconnected or connected to loadless signal.
INFO:Xst:3210 - "D:\Programing\ComputerOrganization\P5\P5V6\mips.v" line 240: Output port <Imm16> of the instance <ControllerE> is unconnected or connected to loadless signal.
INFO:Xst:3210 - "D:\Programing\ComputerOrganization\P5\P5V6\mips.v" line 240: Output port <Imm26> of the instance <ControllerE> is unconnected or connected to loadless signal.
INFO:Xst:3210 - "D:\Programing\ComputerOrganization\P5\P5V6\mips.v" line 240: Output port <EXTControl> of the instance <ControllerE> is unconnected or connected to loadless signal.
INFO:Xst:3210 - "D:\Programing\ComputerOrganization\P5\P5V6\mips.v" line 240: Output port <NPCControl> of the instance <ControllerE> is unconnected or connected to loadless signal.
INFO:Xst:3210 - "D:\Programing\ComputerOrganization\P5\P5V6\mips.v" line 240: Output port <MemWrite> of the instance <ControllerE> is unconnected or connected to loadless signal.
INFO:Xst:3210 - "D:\Programing\ComputerOrganization\P5\P5V6\mips.v" line 240: Output port <beq> of the instance <ControllerE> is unconnected or connected to loadless signal.
INFO:Xst:3210 - "D:\Programing\ComputerOrganization\P5\P5V6\mips.v" line 240: Output port <bgtz> of the instance <ControllerE> is unconnected or connected to loadless signal.
INFO:Xst:3210 - "D:\Programing\ComputerOrganization\P5\P5V6\mips.v" line 240: Output port <jal> of the instance <ControllerE> is unconnected or connected to loadless signal.
INFO:Xst:3210 - "D:\Programing\ComputerOrganization\P5\P5V6\mips.v" line 240: Output port <jr> of the instance <ControllerE> is unconnected or connected to loadless signal.
INFO:Xst:3210 - "D:\Programing\ComputerOrganization\P5\P5V6\mips.v" line 240: Output port <store> of the instance <ControllerE> is unconnected or connected to loadless signal.
INFO:Xst:3210 - "D:\Programing\ComputerOrganization\P5\P5V6\mips.v" line 284: Output port <rs> of the instance <ControllerM> is unconnected or connected to loadless signal.
INFO:Xst:3210 - "D:\Programing\ComputerOrganization\P5\P5V6\mips.v" line 284: Output port <rd> of the instance <ControllerM> is unconnected or connected to loadless signal.
INFO:Xst:3210 - "D:\Programing\ComputerOrganization\P5\P5V6\mips.v" line 284: Output port <shamt> of the instance <ControllerM> is unconnected or connected to loadless signal.
INFO:Xst:3210 - "D:\Programing\ComputerOrganization\P5\P5V6\mips.v" line 284: Output port <Imm16> of the instance <ControllerM> is unconnected or connected to loadless signal.
INFO:Xst:3210 - "D:\Programing\ComputerOrganization\P5\P5V6\mips.v" line 284: Output port <Imm26> of the instance <ControllerM> is unconnected or connected to loadless signal.
INFO:Xst:3210 - "D:\Programing\ComputerOrganization\P5\P5V6\mips.v" line 284: Output port <ALUControl> of the instance <ControllerM> is unconnected or connected to loadless signal.
INFO:Xst:3210 - "D:\Programing\ComputerOrganization\P5\P5V6\mips.v" line 284: Output port <EXTControl> of the instance <ControllerM> is unconnected or connected to loadless signal.
INFO:Xst:3210 - "D:\Programing\ComputerOrganization\P5\P5V6\mips.v" line 284: Output port <NPCControl> of the instance <ControllerM> is unconnected or connected to loadless signal.
INFO:Xst:3210 - "D:\Programing\ComputerOrganization\P5\P5V6\mips.v" line 284: Output port <ALUSrc> of the instance <ControllerM> is unconnected or connected to loadless signal.
INFO:Xst:3210 - "D:\Programing\ComputerOrganization\P5\P5V6\mips.v" line 284: Output port <calc_r> of the instance <ControllerM> is unconnected or connected to loadless signal.
INFO:Xst:3210 - "D:\Programing\ComputerOrganization\P5\P5V6\mips.v" line 284: Output port <calc_i> of the instance <ControllerM> is unconnected or connected to loadless signal.
INFO:Xst:3210 - "D:\Programing\ComputerOrganization\P5\P5V6\mips.v" line 284: Output port <beq> of the instance <ControllerM> is unconnected or connected to loadless signal.
INFO:Xst:3210 - "D:\Programing\ComputerOrganization\P5\P5V6\mips.v" line 284: Output port <bgtz> of the instance <ControllerM> is unconnected or connected to loadless signal.
INFO:Xst:3210 - "D:\Programing\ComputerOrganization\P5\P5V6\mips.v" line 284: Output port <jal> of the instance <ControllerM> is unconnected or connected to loadless signal.
INFO:Xst:3210 - "D:\Programing\ComputerOrganization\P5\P5V6\mips.v" line 284: Output port <jr> of the instance <ControllerM> is unconnected or connected to loadless signal.
INFO:Xst:3210 - "D:\Programing\ComputerOrganization\P5\P5V6\mips.v" line 284: Output port <store> of the instance <ControllerM> is unconnected or connected to loadless signal.
INFO:Xst:3210 - "D:\Programing\ComputerOrganization\P5\P5V6\mips.v" line 284: Output port <lui> of the instance <ControllerM> is unconnected or connected to loadless signal.
INFO:Xst:3210 - "D:\Programing\ComputerOrganization\P5\P5V6\mips.v" line 310: Output port <W_ReadByteData> of the instance <MyW_REG> is unconnected or connected to loadless signal.
INFO:Xst:3210 - "D:\Programing\ComputerOrganization\P5\P5V6\mips.v" line 328: Output port <rs> of the instance <ControllerW> is unconnected or connected to loadless signal.
INFO:Xst:3210 - "D:\Programing\ComputerOrganization\P5\P5V6\mips.v" line 328: Output port <rt> of the instance <ControllerW> is unconnected or connected to loadless signal.
INFO:Xst:3210 - "D:\Programing\ComputerOrganization\P5\P5V6\mips.v" line 328: Output port <rd> of the instance <ControllerW> is unconnected or connected to loadless signal.
INFO:Xst:3210 - "D:\Programing\ComputerOrganization\P5\P5V6\mips.v" line 328: Output port <shamt> of the instance <ControllerW> is unconnected or connected to loadless signal.
INFO:Xst:3210 - "D:\Programing\ComputerOrganization\P5\P5V6\mips.v" line 328: Output port <Imm16> of the instance <ControllerW> is unconnected or connected to loadless signal.
INFO:Xst:3210 - "D:\Programing\ComputerOrganization\P5\P5V6\mips.v" line 328: Output port <Imm26> of the instance <ControllerW> is unconnected or connected to loadless signal.
INFO:Xst:3210 - "D:\Programing\ComputerOrganization\P5\P5V6\mips.v" line 328: Output port <ALUControl> of the instance <ControllerW> is unconnected or connected to loadless signal.
INFO:Xst:3210 - "D:\Programing\ComputerOrganization\P5\P5V6\mips.v" line 328: Output port <EXTControl> of the instance <ControllerW> is unconnected or connected to loadless signal.
INFO:Xst:3210 - "D:\Programing\ComputerOrganization\P5\P5V6\mips.v" line 328: Output port <NPCControl> of the instance <ControllerW> is unconnected or connected to loadless signal.
INFO:Xst:3210 - "D:\Programing\ComputerOrganization\P5\P5V6\mips.v" line 328: Output port <MemWrite> of the instance <ControllerW> is unconnected or connected to loadless signal.
INFO:Xst:3210 - "D:\Programing\ComputerOrganization\P5\P5V6\mips.v" line 328: Output port <ALUSrc> of the instance <ControllerW> is unconnected or connected to loadless signal.
INFO:Xst:3210 - "D:\Programing\ComputerOrganization\P5\P5V6\mips.v" line 328: Output port <calc_r> of the instance <ControllerW> is unconnected or connected to loadless signal.
INFO:Xst:3210 - "D:\Programing\ComputerOrganization\P5\P5V6\mips.v" line 328: Output port <calc_i> of the instance <ControllerW> is unconnected or connected to loadless signal.
INFO:Xst:3210 - "D:\Programing\ComputerOrganization\P5\P5V6\mips.v" line 328: Output port <beq> of the instance <ControllerW> is unconnected or connected to loadless signal.
INFO:Xst:3210 - "D:\Programing\ComputerOrganization\P5\P5V6\mips.v" line 328: Output port <bgtz> of the instance <ControllerW> is unconnected or connected to loadless signal.
INFO:Xst:3210 - "D:\Programing\ComputerOrganization\P5\P5V6\mips.v" line 328: Output port <jal> of the instance <ControllerW> is unconnected or connected to loadless signal.
INFO:Xst:3210 - "D:\Programing\ComputerOrganization\P5\P5V6\mips.v" line 328: Output port <jr> of the instance <ControllerW> is unconnected or connected to loadless signal.
INFO:Xst:3210 - "D:\Programing\ComputerOrganization\P5\P5V6\mips.v" line 328: Output port <load> of the instance <ControllerW> is unconnected or connected to loadless signal.
INFO:Xst:3210 - "D:\Programing\ComputerOrganization\P5\P5V6\mips.v" line 328: Output port <store> of the instance <ControllerW> is unconnected or connected to loadless signal.
INFO:Xst:3210 - "D:\Programing\ComputerOrganization\P5\P5V6\mips.v" line 328: Output port <lui> of the instance <ControllerW> is unconnected or connected to loadless signal.
    Summary:
	no macro.
Unit <mips> synthesized.

=========================================================================
HDL Synthesis Report

Found no macro
=========================================================================

=========================================================================
*                       Advanced HDL Synthesis                          *
=========================================================================


=========================================================================
Advanced HDL Synthesis Report

Found no macro
=========================================================================

=========================================================================
*                         Low Level Synthesis                           *
=========================================================================

Optimizing unit <mips> ...

Mapping all equations...
Building and optimizing final netlist ...
Found area constraint ratio of 100 (+ 5) on block mips, actual ratio is 0.

Final Macro Processing ...

=========================================================================
Final Register Report

Found no macro
=========================================================================

=========================================================================
*                           Partition Report                            *
=========================================================================

Partition Implementation Status
-------------------------------

  No Partitions were found in this design.

-------------------------------

=========================================================================
*                            Design Summary                             *
=========================================================================

Top Level Output File Name         : mips.ngc

Primitive and Black Box Usage:
------------------------------

Device utilization summary:
---------------------------

Selected Device : 6slx100fgg676-2 


Slice Logic Utilization: 

Slice Logic Distribution: 
 Number of LUT Flip Flop pairs used:      0
   Number with an unused Flip Flop:       0  out of      0         
   Number with an unused LUT:             0  out of      0         
   Number of fully used LUT-FF pairs:     0  out of      0         
   Number of unique control sets:         0

IO Utilization: 
 Number of IOs:                           2
 Number of bonded IOBs:                   0  out of    480     0%  

Specific Feature Utilization:

---------------------------
Partition Resource Summary:
---------------------------

  No Partitions were found in this design.

---------------------------


=========================================================================
Timing Report

NOTE: THESE TIMING NUMBERS ARE ONLY A SYNTHESIS ESTIMATE.
      FOR ACCURATE TIMING INFORMATION PLEASE REFER TO THE TRACE REPORT
      GENERATED AFTER PLACE-and-ROUTE.

Clock Information:
------------------
No clock signals found in this design

Asynchronous Control Signals Information:
----------------------------------------
No asynchronous control signals found in this design

Timing Summary:
---------------
Speed Grade: -2

   Minimum period: No path found
   Minimum input arrival time before clock: No path found
   Maximum output required time after clock: No path found
   Maximum combinational path delay: No path found

Timing Details:
---------------
All values displayed in nanoseconds (ns)

=========================================================================

Cross Clock Domains Report:
--------------------------

=========================================================================


Total REAL time to Xst completion: 19.00 secs
Total CPU time to Xst completion: 18.43 secs
 
--> 

Total memory usage is 668872 kilobytes

Number of errors   :    0 (   0 filtered)
Number of warnings :   34 (   0 filtered)
Number of infos    :   60 (   0 filtered)

