Command line:
   mips_tb_isim_beh.exe
     -simmode  gui
     -simrunnum  0
     -socket  61346

Mon Dec 12 19:53:37 2022


 Elaboration Time: 0.046875 sec

 Current Memory Usage: 844.378 Meg

 Total Signals          : 482
 Total Nets             : 2341
 Total Signal Drivers   : 321
 Total Blocks           : 22
 Total Primitive Blocks : 19
 Total Processes        : 338
 Total Traceable Variables  : 45
 Total Scalar Nets and Variables : 233527
Total Line Count : 418

 Total Simulation Time: 0.0625 sec

 Current Memory Usage: 372.781 Meg

Mon Dec 12 20:34:11 2022

