#! c:/iverilog-x86/bin/vvp
:ivl_version "10.0 (stable)" "(v10_0)";
:ivl_delay_selection "TYPICAL";
:vpi_time_precision - 12;
:vpi_module "system";
:vpi_module "vhdl_sys";
:vpi_module "v2005_math";
:vpi_module "va_math";
S_02bd3d38 .scope module, "MUX_2_32" "MUX_2_32" 2 2;
 .timescale -9 -12;
    .port_info 0 /INPUT 32 "in0"
    .port_info 1 /INPUT 32 "in1"
    .port_info 2 /INPUT 1 "sel"
    .port_info 3 /OUTPUT 32 "out"
L_010bdd98 .functor BUFZ 32, v010b38b0_0, C4<00000000000000000000000000000000>, C4<00000000000000000000000000000000>, C4<00000000000000000000000000000000>;
o02bd3fec .functor BUFZ 32, C4<zzzzzzzzzzzzzzzzzzzzzzzzzzzzzzzz>; HiZ drive
v010b5598_0 .net "in0", 31 0, o02bd3fec;  0 drivers
o02bd4004 .functor BUFZ 32, C4<zzzzzzzzzzzzzzzzzzzzzzzzzzzzzzzz>; HiZ drive
v010b3800_0 .net "in1", 31 0, o02bd4004;  0 drivers
v010b3858_0 .net "out", 31 0, L_010bdd98;  1 drivers
v010b38b0_0 .var "outreg", 31 0;
o02bd404c .functor BUFZ 1, C4<z>; HiZ drive
v010b3908_0 .net "sel", 0 0, o02bd404c;  0 drivers
E_02bd34a0 .event edge, v010b3908_0, v010b5598_0, v010b3800_0;
S_02bd3e08 .scope module, "MUX_4_5" "MUX_4_5" 2 21;
 .timescale -9 -12;
    .port_info 0 /INPUT 5 "in0"
    .port_info 1 /INPUT 5 "in1"
    .port_info 2 /INPUT 5 "in2"
    .port_info 3 /INPUT 5 "in3"
    .port_info 4 /INPUT 2 "sel"
    .port_info 5 /OUTPUT 5 "out"
L_010be218 .functor BUFZ 5, v02bf91d0_0, C4<00000>, C4<00000>, C4<00000>;
o02bd40c4 .functor BUFZ 5, C4<zzzzz>; HiZ drive
v010b3960_0 .net "in0", 4 0, o02bd40c4;  0 drivers
o02bd40dc .functor BUFZ 5, C4<zzzzz>; HiZ drive
v02bd15e0_0 .net "in1", 4 0, o02bd40dc;  0 drivers
o02bd40f4 .functor BUFZ 5, C4<zzzzz>; HiZ drive
v02bd1638_0 .net "in2", 4 0, o02bd40f4;  0 drivers
o02bd410c .functor BUFZ 5, C4<zzzzz>; HiZ drive
v02bf92d8_0 .net "in3", 4 0, o02bd410c;  0 drivers
v02bf9178_0 .net "out", 4 0, L_010be218;  1 drivers
v02bf91d0_0 .var "outreg", 4 0;
o02bd4154 .functor BUFZ 2, C4<zz>; HiZ drive
v02bf8ca8_0 .net "sel", 1 0, o02bd4154;  0 drivers
E_02bd36f8/0 .event edge, v02bf8ca8_0, v010b3960_0, v02bd15e0_0, v02bd1638_0;
E_02bd36f8/1 .event edge, v02bf92d8_0;
E_02bd36f8 .event/or E_02bd36f8/0, E_02bd36f8/1;
S_010b5448 .scope module, "MUX_8_32" "MUX_8_32" 2 44;
 .timescale -9 -12;
    .port_info 0 /INPUT 32 "in0"
    .port_info 1 /INPUT 32 "in1"
    .port_info 2 /INPUT 32 "in2"
    .port_info 3 /INPUT 32 "in3"
    .port_info 4 /INPUT 32 "in4"
    .port_info 5 /INPUT 32 "in5"
    .port_info 6 /INPUT 32 "in6"
    .port_info 7 /INPUT 32 "in7"
    .port_info 8 /INPUT 3 "sel"
    .port_info 9 /OUTPUT 32 "out"
L_010be068 .functor BUFZ 32, v02bf8d58_0, C4<00000000000000000000000000000000>, C4<00000000000000000000000000000000>, C4<00000000000000000000000000000000>;
o02bd41fc .functor BUFZ 32, C4<zzzzzzzzzzzzzzzzzzzzzzzzzzzzzzzz>; HiZ drive
v02bf8d00_0 .net "in0", 31 0, o02bd41fc;  0 drivers
o02bd4214 .functor BUFZ 32, C4<zzzzzzzzzzzzzzzzzzzzzzzzzzzzzzzz>; HiZ drive
v02bf8f10_0 .net "in1", 31 0, o02bd4214;  0 drivers
o02bd422c .functor BUFZ 32, C4<zzzzzzzzzzzzzzzzzzzzzzzzzzzzzzzz>; HiZ drive
v02bf8db0_0 .net "in2", 31 0, o02bd422c;  0 drivers
o02bd4244 .functor BUFZ 32, C4<zzzzzzzzzzzzzzzzzzzzzzzzzzzzzzzz>; HiZ drive
v02bf8f68_0 .net "in3", 31 0, o02bd4244;  0 drivers
o02bd425c .functor BUFZ 32, C4<zzzzzzzzzzzzzzzzzzzzzzzzzzzzzzzz>; HiZ drive
v02bf8e08_0 .net "in4", 31 0, o02bd425c;  0 drivers
o02bd4274 .functor BUFZ 32, C4<zzzzzzzzzzzzzzzzzzzzzzzzzzzzzzzz>; HiZ drive
v02bf9388_0 .net "in5", 31 0, o02bd4274;  0 drivers
o02bd428c .functor BUFZ 32, C4<zzzzzzzzzzzzzzzzzzzzzzzzzzzzzzzz>; HiZ drive
v02bf8eb8_0 .net "in6", 31 0, o02bd428c;  0 drivers
o02bd42a4 .functor BUFZ 32, C4<zzzzzzzzzzzzzzzzzzzzzzzzzzzzzzzz>; HiZ drive
v02bf9228_0 .net "in7", 31 0, o02bd42a4;  0 drivers
v02bf8fc0_0 .net "out", 31 0, L_010be068;  1 drivers
v02bf8d58_0 .var "outreg", 31 0;
o02bd42ec .functor BUFZ 3, C4<zzz>; HiZ drive
v02bf9280_0 .net "sel", 2 0, o02bd42ec;  0 drivers
E_02bd3590/0 .event edge, v02bf9280_0, v02bf8d00_0, v02bf8f10_0, v02bf8db0_0;
E_02bd3590/1 .event edge, v02bf8f68_0, v02bf8e08_0, v02bf9388_0, v02bf8eb8_0;
E_02bd3590/2 .event edge, v02bf9228_0;
E_02bd3590 .event/or E_02bd3590/0, E_02bd3590/1, E_02bd3590/2;
    .scope S_02bd3d38;
T_0 ;
    %wait E_02bd34a0;
    %load/vec4 v010b3908_0;
    %dup/vec4;
    %pushi/vec4 0, 0, 1;
    %cmp/u;
    %jmp/1 T_0.0, 6;
    %dup/vec4;
    %pushi/vec4 1, 0, 1;
    %cmp/u;
    %jmp/1 T_0.1, 6;
    %pushi/vec4 0, 0, 32;
    %store/vec4 v010b38b0_0, 0, 32;
    %jmp T_0.3;
T_0.0 ;
    %load/vec4 v010b5598_0;
    %store/vec4 v010b38b0_0, 0, 32;
    %jmp T_0.3;
T_0.1 ;
    %load/vec4 v010b3800_0;
    %store/vec4 v010b38b0_0, 0, 32;
    %jmp T_0.3;
T_0.3 ;
    %pop/vec4 1;
    %jmp T_0;
    .thread T_0, $push;
    .scope S_02bd3e08;
T_1 ;
    %wait E_02bd36f8;
    %load/vec4 v02bf8ca8_0;
    %dup/vec4;
    %pushi/vec4 0, 0, 2;
    %cmp/u;
    %jmp/1 T_1.0, 6;
    %dup/vec4;
    %pushi/vec4 1, 0, 2;
    %cmp/u;
    %jmp/1 T_1.1, 6;
    %dup/vec4;
    %pushi/vec4 2, 0, 2;
    %cmp/u;
    %jmp/1 T_1.2, 6;
    %dup/vec4;
    %pushi/vec4 3, 0, 2;
    %cmp/u;
    %jmp/1 T_1.3, 6;
    %pushi/vec4 0, 0, 5;
    %store/vec4 v02bf91d0_0, 0, 5;
    %jmp T_1.5;
T_1.0 ;
    %load/vec4 v010b3960_0;
    %store/vec4 v02bf91d0_0, 0, 5;
    %jmp T_1.5;
T_1.1 ;
    %load/vec4 v02bd15e0_0;
    %store/vec4 v02bf91d0_0, 0, 5;
    %jmp T_1.5;
T_1.2 ;
    %load/vec4 v02bd1638_0;
    %store/vec4 v02bf91d0_0, 0, 5;
    %jmp T_1.5;
T_1.3 ;
    %load/vec4 v02bf92d8_0;
    %store/vec4 v02bf91d0_0, 0, 5;
    %jmp T_1.5;
T_1.5 ;
    %pop/vec4 1;
    %jmp T_1;
    .thread T_1, $push;
    .scope S_010b5448;
T_2 ;
    %wait E_02bd3590;
    %load/vec4 v02bf9280_0;
    %dup/vec4;
    %pushi/vec4 0, 0, 3;
    %cmp/u;
    %jmp/1 T_2.0, 6;
    %dup/vec4;
    %pushi/vec4 1, 0, 3;
    %cmp/u;
    %jmp/1 T_2.1, 6;
    %dup/vec4;
    %pushi/vec4 2, 0, 3;
    %cmp/u;
    %jmp/1 T_2.2, 6;
    %dup/vec4;
    %pushi/vec4 3, 0, 3;
    %cmp/u;
    %jmp/1 T_2.3, 6;
    %dup/vec4;
    %pushi/vec4 4, 0, 3;
    %cmp/u;
    %jmp/1 T_2.4, 6;
    %dup/vec4;
    %pushi/vec4 5, 0, 3;
    %cmp/u;
    %jmp/1 T_2.5, 6;
    %dup/vec4;
    %pushi/vec4 6, 0, 3;
    %cmp/u;
    %jmp/1 T_2.6, 6;
    %dup/vec4;
    %pushi/vec4 7, 0, 3;
    %cmp/u;
    %jmp/1 T_2.7, 6;
    %pushi/vec4 0, 0, 32;
    %store/vec4 v02bf8d58_0, 0, 32;
    %jmp T_2.9;
T_2.0 ;
    %load/vec4 v02bf8d00_0;
    %store/vec4 v02bf8d58_0, 0, 32;
    %jmp T_2.9;
T_2.1 ;
    %load/vec4 v02bf8f10_0;
    %store/vec4 v02bf8d58_0, 0, 32;
    %jmp T_2.9;
T_2.2 ;
    %load/vec4 v02bf8db0_0;
    %store/vec4 v02bf8d58_0, 0, 32;
    %jmp T_2.9;
T_2.3 ;
    %load/vec4 v02bf8f68_0;
    %store/vec4 v02bf8d58_0, 0, 32;
    %jmp T_2.9;
T_2.4 ;
    %load/vec4 v02bf8e08_0;
    %store/vec4 v02bf8d58_0, 0, 32;
    %jmp T_2.9;
T_2.5 ;
    %load/vec4 v02bf9388_0;
    %store/vec4 v02bf8d58_0, 0, 32;
    %jmp T_2.9;
T_2.6 ;
    %load/vec4 v02bf8eb8_0;
    %store/vec4 v02bf8d58_0, 0, 32;
    %jmp T_2.9;
T_2.7 ;
    %load/vec4 v02bf9228_0;
    %store/vec4 v02bf8d58_0, 0, 32;
    %jmp T_2.9;
T_2.9 ;
    %pop/vec4 1;
    %jmp T_2;
    .thread T_2, $push;
# The file index is used to find the file name in the following table.
:file_names 3;
    "N/A";
    "<interactive>";
    "MUX.v";
